Log file open, 03/07/18 20:58:26
LogWindows: Failed to load 'aqProf.dll' (GetLastError=126)
LogWindows: File 'aqProf.dll' does not exist
LogWindows: Failed to load 'VSPerf140.dll' (GetLastError=126)
LogWindows: File 'VSPerf140.dll' does not exist
LogWindows: Failed to load 'VtuneApi.dll' (GetLastError=126)
LogWindows: File 'VtuneApi.dll' does not exist
LogWindows: Failed to load 'VtuneApi32e.dll' (GetLastError=126)
LogWindows: File 'VtuneApi32e.dll' does not exist
LogInit: Display: Running engine for game: FMP
LogPlatformFile: Not using cached read wrapper
LogInit: Display: RandInit(-1319246770) SRandInit(-1319246769).
LogInit: Read version file with build ID '3709383'
LogInit: Overriding engine version to CL 3832480, compatible CL 3709383
LogInit: Registered custom module enumerator with build ID '3709383'
LogTaskGraph: Started task graph with 5 named threads and 8 total threads with 3 sets of task threads.
LogStats: Stats thread started at 0.605651
LogD3D11RHI: Aftermath initialized
LogModuleManager: Display: Found up-to-date module file ../../../Engine/Plugins/2D/Paper2D/Binaries/Win64/UE4Editor-Paper2D.dll (API version 3709383).
LogModuleManager: Display: Found up-to-date module file ../../../Engine/Plugins/2D/Paper2D/Binaries/Win64/UE4Editor-Paper2DEditor.dll (API version 3709383).
LogModuleManager: Display: Found up-to-date module file ../../../Engine/Plugins/2D/Paper2D/Binaries/Win64/UE4Editor-PaperSpriteSheetImporter.dll (API version 3709383).
LogModuleManager: Display: Found up-to-date module file ../../../Engine/Plugins/2D/Paper2D/Binaries/Win64/UE4Editor-PaperTiledImporter.dll (API version 3709383).
LogModuleManager: Display: Found up-to-date module file ../../../Engine/Plugins/2D/Paper2D/Binaries/Win64/UE4Editor-SmartSnapping.dll (API version 3709383).
LogModuleManager: Display: Found up-to-date module file ../../../Engine/Plugins/Blendables/LightPropagationVolume/Binaries/Win64/UE4Editor-LightPropagationVolumeRuntime.dll (API version 3709383).
LogModuleManager: Display: Found up-to-date module file ../../../Engine/Plugins/Blendables/LightPropagationVolume/Binaries/Win64/UE4Editor-LightPropagationVolumeEditor.dll (API version 3709383).
LogModuleManager: Display: Found up-to-date module file ../../../Engine/Plugins/Developer/GitSourceControl/Binaries/Win64/UE4Editor-GitSourceControl.dll (API version 3709383).
LogModuleManager: Display: Found up-to-date module file ../../../Engine/Plugins/Developer/PerforceSourceControl/Binaries/Win64/UE4Editor-PerforceSourceControl.dll (API version 3709383).
LogModuleManager: Display: Found up-to-date module file ../../../Engine/Plugins/Developer/SubversionSourceControl/Binaries/Win64/UE4Editor-SubversionSourceControl.dll (API version 3709383).
LogModuleManager: Display: Found up-to-date module file ../../../Engine/Plugins/Developer/UObjectPlugin/Binaries/Win64/UE4Editor-UObjectPlugin.dll (API version 3709383).
LogModuleManager: Display: Found up-to-date module file ../../../Engine/Plugins/Developer/VisualStudioCodeSourceCodeAccess/Binaries/Win64/UE4Editor-VisualStudioCodeSourceCodeAccess.dll (API version 3709383).
LogModuleManager: Display: Found up-to-date module file ../../../Engine/Plugins/Developer/VisualStudioSourceCodeAccess/Binaries/Win64/UE4Editor-VisualStudioSourceCodeAccess.dll (API version 3709383).
LogModuleManager: Display: Found up-to-date module file ../../../Engine/Plugins/Editor/AssetManagerEditor/Binaries/Win64/UE4Editor-AssetManagerEditor.dll (API version 3709383).
LogModuleManager: Display: Found up-to-date module file ../../../Engine/Plugins/Editor/AudioCapture/Binaries/Win64/UE4Editor-AudioCapture.dll (API version 3709383).
LogModuleManager: Display: Found up-to-date module file ../../../Engine/Plugins/Editor/FacialAnimation/Binaries/Win64/UE4Editor-FacialAnimation.dll (API version 3709383).
LogModuleManager: Display: Found up-to-date module file ../../../Engine/Plugins/Editor/FacialAnimation/Binaries/Win64/UE4Editor-FacialAnimationEditor.dll (API version 3709383).
LogModuleManager: Display: Found up-to-date module file ../../../Engine/Plugins/Editor/GameplayTagsEditor/Binaries/Win64/UE4Editor-GameplayTagsEditor.dll (API version 3709383).
LogModuleManager: Display: Found up-to-date module file ../../../Engine/Plugins/Editor/MobileLauncherProfileWizard/Binaries/Win64/UE4Editor-MobileLauncherProfileWizard.dll (API version 3709383).
LogModuleManager: Display: Found up-to-date module file ../../../Engine/Plugins/Editor/PluginBrowser/Binaries/Win64/UE4Editor-PluginBrowser.dll (API version 3709383).
LogModuleManager: Display: Found up-to-date module file ../../../Engine/Plugins/Editor/SpeedTreeImporter/Binaries/Win64/UE4Editor-SpeedTreeImporter.dll (API version 3709383).
LogModuleManager: Display: Found up-to-date module file ../../../Engine/Plugins/Experimental/AlembicImporter/Binaries/Win64/UE4Editor-AlembicImporter.dll (API version 3709383).
LogModuleManager: Display: Found up-to-date module file ../../../Engine/Plugins/Experimental/AlembicImporter/Binaries/Win64/UE4Editor-AlembicLibrary.dll (API version 3709383).
LogModuleManager: Display: Found up-to-date module file ../../../Engine/Plugins/Experimental/CharacterAI/Binaries/Win64/UE4Editor-CharacterAI.dll (API version 3709383).
LogModuleManager: Display: Found up-to-date module file ../../../Engine/Plugins/Experimental/HTML5Networking/Binaries/Win64/UE4Editor-HTML5Networking.dll (API version 3709383).
LogModuleManager: Display: Found up-to-date module file ../../../Engine/Plugins/Media/AndroidMedia/Binaries/Win64/UE4Editor-AndroidMediaEditor.dll (API version 3709383).
LogModuleManager: Display: Found up-to-date module file ../../../Engine/Plugins/Media/AndroidMedia/Binaries/Win64/UE4Editor-AndroidMediaFactory.dll (API version 3709383).
LogModuleManager: Display: Found up-to-date module file ../../../Engine/Plugins/Media/AvfMedia/Binaries/Win64/UE4Editor-AvfMediaEditor.dll (API version 3709383).
LogModuleManager: Display: Found up-to-date module file ../../../Engine/Plugins/Media/AvfMedia/Binaries/Win64/UE4Editor-AvfMediaFactory.dll (API version 3709383).
LogModuleManager: Display: Found up-to-date module file ../../../Engine/Plugins/Media/AvfMedia/Binaries/Win64/UE4Editor-AvfMediaFactory.dll (API version 3709383).
LogModuleManager: Display: Found up-to-date module file ../../../Engine/Plugins/Media/ImgMedia/Binaries/Win64/UE4Editor-ImgMedia.dll (API version 3709383).
LogModuleManager: Display: Found up-to-date module file ../../../Engine/Plugins/Media/ImgMedia/Binaries/Win64/UE4Editor-ImgMediaEditor.dll (API version 3709383).
LogModuleManager: Display: Found up-to-date module file ../../../Engine/Plugins/Media/ImgMedia/Binaries/Win64/UE4Editor-ImgMediaFactory.dll (API version 3709383).
LogModuleManager: Display: Found up-to-date module file ../../../Engine/Plugins/Media/ImgMedia/Binaries/Win64/UE4Editor-ImgMediaFactory.dll (API version 3709383).
LogModuleManager: Display: Found up-to-date module file ../../../Engine/Plugins/Media/ImgMedia/Binaries/Win64/UE4Editor-OpenExrWrapper.dll (API version 3709383).
LogModuleManager: Display: Found up-to-date module file ../../../Engine/Plugins/Media/MediaCompositing/Binaries/Win64/UE4Editor-MediaCompositing.dll (API version 3709383).
LogModuleManager: Display: Found up-to-date module file ../../../Engine/Plugins/Media/MediaCompositing/Binaries/Win64/UE4Editor-MediaCompositingEditor.dll (API version 3709383).
LogModuleManager: Display: Found up-to-date module file ../../../Engine/Plugins/Media/MediaPlayerEditor/Binaries/Win64/UE4Editor-MediaPlayerEditor.dll (API version 3709383).
LogModuleManager: Display: Found up-to-date module file ../../../Engine/Plugins/Media/WmfMedia/Binaries/Win64/UE4Editor-WmfMedia.dll (API version 3709383).
LogModuleManager: Display: Found up-to-date module file ../../../Engine/Plugins/Media/WmfMedia/Binaries/Win64/UE4Editor-WmfMediaEditor.dll (API version 3709383).
LogModuleManager: Display: Found up-to-date module file ../../../Engine/Plugins/Media/WmfMedia/Binaries/Win64/UE4Editor-WmfMediaFactory.dll (API version 3709383).
LogModuleManager: Display: Found up-to-date module file ../../../Engine/Plugins/Media/WmfMedia/Binaries/Win64/UE4Editor-WmfMediaFactory.dll (API version 3709383).
LogModuleManager: Display: Found up-to-date module file ../../../Engine/Plugins/Messaging/TcpMessaging/Binaries/Win64/UE4Editor-TcpMessaging.dll (API version 3709383).
LogModuleManager: Display: Found up-to-date module file ../../../Engine/Plugins/Messaging/UdpMessaging/Binaries/Win64/UE4Editor-UdpMessaging.dll (API version 3709383).
LogModuleManager: Display: Found up-to-date module file ../../../Engine/Plugins/MovieScene/ActorSequence/Binaries/Win64/UE4Editor-ActorSequence.dll (API version 3709383).
LogModuleManager: Display: Found up-to-date module file ../../../Engine/Plugins/MovieScene/LevelSequenceEditor/Binaries/Win64/UE4Editor-LevelSequenceEditor.dll (API version 3709383).
LogModuleManager: Display: Found up-to-date module file ../../../Engine/Plugins/MovieScene/MatineeToLevelSequence/Binaries/Win64/UE4Editor-MatineeToLevelSequence.dll (API version 3709383).
LogModuleManager: Display: Found up-to-date module file ../../../Engine/Plugins/Online/OnlineSubsystem/Binaries/Win64/UE4Editor-OnlineSubsystem.dll (API version 3709383).
LogModuleManager: Display: Found up-to-date module file ../../../Engine/Plugins/Runtime/AndroidPermission/Binaries/Win64/UE4Editor-AndroidPermission.dll (API version 3709383).
LogModuleManager: Display: Found up-to-date module file ../../../Engine/Plugins/Online/OnlineSubsystemNull/Binaries/Win64/UE4Editor-OnlineSubsystemNull.dll (API version 3709383).
LogModuleManager: Display: Found up-to-date module file ../../../Engine/Plugins/Online/OnlineSubsystemUtils/Binaries/Win64/UE4Editor-OnlineSubsystemUtils.dll (API version 3709383).
LogModuleManager: Display: Found up-to-date module file ../../../Engine/Plugins/Online/OnlineSubsystemUtils/Binaries/Win64/UE4Editor-OnlineBlueprintSupport.dll (API version 3709383).
LogModuleManager: Display: Found up-to-date module file ../../../Engine/Plugins/Runtime/AndroidDeviceProfileSelector/Binaries/Win64/UE4Editor-AndroidDeviceProfileSelector.dll (API version 3709383).
LogModuleManager: Display: Found up-to-date module file ../../../Engine/Plugins/Runtime/AppleARKit/Binaries/Win64/UE4Editor-AppleARKit.dll (API version 3709383).
LogModuleManager: Display: Found up-to-date module file ../../../Engine/Plugins/Runtime/ArchVisCharacter/Binaries/Win64/UE4Editor-ArchVisCharacter.dll (API version 3709383).
LogModuleManager: Display: Found up-to-date module file ../../../Engine/Plugins/Runtime/CableComponent/Binaries/Win64/UE4Editor-CableComponent.dll (API version 3709383).
LogModuleManager: Display: Found up-to-date module file ../../../Engine/Plugins/Runtime/CustomMeshComponent/Binaries/Win64/UE4Editor-CustomMeshComponent.dll (API version 3709383).
LogModuleManager: Display: Found up-to-date module file ../../../Engine/Plugins/Runtime/ExampleDeviceProfileSelector/Binaries/Win64/UE4Editor-ExampleDeviceProfileSelector.dll (API version 3709383).
LogModuleManager: Display: Found up-to-date module file ../../../Engine/Plugins/Runtime/ImmediatePhysics/Binaries/Win64/UE4Editor-ImmediatePhysics.dll (API version 3709383).
LogModuleManager: Display: Found up-to-date module file ../../../Engine/Plugins/Runtime/ImmediatePhysics/Binaries/Win64/UE4Editor-ImmediatePhysicsEditor.dll (API version 3709383).
LogModuleManager: Display: Found up-to-date module file ../../../Engine/Plugins/Runtime/LocationServicesBPLibrary/Binaries/Win64/UE4Editor-LocationServicesBPLibrary.dll (API version 3709383).
LogModuleManager: Display: Found up-to-date module file ../../../Engine/Plugins/Runtime/MobilePatchingUtils/Binaries/Win64/UE4Editor-MobilePatchingUtils.dll (API version 3709383).
LogModuleManager: Display: Found up-to-date module file ../../../Engine/Plugins/Runtime/Oculus/OculusVR/Binaries/Win64/UE4Editor-OculusHMD.dll (API version 3709383).
LogModuleManager: Display: Found up-to-date module file ../../../Engine/Plugins/Runtime/Oculus/OculusVR/Binaries/Win64/UE4Editor-OculusInput.dll (API version 3709383).
LogModuleManager: Display: Found up-to-date module file ../../../Engine/Plugins/Runtime/Oculus/OculusVR/Binaries/Win64/UE4Editor-OculusEditor.dll (API version 3709383).
LogModuleManager: Display: Found up-to-date module file ../../../Engine/Plugins/Runtime/PhysXVehicles/Binaries/Win64/UE4Editor-PhysXVehicles.dll (API version 3709383).
LogModuleManager: Display: Found up-to-date module file ../../../Engine/Plugins/Runtime/PhysXVehicles/Binaries/Win64/UE4Editor-PhysXVehiclesEditor.dll (API version 3709383).
LogModuleManager: Display: Found up-to-date module file ../../../Engine/Plugins/Runtime/ProceduralMeshComponent/Binaries/Win64/UE4Editor-ProceduralMeshComponent.dll (API version 3709383).
LogModuleManager: Display: Found up-to-date module file ../../../Engine/Plugins/Runtime/ProceduralMeshComponent/Binaries/Win64/UE4Editor-ProceduralMeshComponentEditor.dll (API version 3709383).
LogModuleManager: Display: Found up-to-date module file ../../../Engine/Plugins/Runtime/RuntimePhysXCooking/Binaries/Win64/UE4Editor-RuntimePhysXCooking.dll (API version 3709383).
LogModuleManager: Display: Found up-to-date module file ../../../Engine/Plugins/Runtime/Steam/SteamVR/Binaries/Win64/UE4Editor-SteamVR.dll (API version 3709383).
LogModuleManager: Display: Found up-to-date module file ../../../Engine/Plugins/Runtime/Steam/SteamVR/Binaries/Win64/UE4Editor-SteamVRController.dll (API version 3709383).
LogModuleManager: Display: Found up-to-date module file ../../../Engine/Plugins/Runtime/WindowsMoviePlayer/Binaries/Win64/UE4Editor-WindowsMoviePlayer.dll (API version 3709383).
LogPluginManager: Mounting plugin Paper2D
LogPluginManager: Mounting plugin LightPropagationVolume
LogPluginManager: Mounting plugin CodeLiteSourceCodeAccess
LogPluginManager: Mounting plugin GitSourceControl
LogPluginManager: Mounting plugin KDevelopSourceCodeAccess
LogPluginManager: Mounting plugin NullSourceCodeAccess
LogPluginManager: Mounting plugin PerforceSourceControl
LogPluginManager: Mounting plugin SubversionSourceControl
LogPluginManager: Mounting plugin UObjectPlugin
LogPluginManager: Mounting plugin VisualStudioCodeSourceCodeAccess
LogPluginManager: Mounting plugin VisualStudioSourceCodeAccess
LogPluginManager: Mounting plugin XCodeSourceCodeAccess
LogPluginManager: Mounting plugin AssetManagerEditor
LogPluginManager: Mounting plugin AudioCapture
LogPluginManager: Mounting plugin FacialAnimation
LogPluginManager: Mounting plugin GameplayTagsEditor
LogPluginManager: Mounting plugin MobileLauncherProfileWizard
LogPluginManager: Mounting plugin PluginBrowser
LogPluginManager: Mounting plugin SpeedTreeImporter
LogPluginManager: Mounting plugin AlembicImporter
LogPluginManager: Mounting plugin CharacterAI
LogPluginManager: Mounting plugin HTML5Networking
LogPluginManager: Mounting plugin AndroidMedia
LogPluginManager: Mounting plugin AvfMedia
LogPluginManager: Mounting plugin ImgMedia
LogPluginManager: Mounting plugin MediaCompositing
LogPluginManager: Mounting plugin MediaPlayerEditor
LogPluginManager: Mounting plugin WmfMedia
LogPluginManager: Mounting plugin TcpMessaging
LogPluginManager: Mounting plugin UdpMessaging
LogPluginManager: Mounting plugin ActorSequence
LogPluginManager: Mounting plugin LevelSequenceEditor
LogPluginManager: Mounting plugin MatineeToLevelSequence
LogPluginManager: Mounting plugin OnlineSubsystemGooglePlay
LogPluginManager: Mounting plugin OnlineSubsystemIOS
LogPluginManager: Mounting plugin OnlineSubsystem
LogPluginManager: Mounting plugin OnlineSubsystemNull
LogPluginManager: Mounting plugin OnlineSubsystemUtils
LogPluginManager: Mounting plugin AndroidDeviceProfileSelector
LogPluginManager: Mounting plugin AndroidMoviePlayer
LogPluginManager: Mounting plugin AndroidPermission
LogPluginManager: Mounting plugin AppleARKit
LogPluginManager: Mounting plugin AppleMoviePlayer
LogPluginManager: Mounting plugin ArchVisCharacter
LogPluginManager: Mounting plugin CableComponent
LogPluginManager: Mounting plugin CustomMeshComponent
LogPluginManager: Mounting plugin ExampleDeviceProfileSelector
LogPluginManager: Mounting plugin GoogleCloudMessaging
LogPluginManager: Mounting plugin ImmediatePhysics
LogPluginManager: Mounting plugin IOSDeviceProfileSelector
LogPluginManager: Mounting plugin LinuxDeviceProfileSelector
LogPluginManager: Mounting plugin LocationServicesBPLibrary
LogPluginManager: Mounting plugin MobilePatchingUtils
LogPluginManager: Mounting plugin OculusVR
LogPluginManager: Plugin shader directory ../../../Engine/Plugins/Runtime/Oculus/OculusVR/Shaders found
LogPluginManager: Mapping shader source directory ../../../Engine/Plugins/Runtime/Oculus/OculusVR/Shaders to virtual directory /Plugin/OculusVR
LogPluginManager: Mounting plugin PhysXVehicles
LogPluginManager: Mounting plugin ProceduralMeshComponent
LogPluginManager: Mounting plugin RuntimePhysXCooking
LogPluginManager: Mounting plugin SteamVR
LogPluginManager: Mounting plugin WindowsMoviePlayer
LogInit: Using libcurl 7.47.1
LogInit:  - built for x86_64-pc-win32
LogInit:  - supports SSL with OpenSSL/1.0.2g
LogInit:  - supports HTTP deflate (compression) using libz 1.2.8
LogInit:  - other features:
LogInit:      CURL_VERSION_SSL
LogInit:      CURL_VERSION_LIBZ
LogInit:      CURL_VERSION_IPV6
LogInit:      CURL_VERSION_ASYNCHDNS
LogInit:      CURL_VERSION_LARGEFILE
LogInit:      CURL_VERSION_IDN
LogInit:  CurlRequestOptions (configurable via config and command line):
LogInit:  - bVerifyPeer = false  - Libcurl will NOT verify peer certificate
LogInit:  - bUseHttpProxy = false  - Libcurl will NOT use HTTP proxy
LogInit:  - bDontReuseConnections = false  - Libcurl will reuse connections
LogInit:  - CertBundlePath = nullptr  - Libcurl will use whatever was configured at build time.
LogInit: Build: ++UE4+Release-4.18-CL-3832480
LogInit: Engine Version: 4.18.3-3832480+++UE4+Release-4.18
LogInit: Compatible Engine Version: 4.18.0-3709383+++UE4+Release-4.18
LogInit: Net CL: 3709383
LogDevObjectVersion: Number of dev versions registered: 16
LogDevObjectVersion:   Dev-Blueprints (B0D832E4-1F89-4F0D-ACCF-7EB736FD4AA2): 10
LogDevObjectVersion:   Dev-Build (E1C64328-A22C-4D53-A36C-8E866417BD8C): 0
LogDevObjectVersion:   Dev-Core (375EC13C-06E4-48FB-B500-84F0262A717E): 2
LogDevObjectVersion:   Dev-Editor (E4B068ED-F494-42E9-A231-DA0B2E46BB41): 20
LogDevObjectVersion:   Dev-Framework (CFFC743F-43B0-4480-9391-14DF171D2073): 30
LogDevObjectVersion:   Dev-Mobile (B02B49B5-BB20-44E9-A304-32B752E40360): 0
LogDevObjectVersion:   Dev-Networking (A4E4105C-59A1-49B5-A7C5-40C4547EDFEE): 0
LogDevObjectVersion:   Dev-Online (39C831C9-5AE6-47DC-9A44-9C173E1C8E7C): 0
LogDevObjectVersion:   Dev-Physics (78F01B33-EBEA-4F98-B9B4-84EACCB95AA2): 0
LogDevObjectVersion:   Dev-Platform (6631380F-2D4D-43E0-8009-CF276956A95A): 0
LogDevObjectVersion:   Dev-Rendering (12F88B9F-8875-4AFC-A67C-D90C383ABD29): 20
LogDevObjectVersion:   Dev-Sequencer (7B5AE74C-D270-4C10-A958-57980B212A5A): 4
LogDevObjectVersion:   Dev-VR (D7296918-1DD6-4BDD-9DE2-64A83CC13884): 0
LogDevObjectVersion:   Dev-LoadTimes (C2A15278-BFE7-4AFE-6C17-90FF531DF755): 1
LogDevObjectVersion:   Private-Geometry (6EACA3D4-40EC-4CC1-B786-8BED09428FC5): 1
LogDevObjectVersion:   Dev-AnimPhys (29E575DD-E0A3-4627-9D10-D276232CDCEA): 12
LogInit: Compiled (64-bit): Jan 12 2018 02:04:55
LogInit: Compiled with Visual C++: 19.00.24215.01
LogInit: Build Configuration: Development
LogInit: Branch Name: ++UE4+Release-4.18
LogInit: Command line:  
LogInit: Base directory: C:/Program Files/Epic Games/UE_4.18/Engine/Binaries/Win64/
LogInit: Installed Engine Build: 1
LogInit: Presizing for max 8388607 objects, including 0 objects not considered by GC, pre-allocating 0 bytes for permanent pool.
LogInit: Object subsystem initialized
[2018.03.07-20.58.33:544][  0]LogInit: Selected Device Profile: [Windows]
[2018.03.07-20.58.33:544][  0]LogInit: Applying CVar settings loaded from the selected device profile: [Windows]
[2018.03.07-20.58.33:615][  0]LogInit: Computer: JAMES-PC
[2018.03.07-20.58.33:615][  0]LogInit: User: James
[2018.03.07-20.58.33:615][  0]LogInit: CPU Page size=4096, Cores=2
[2018.03.07-20.58.33:615][  0]LogInit: High frequency timer resolution =3.801676 MHz
[2018.03.07-20.58.33:616][  0]LogMemory: Memory total: Physical=15.9GB (16GB approx)
[2018.03.07-20.58.33:616][  0]LogMemory: Platform Memory Stats for Windows
[2018.03.07-20.58.33:616][  0]LogMemory: Process Physical Memory: 274.28 MB used, 274.28 MB peak
[2018.03.07-20.58.33:616][  0]LogMemory: Process Virtual Memory: 269.32 MB used, 269.32 MB peak
[2018.03.07-20.58.33:616][  0]LogMemory: Physical Memory: 6478.38 MB used,  9850.26 MB free, 16328.64 MB total
[2018.03.07-20.58.33:616][  0]LogMemory: Virtual Memory: 679.25 MB used,  9850.26 MB free, 134217728.00 MB total
[2018.03.07-20.58.34:533][  0]LogInit: Using OS detected language (en-GB).
[2018.03.07-20.58.34:533][  0]LogInit: Using OS detected locale (en-GB).
[2018.03.07-20.58.34:689][  0]LogTextLocalizationManager: No specific localization for 'en-GB' exists, so the 'en' localization will be used.
[2018.03.07-20.58.35:708][  0]LogInit: Setting process to per monitor DPI aware
[2018.03.07-20.58.42:003][  0]LogD3D11RHI: D3D11 adapters:
[2018.03.07-20.58.42:078][  0]LogD3D11RHI:    0. 'NVIDIA GeForce GTX 750 Ti' (Feature Level 11_0)
[2018.03.07-20.58.42:078][  0]LogD3D11RHI:       2007/0/8164 MB DedicatedVideo/DedicatedSystem/SharedSystem, Outputs:2, VendorId:0x10de
[2018.03.07-20.58.42:094][  0]LogD3D11RHI:    1. 'Microsoft Basic Render Driver' (Feature Level 11_0)
[2018.03.07-20.58.42:094][  0]LogD3D11RHI:       0/0/8164 MB DedicatedVideo/DedicatedSystem/SharedSystem, Outputs:0, VendorId:0x1414
[2018.03.07-20.58.42:094][  0]LogD3D11RHI: Chosen D3D11 Adapter: 0
[2018.03.07-20.58.42:107][  0]LogD3D11RHI: Creating new Direct3DDevice
[2018.03.07-20.58.42:107][  0]LogD3D11RHI:     GPU DeviceId: 0x1380 (for the marketing name, search the web for "GPU Device Id")
[2018.03.07-20.58.42:107][  0]LogWindows: EnumDisplayDevices:
[2018.03.07-20.58.42:107][  0]LogWindows:    0. 'NVIDIA GeForce GTX 750 Ti' (P:1 D:1)
[2018.03.07-20.58.42:107][  0]LogWindows:    1. 'NVIDIA GeForce GTX 750 Ti' (P:0 D:1)
[2018.03.07-20.58.42:107][  0]LogWindows:    2. 'NVIDIA GeForce GTX 750 Ti' (P:0 D:0)
[2018.03.07-20.58.42:107][  0]LogWindows:    3. 'NVIDIA GeForce GTX 750 Ti' (P:0 D:0)
[2018.03.07-20.58.42:107][  0]LogWindows: DebugString: GetVideoDriverDetailsInvalid PrimaryIsNotTheChoosenAdapter GetVideoDriverDetailsInvalid PrimaryIsNotTheChoosenAdapter GetVideoDriverDetailsInvalid PrimaryIsNotTheChoosenAdapter GetVideoDriverDetailsInvalid PrimaryIsNotTheChoosenAdapter FoundDriverCount:0 
[2018.03.07-20.58.42:107][  0]LogD3D11RHI:     Adapter Name: NVIDIA GeForce GTX 750 Ti
[2018.03.07-20.58.42:108][  0]LogD3D11RHI:   Driver Version: Unknown (internal:Unknown, unified:Unknown)
[2018.03.07-20.58.42:108][  0]LogD3D11RHI:      Driver Date: Unknown
[2018.03.07-20.58.42:108][  0]LogRHI: Texture pool is 1405 MB (70% of 2007 MB)
[2018.03.07-20.58.42:148][  0]LogD3D11RHI: Async texture creation enabled
[2018.03.07-20.58.42:171][  0]LogD3D11RHI: GPU Timing Frequency: 1000.000000 (Debug: 2 2)
[2018.03.07-20.58.42:175][  0]LogShaderCompilers: Guid format shader working directory is -8 characters bigger than the processId version (../../../../../../Users/James/Documents/GitHub/FMP/FMP/Intermediate/Shaders/WorkingDirectory/9376/).
[2018.03.07-20.58.42:175][  0]LogShaderCompilers: Cleaned the shader compiler working directory 'C:/Users/James/AppData/Local/Temp/UnrealShaderWorkingDir/AE80F4984A6C0E5E30A9419571258958/'.
[2018.03.07-20.58.42:175][  0]LogShaderCompilers: Display: Using Local Shader Compiler.
[2018.03.07-20.58.48:842][  0]LogTemp: Display: Loaded TP AllDesktopTargetPlatform
[2018.03.07-20.58.48:940][  0]LogTemp: Display: Loaded TP MacClientTargetPlatform
[2018.03.07-20.58.49:045][  0]LogTemp: Display: Loaded TP MacNoEditorTargetPlatform
[2018.03.07-20.58.49:147][  0]LogTemp: Display: Loaded TP MacServerTargetPlatform
[2018.03.07-20.58.49:264][  0]LogTemp: Display: Loaded TP MacTargetPlatform
[2018.03.07-20.58.49:363][  0]LogTemp: Display: Loaded TP WindowsClientTargetPlatform
[2018.03.07-20.58.49:465][  0]LogTemp: Display: Loaded TP WindowsNoEditorTargetPlatform
[2018.03.07-20.58.49:568][  0]LogTemp: Display: Loaded TP WindowsServerTargetPlatform
[2018.03.07-20.58.49:661][  0]LogTemp: Display: Loaded TP WindowsTargetPlatform
[2018.03.07-20.58.49:761][  0]LogTemp: Display: Loaded TP Android_ASTCTargetPlatform
[2018.03.07-20.58.49:860][  0]LogTemp: Display: Loaded TP Android_ATCTargetPlatform
[2018.03.07-20.58.49:964][  0]LogTemp: Display: Loaded TP Android_DXTTargetPlatform
[2018.03.07-20.58.50:065][  0]LogTemp: Display: Loaded TP Android_ETC1TargetPlatform
[2018.03.07-20.58.50:174][  0]LogTemp: Display: Loaded TP Android_ETC2TargetPlatform
[2018.03.07-20.58.50:373][  0]LogTemp: Display: Loaded TP Android_MultiTargetPlatform
[2018.03.07-20.58.50:373][  0]LogTemp: Display: Loaded TP Android_PVRTCTargetPlatform
[2018.03.07-20.58.50:496][  0]LogTemp: Display: Loaded TP AndroidTargetPlatform
[2018.03.07-20.58.50:578][  0]LogTemp: Display: Loaded TP HTML5TargetPlatform
[2018.03.07-20.58.50:830][  0]LogTemp: Display: Loaded TP IOSTargetPlatform
[2018.03.07-20.58.50:882][  0]LogTemp: Display: Loaded TP TVOSTargetPlatform
[2018.03.07-20.58.50:985][  0]LogTemp: Display: Loaded TP LinuxClientTargetPlatform
[2018.03.07-20.58.51:086][  0]LogTemp: Display: Loaded TP LinuxNoEditorTargetPlatform
[2018.03.07-20.58.51:186][  0]LogTemp: Display: Loaded TP LinuxServerTargetPlatform
[2018.03.07-20.58.51:297][  0]LogTemp: Display: Loaded TP LinuxTargetPlatform
[2018.03.07-20.58.51:297][  0]LogTargetPlatformManager: Display: Building Assets For Windows
[2018.03.07-20.58.53:336][  0]LogDerivedDataCache: Display: Max Cache Size: 512 MB
[2018.03.07-20.58.53:872][  0]LogDerivedDataCache: Loaded boot cache 0.54s 80MB C:/Users/James/AppData/Local/UnrealEngine/4.18/DerivedDataCache/Boot.ddc.
[2018.03.07-20.58.53:872][  0]LogDerivedDataCache: Display: Loaded Boot cache: C:/Users/James/AppData/Local/UnrealEngine/4.18/DerivedDataCache/Boot.ddc
[2018.03.07-20.58.53:872][  0]LogDerivedDataCache: FDerivedDataBackendGraph:  Pak pak cache file ../../../../../../Users/James/Documents/GitHub/FMP/FMP/DerivedDataCache/DDC.ddp not found, will not use a pak cache.
[2018.03.07-20.58.53:872][  0]LogDerivedDataCache: Unable to find inner node Pak for hierarchical cache Hierarchy.
[2018.03.07-20.58.53:872][  0]LogDerivedDataCache: FDerivedDataBackendGraph:  CompressedPak pak cache file ../../../../../../Users/James/Documents/GitHub/FMP/FMP/DerivedDataCache/Compressed.ddp not found, will not use a pak cache.
[2018.03.07-20.58.53:872][  0]LogDerivedDataCache: Unable to find inner node CompressedPak for hierarchical cache Hierarchy.
[2018.03.07-20.58.53:939][  0]LogDerivedDataCache: Display: Pak cache opened for reading ../../../Engine/DerivedDataCache/Compressed.ddp.
[2018.03.07-20.58.53:968][  0]LogDerivedDataCache: Using Local data cache path C:/Users/James/AppData/Local/UnrealEngine/Common/DerivedDataCache: Writable
[2018.03.07-20.58.53:985][  0]LogMaterial: Verifying Global Shaders for PCD3D_SM5
[2018.03.07-20.58.53:986][  0]LogSlate: Using Freetype 2.6.0
[2018.03.07-20.58.54:002][  0]LogSlate: SlateFontCache - WITH_FREETYPE: 1, WITH_HARFBUZZ: 1
[2018.03.07-20.58.54:002][  0]LogSlate: SlateFontCache - WITH_FREETYPE: 1, WITH_HARFBUZZ: 1
[2018.03.07-20.59.05:763][  0]LogInit: Selected Device Profile: [Windows]
[2018.03.07-20.59.07:144][  0]LogSimplygon: Simplygon DLL not present - disabling.
[2018.03.07-20.59.07:230][  0]LogMeshReduction: Using SimplygonSwarm for distributed automatic mesh merging
[2018.03.07-20.59.07:230][  0]LogMeshReduction: Using QuadricMeshReduction for automatic static mesh reduction
[2018.03.07-20.59.07:230][  0]LogMeshReduction: No automatic skeletal mesh reduction module available
[2018.03.07-20.59.07:230][  0]LogMeshReduction: No automatic mesh merging module available
[2018.03.07-20.59.07:230][  0]LogMeshMerging: No automatic mesh merging module available
[2018.03.07-20.59.07:341][  0]LogNetVersion: FMP , NetCL: 3709383, EngineNetVer: 2, GameNetVer: 0 (Checksum: 454793335)
[2018.03.07-20.59.08:288][  0]LogAssetRegistry: FAssetRegistry took 0.0283 seconds to start up
[2018.03.07-20.59.11:060][  0]LogPackageLocalizationCache: Processed 7 localized package path(s) for 2 prioritized culture(s) in 0.134183 seconds
[2018.03.07-20.59.11:068][  0]LogUObjectArray: 35870 objects as part of root set at end of initial load.
[2018.03.07-20.59.11:068][  0]LogUObjectAllocator: 7363704 out of 0 bytes used by permanent object pool.
[2018.03.07-20.59.11:068][  0]LogUObjectArray: CloseDisregardForGC: 0/0 objects in disregard for GC pool
[2018.03.07-20.59.11:181][  0]LogInit: WinSock: version 1.1 (2.2), MaxSocks=32767, MaxUdp=65467
[2018.03.07-20.59.38:322][  0]LogTcpMessaging: Initializing TcpMessaging bridge
[2018.03.07-20.59.38:391][  0]LogUdpMessaging: Initializing bridge on interface 0.0.0.0:0 to multicast group 230.0.0.1:6666.
[2018.03.07-20.59.40:120][  0]LogMaterial: Uniform references updated for custom material expression Custom.
[2018.03.07-20.59.41:455][  0]SourceControl: Source control is disabled
[2018.03.07-20.59.41:455][  0]SourceControl: Source control is disabled
[2018.03.07-20.59.41:560][  0]SourceControl: Source control is disabled
[2018.03.07-20.59.41:661][  0]SourceControl: Source control is disabled
[2018.03.07-20.59.43:485][  0]LogAndroidPermission: UAndroidPermissionCallbackProxy::GetInstance
[2018.03.07-20.59.44:003][  0]LogOcInput: OculusInput pre-init called
[2018.03.07-20.59.44:660][  0]LogEngine: Initializing Engine...
[2018.03.07-20.59.44:664][  0]LogHMD: Failed to initialize OpenVR with code 110
[2018.03.07-20.59.45:680][  0]LogStats: UGameplayTagsManager::ConstructGameplayTagTree: Construct from data asset -  0.000 s
[2018.03.07-20.59.45:680][  0]LogStats: UGameplayTagsManager::ConstructGameplayTagTree: GameplayTagTreeChangedEvent.Broadcast -  0.000 s
[2018.03.07-20.59.45:927][  0]LogAIModule: Creating AISystem for world Untitled
[2018.03.07-20.59.45:950][  0]LogInit: XAudio2 using 'Headset Earphone (Razer Kraken 7.1 Chroma)' : 2 channels at 48 kHz using 16 bits per sample (channel mask 0x3)
[2018.03.07-20.59.45:995][  0]LogInit: FAudioDevice initialized.
[2018.03.07-20.59.46:155][  0]LogDerivedDataCache: Saved boot cache 0.16s 78MB C:/Users/James/AppData/Local/UnrealEngine/4.18/DerivedDataCache/Boot.ddc.
[2018.03.07-20.59.46:183][  0]LogInit: Texture streaming: Enabled
[2018.03.07-20.59.46:381][  0]LogEngineSessionManager: EngineSessionManager initialized
[2018.03.07-20.59.46:642][  0]LogInit: Transaction tracking system initialized
[2018.03.07-20.59.47:258][  0]BlueprintLog: New page: Editor Load
[2018.03.07-20.59.49:069][  0]LocalizationService: Localization service is disabled
[2018.03.07-20.59.50:660][  0]LogConsoleResponse: Display: 
[2018.03.07-20.59.52:406][  0]LogCook: Display: Max memory allowance for cook 16384mb min free memory 0mb
[2018.03.07-20.59.52:406][  0]LogCook: Display: Mobile HDR setting 1
[2018.03.07-20.59.52:406][  0]LogGameplayTags: Display: UGameplayTagsManager::DoneAddingNativeTags. DelegateIsBound: 0
[2018.03.07-20.59.53:379][  0]LogFileCache: Scanning file cache for directory 'C:/Users/James/Documents/GitHub/FMP/FMP/Content/' took 0.02s
[2018.03.07-20.59.55:270][  0]SourceControl: Source control is disabled
[2018.03.07-20.59.55:270][  0]Cmd: MAP LOAD FILE="../../../../../../Users/James/Documents/GitHub/FMP/FMP/Content/Maps/Level.umap" TEMPLATE=0 SHOWPROGRESS=1 FEATURELEVEL=3
[2018.03.07-20.59.55:288][  0]LightingResults: New page: Lighting Build
[2018.03.07-20.59.55:370][  0]MapCheck: New page: Map Check
[2018.03.07-20.59.55:370][  0]LightingResults: New page: Lighting Build
[2018.03.07-20.59.55:986][  0]LogAIModule: Creating AISystem for world Level
[2018.03.07-20.59.56:018][  0]LogEditorServer: Finished looking for orphan Actors (0.000 secs)
[2018.03.07-20.59.56:044][  0]Cmd: MAP CHECKDEP NOCLEARLOG
[2018.03.07-20.59.56:123][  0]MapCheck: Map check complete: 0 Error(s), 0 Warning(s), took 79.423ms to complete.
[2018.03.07-20.59.56:123][  0]LogFileHelpers: Loading map 'Level' took 0.853
[2018.03.07-20.59.56:391][  0]LogCollectionManager: Loaded 0 collections in 0.003083 seconds
[2018.03.07-20.59.56:514][  0]LogFileCache: Scanning file cache for directory 'C:/Users/James/Documents/GitHub/FMP/FMP/Saved/Collections/' took 0.01s
[2018.03.07-20.59.56:514][  0]LogFileCache: Scanning file cache for directory 'C:/Users/James/Documents/GitHub/FMP/FMP/Content/Developers/James/Collections/' took 0.01s
[2018.03.07-20.59.56:514][  0]LogFileCache: Scanning file cache for directory 'C:/Users/James/Documents/GitHub/FMP/FMP/Content/Collections/' took 0.01s
[2018.03.07-20.59.56:514][  0]LogCollectionManager: Rebuilt the GUID cache for 0 collections in 0.000002 seconds
[2018.03.07-20.59.56:530][  0]LogContentBrowser: Native class hierarchy populated in 0.0153 seconds. Added 2363 classes and 519 folders.
[2018.03.07-20.59.56:664][  0]LogContentBrowser: Native class hierarchy updated for 'WidgetCarousel' in 0.0003 seconds. Added 0 classes and 0 folders.
[2018.03.07-20.59.58:122][  0]LogContentBrowser: Native class hierarchy updated for 'AddContentDialog' in 0.0004 seconds. Added 0 classes and 0 folders.
[2018.03.07-20.59.58:205][  0]LogContentBrowser: Native class hierarchy updated for 'SceneOutliner' in 0.0004 seconds. Added 1 classes and 2 folders.
[2018.03.07-20.59.58:331][  0]LogSlate: Took 0.022412 seconds to synchronously load lazily loaded font '../../../Engine/Content/Slate/Fonts/Roboto-Regular.ttf' (155K)
[2018.03.07-20.59.58:353][  0]LogSlate: Took 0.019323 seconds to synchronously load lazily loaded font '../../../Engine/Content/Slate/Fonts/Roboto-Bold.ttf' (160K)
[2018.03.07-20.59.58:372][  0]LogSlate: Took 0.012831 seconds to synchronously load lazily loaded font '../../../Engine/Content/Editor/Slate/Fonts/FontAwesome.ttf' (139K)
[2018.03.07-20.59.58:695][  0]LogRenderer: Reallocating scene render targets to support 940x608 Format 10 NumSamples 1 (Frame:1).
[2018.03.07-20.59.59:044][  0]LogContentBrowser: Native class hierarchy updated for 'HierarchicalLODOutliner' in 0.0004 seconds. Added 1 classes and 2 folders.
[2018.03.07-20.59.59:044][  0]LogLoad: (Engine Initialization) Total time: 101.19 seconds
[2018.03.07-20.59.59:044][  0]LogLoad: (Engine Initialization) Total Blueprint compile time: 0.00 seconds
[2018.03.07-20.59.59:044][  0]LogExternalProfiler: No external profilers were discovered.  External profiling features will not be available.
[2018.03.07-20.59.59:442][  0]LogContentStreaming: Texture pool size now 1000 MB
[2018.03.07-20.59.59:565][  0]LogSlate: Took 0.017064 seconds to synchronously load lazily loaded font '../../../Engine/Content/Slate/Fonts/Roboto-Light.ttf' (159K)
[2018.03.07-20.59.59:832][  1]LogAssetRegistry: Asset discovery search completed in 51.5657 seconds
[2018.03.07-20.59.59:835][  1]LogCollectionManager: Rebuilt the object cache for 0 collections in 0.000000 seconds (found 0 objects)
[2018.03.07-20.59.59:835][  1]LogCollectionManager: Fixed up redirectors for 0 collections in 0.000097 seconds (updated 0 objects)
[2018.03.07-21.12.28:955][837]LogSlate: Took 0.000347 seconds to synchronously load lazily loaded font '../../../Engine/Content/Slate/Fonts/Roboto-Light.ttf' (159K)
[2018.03.07-21.12.28:988][837]LogFactory: FactoryCreateFile: StaticMesh with FbxFactory (0 0 Z:/Mussle Flash/Burst Maya Export.fbx)
[2018.03.07-21.12.29:067][837]LogFbx: ItemName: GlobalSettings, ItemCount : 1
[2018.03.07-21.12.29:067][837]LogFbx: ItemName: AnimationStack, ItemCount : 1
[2018.03.07-21.12.29:067][837]LogFbx: ItemName: AnimationLayer, ItemCount : 1
[2018.03.07-21.12.29:067][837]LogFbx: ItemName: Geometry, ItemCount : 8
[2018.03.07-21.12.29:067][837]LogFbx: ItemName: Material, ItemCount : 2
[2018.03.07-21.12.29:067][837]LogFbx: ItemName: Texture, ItemCount : 2
[2018.03.07-21.12.29:067][837]LogFbx: ItemName: Model, ItemCount : 8
[2018.03.07-21.12.29:067][837]LogFbx: ItemName: Video, ItemCount : 2
[2018.03.07-21.12.29:075][837]LogFbx: Loading FBX Scene from Z:/Mussle Flash/Burst Maya Export.fbx
[2018.03.07-21.12.29:118][837]LogFbx: FBX Scene Loaded Succesfully
[2018.03.07-21.12.42:048][837]LogFbx: Loading FBX Scene from Z:/Mussle Flash/Burst Maya Export.fbx
[2018.03.07-21.12.42:089][837]LogFbx: FBX Scene Loaded Succesfully
[2018.03.07-21.12.42:090][837]LogLinker: Can't find file '/Game/lambert2'
[2018.03.07-21.12.42:090][837]LogLinker: Can't find file '/Game/lambert2'
[2018.03.07-21.12.42:099][837]LogLinker: Can't find file '/Game/Side_Burst'
[2018.03.07-21.12.42:099][837]LogLinker: Can't find file '/Game/Side_Burst'
[2018.03.07-21.12.42:131][837]LogTexture: Display: Building textures: Side_Burst (AutoDXT, 256X256)
[2018.03.07-21.12.42:238][837]LogTexture: Display: Building textures: Side_Burst (AutoDXT, 256X256)
[2018.03.07-21.12.42:338][837]LogMaterial: Missing cached shader map for material lambert2, compiling. 
[2018.03.07-21.12.42:455][837]LogFbx: Warning: Triangulating static mesh pPlane1
[2018.03.07-21.12.42:456][837]LogFbx: Warning: Triangulating static mesh pPlane2
[2018.03.07-21.12.42:456][837]LogFbx: Warning: Triangulating static mesh pPlane3
[2018.03.07-21.12.42:456][837]LogFbx: Warning: Triangulating static mesh pPlane4
[2018.03.07-21.12.42:457][837]LogFbx: Warning: Triangulating static mesh pPlane5
[2018.03.07-21.12.42:457][837]LogFbx: Warning: Triangulating static mesh pPlane6
[2018.03.07-21.12.42:457][837]LogFbx: Warning: Triangulating static mesh pPlane7
[2018.03.07-21.12.42:459][837]LogLinker: Can't find file '/Game/lambert3'
[2018.03.07-21.12.42:459][837]LogLinker: Can't find file '/Game/lambert3'
[2018.03.07-21.12.42:464][837]LogLinker: Can't find file '/Game/Front_Burst'
[2018.03.07-21.12.42:464][837]LogLinker: Can't find file '/Game/Front_Burst'
[2018.03.07-21.12.42:514][837]LogTexture: Display: Building textures: Front_Burst (AutoDXT, 256X256)
[2018.03.07-21.12.42:623][837]LogTexture: Display: Building textures: Front_Burst (AutoDXT, 256X256)
[2018.03.07-21.12.42:727][837]LogMaterial: Missing cached shader map for material lambert3, compiling. 
[2018.03.07-21.12.42:792][837]LogStaticMesh: Building static mesh Burst_Maya_Export...
[2018.03.07-21.12.42:797][837]LogStaticMesh: Built static mesh [0.01s] /Game/Burst_Maya_Export.Burst_Maya_Export
[2018.03.07-21.12.42:839][837]LogSlate: Took 0.000355 seconds to synchronously load lazily loaded font '../../../Engine/Content/Slate/Fonts/Roboto-Regular.ttf' (155K)
[2018.03.07-21.12.42:842][837]FBXImport: Warning: No smoothing group information was found in this FBX scene.  Please make sure to enable the 'Export Smoothing Groups' option in the FBX Exporter plug-in before exporting the file.  Even for tools that don't support smoothing groups, the FBX Exporter will generate appropriate smoothing data at export-time so that correct vertex normals can be inferred while importing. 
[2018.03.07-21.13.03:311][547]Cmd: OBJ SAVEPACKAGE PACKAGE="/Game/Mussle_Flash/Burst_Maya_Export" FILE="../../../../../../Users/James/Documents/GitHub/FMP/FMP/Content/Mussle_Flash/Burst_Maya_Export.uasset" SILENT=true
[2018.03.07-21.13.03:356][547]LogSavePackage: Save=41.02ms
[2018.03.07-21.13.03:356][547]LogSavePackage: Moving '../../../../../../Users/James/Documents/GitHub/FMP/FMP/Saved/Burst_Maya_Export324DC4BD454712DA99E886AB76CF8541.tmp' to '../../../../../../Users/James/Documents/GitHub/FMP/FMP/Content/Mussle_Flash/Burst_Maya_Export.uasset'
[2018.03.07-21.13.03:367][547]LogSavePackage: Display: Finished SavePackage ../../../../../../Users/James/Documents/GitHub/FMP/FMP/Content/Mussle_Flash/Burst_Maya_Export.uasset
[2018.03.07-21.13.03:390][547]Cmd: OBJ SAVEPACKAGE PACKAGE="/Game/Mussle_Flash/Front_Burst" FILE="../../../../../../Users/James/Documents/GitHub/FMP/FMP/Content/Mussle_Flash/Front_Burst.uasset" SILENT=true
[2018.03.07-21.13.03:416][547]LogSavePackage: Save=22.08ms
[2018.03.07-21.13.03:416][547]LogSavePackage: Moving '../../../../../../Users/James/Documents/GitHub/FMP/FMP/Saved/Front_BurstE775A6864F671866BE09C8B0A2DA89A5.tmp' to '../../../../../../Users/James/Documents/GitHub/FMP/FMP/Content/Mussle_Flash/Front_Burst.uasset'
[2018.03.07-21.13.03:421][547]LogSavePackage: Display: Finished SavePackage ../../../../../../Users/James/Documents/GitHub/FMP/FMP/Content/Mussle_Flash/Front_Burst.uasset
[2018.03.07-21.13.11:254][547]Cmd: OBJ SAVEPACKAGE PACKAGE="/Game/Mussle_Flash/lambert2" FILE="../../../../../../Users/James/Documents/GitHub/FMP/FMP/Content/Mussle_Flash/lambert2.uasset" SILENT=true
[2018.03.07-21.13.11:287][547]LogSavePackage: Save=25.52ms
[2018.03.07-21.13.11:287][547]LogSavePackage: Moving '../../../../../../Users/James/Documents/GitHub/FMP/FMP/Saved/lambert25EB9AFCC4B83A0A1C220FC97BE49307E.tmp' to '../../../../../../Users/James/Documents/GitHub/FMP/FMP/Content/Mussle_Flash/lambert2.uasset'
[2018.03.07-21.13.11:293][547]LogSavePackage: Display: Finished SavePackage ../../../../../../Users/James/Documents/GitHub/FMP/FMP/Content/Mussle_Flash/lambert2.uasset
[2018.03.07-21.13.14:837][547]Cmd: OBJ SAVEPACKAGE PACKAGE="/Game/Mussle_Flash/lambert3" FILE="../../../../../../Users/James/Documents/GitHub/FMP/FMP/Content/Mussle_Flash/lambert3.uasset" SILENT=true
[2018.03.07-21.13.14:859][547]LogSavePackage: Save=18.49ms
[2018.03.07-21.13.14:859][547]LogSavePackage: Moving '../../../../../../Users/James/Documents/GitHub/FMP/FMP/Saved/lambert31131329146A2366FB26F1D97FCB56BE7.tmp' to '../../../../../../Users/James/Documents/GitHub/FMP/FMP/Content/Mussle_Flash/lambert3.uasset'
[2018.03.07-21.13.14:866][547]LogSavePackage: Display: Finished SavePackage ../../../../../../Users/James/Documents/GitHub/FMP/FMP/Content/Mussle_Flash/lambert3.uasset
[2018.03.07-21.13.14:891][547]Cmd: OBJ SAVEPACKAGE PACKAGE="/Game/Mussle_Flash/Side_Burst" FILE="../../../../../../Users/James/Documents/GitHub/FMP/FMP/Content/Mussle_Flash/Side_Burst.uasset" SILENT=true
[2018.03.07-21.13.14:915][547]LogSavePackage: Save=20.67ms
[2018.03.07-21.13.14:915][547]LogSavePackage: Moving '../../../../../../Users/James/Documents/GitHub/FMP/FMP/Saved/Side_Burst85006D5544D80D9FFD8EE7B524AE437C.tmp' to '../../../../../../Users/James/Documents/GitHub/FMP/FMP/Content/Mussle_Flash/Side_Burst.uasset'
[2018.03.07-21.13.14:920][547]LogSavePackage: Display: Finished SavePackage ../../../../../../Users/James/Documents/GitHub/FMP/FMP/Content/Mussle_Flash/Side_Burst.uasset
[2018.03.07-21.14.14:157][582]LogRenderer: Reallocating scene render targets to support 1252x892 Format 10 NumSamples 1 (Frame:1280).
[2018.03.07-21.14.33:556][582]LogContentBrowser: Native class hierarchy updated for 'BlueprintGraph' in 0.0009 seconds. Added 116 classes and 0 folders.
[2018.03.07-21.15.01:165][340]LogContentBrowser: Native class hierarchy updated for 'MaterialEditor' in 0.0005 seconds. Added 1 classes and 0 folders.
[2018.03.07-21.15.01:169][340]LogMaterial: Missing cached shader map for material lambert2, compiling. 
[2018.03.07-21.15.01:340][340]LogMaterial: Missing cached shader map for material lambert2, compiling. 
[2018.03.07-21.15.01:421][340]LogMaterial: Missing cached shader map for material FMatExpressionPreview MaterialExpressionTextureSample_0, compiling. 
[2018.03.07-21.15.01:430][340]LogMaterial: Missing cached shader map for material FMatExpressionPreview MaterialExpressionTextureSample_1, compiling. 
[2018.03.07-21.15.01:509][340]LogSlate: Took 0.063982 seconds to synchronously load lazily loaded font '../../../Engine/Content/Editor/Slate/Fonts/Roboto-BoldCondensed.ttf' (158K)
[2018.03.07-21.15.10:812][ 68]LogMaterial: Missing cached shader map for material lambert2, compiling. 
[2018.03.07-21.15.20:191][819]LogMaterialEditor: Saving and Compiling material lambert2
[2018.03.07-21.15.21:669][819]LogMaterial: Missing cached shader map for material lambert2, compiling. 
[2018.03.07-21.15.21:833][819]LogMaterial: Missing cached shader map for material lambert2, compiling. 
[2018.03.07-21.15.21:938][819]LogMaterial: Missing cached shader map for material lambert2, compiling. 
[2018.03.07-21.15.22:050][819]LogMaterial: Missing cached shader map for material FDebugViewModeMaterialProxy lambert2, compiling. 
[2018.03.07-21.15.29:529][819]TextureStreamingBuild: Display: Compiling optional shaders took 7.488 seconds.
[2018.03.07-21.15.36:206][819]Cmd: OBJ SAVEPACKAGE PACKAGE="/Game/Mussle_Flash/lambert2" FILE="../../../../../../Users/James/Documents/GitHub/FMP/FMP/Content/Mussle_Flash/lambert2.uasset" SILENT=true
[2018.03.07-21.15.36:240][819]LogSavePackage: Save=21.62ms
[2018.03.07-21.15.36:240][819]LogSavePackage: Moving '../../../../../../Users/James/Documents/GitHub/FMP/FMP/Saved/lambert2985EC2564BFB111676EB348477D1D1FC.tmp' to '../../../../../../Users/James/Documents/GitHub/FMP/FMP/Content/Mussle_Flash/lambert2.uasset'
[2018.03.07-21.15.36:245][819]LogSavePackage: Display: Finished SavePackage ../../../../../../Users/James/Documents/GitHub/FMP/FMP/Content/Mussle_Flash/lambert2.uasset
[2018.03.07-21.15.36:255][819]MaterialEditorStats: Base pass shader: 47 instructions
[2018.03.07-21.15.36:255][819]MaterialEditorStats: Base pass shader with Volumetric Lightmap: 74 instructions
[2018.03.07-21.15.36:255][819]MaterialEditorStats: Vertex shader: 124 instructions
[2018.03.07-21.15.36:255][819]MaterialEditorStats: Texture samplers: 3/16
[2018.03.07-21.15.36:255][819]MaterialEditorStats: User interpolators: 2/4 Scalars (1/4 Vectors) (TexCoords: 2, Custom: 0)
[2018.03.07-21.16.06:030][123]LogContentBrowser: Native class hierarchy updated for 'TextureEditor' in 0.0004 seconds. Added 1 classes and 2 folders.
[2018.03.07-21.16.50:091][895]LogMaterial: Missing cached shader map for material lambert3, compiling. 
[2018.03.07-21.16.50:281][895]LogMaterial: Missing cached shader map for material lambert3, compiling. 
[2018.03.07-21.16.50:345][895]LogMaterial: Missing cached shader map for material FMatExpressionPreview MaterialExpressionTextureSample_0, compiling. 
[2018.03.07-21.16.50:352][895]LogMaterial: Missing cached shader map for material FMatExpressionPreview MaterialExpressionTextureSample_1, compiling. 
[2018.03.07-21.16.54:590][213]LogMaterial: Missing cached shader map for material lambert3, compiling. 
[2018.03.07-21.16.58:378][513]LogMaterialEditor: Saving and Compiling material lambert3
[2018.03.07-21.16.59:822][513]LogMaterial: Missing cached shader map for material lambert3, compiling. 
[2018.03.07-21.16.59:960][513]LogMaterial: Missing cached shader map for material lambert3, compiling. 
[2018.03.07-21.17.00:050][513]LogMaterial: Missing cached shader map for material lambert3, compiling. 
[2018.03.07-21.17.00:166][513]LogMaterial: Missing cached shader map for material FDebugViewModeMaterialProxy lambert3, compiling. 
[2018.03.07-21.17.05:425][513]TextureStreamingBuild: Display: Compiling optional shaders took 5.268 seconds.
[2018.03.07-21.17.11:728][513]Cmd: OBJ SAVEPACKAGE PACKAGE="/Game/Mussle_Flash/lambert3" FILE="../../../../../../Users/James/Documents/GitHub/FMP/FMP/Content/Mussle_Flash/lambert3.uasset" SILENT=true
[2018.03.07-21.17.11:765][513]LogSavePackage: Save=21.31ms
[2018.03.07-21.17.11:765][513]LogSavePackage: Moving '../../../../../../Users/James/Documents/GitHub/FMP/FMP/Saved/lambert38A650841424A090CDFB2D68AF5F99DC2.tmp' to '../../../../../../Users/James/Documents/GitHub/FMP/FMP/Content/Mussle_Flash/lambert3.uasset'
[2018.03.07-21.17.11:770][513]LogSavePackage: Display: Finished SavePackage ../../../../../../Users/James/Documents/GitHub/FMP/FMP/Content/Mussle_Flash/lambert3.uasset
[2018.03.07-21.17.11:781][513]MaterialEditorStats: Base pass shader: 47 instructions
[2018.03.07-21.17.11:781][513]MaterialEditorStats: Base pass shader with Volumetric Lightmap: 74 instructions
[2018.03.07-21.17.11:781][513]MaterialEditorStats: Vertex shader: 124 instructions
[2018.03.07-21.17.11:781][513]MaterialEditorStats: Texture samplers: 3/16
[2018.03.07-21.17.11:781][513]MaterialEditorStats: User interpolators: 2/4 Scalars (1/4 Vectors) (TexCoords: 2, Custom: 0)
[2018.03.07-21.17.45:413][759]Cmd: OBJ SAVEPACKAGE PACKAGE="/Game/Mussle_Flash/Flasher" FILE="../../../../../../Users/James/Documents/GitHub/FMP/FMP/Content/Mussle_Flash/Flasher.uasset" SILENT=true
[2018.03.07-21.17.45:456][759]LogSavePackage: Save=34.73ms
[2018.03.07-21.17.45:456][759]LogSavePackage: Moving '../../../../../../Users/James/Documents/GitHub/FMP/FMP/Saved/Flasher9C533A6B4B94FDEAAEA84D9D11E483C7.tmp' to '../../../../../../Users/James/Documents/GitHub/FMP/FMP/Content/Mussle_Flash/Flasher.uasset'
[2018.03.07-21.17.45:462][759]LogSavePackage: Display: Finished SavePackage ../../../../../../Users/James/Documents/GitHub/FMP/FMP/Content/Mussle_Flash/Flasher.uasset
[2018.03.07-21.18.40:544][369]Cmd: OBJ SAVEPACKAGE PACKAGE="/Game/Mussle_Flash/Flasher" FILE="../../../../../../Users/James/Documents/GitHub/FMP/FMP/Content/Mussle_Flash/Flasher.uasset" SILENT=true
[2018.03.07-21.18.40:589][369]LogSavePackage: Save=26.37ms
[2018.03.07-21.18.40:590][369]LogSavePackage: Moving '../../../../../../Users/James/Documents/GitHub/FMP/FMP/Saved/Flasher8CF82E8E4DC2BF0B9E04129BC31FC591.tmp' to '../../../../../../Users/James/Documents/GitHub/FMP/FMP/Content/Mussle_Flash/Flasher.uasset'
[2018.03.07-21.18.40:596][369]LogSavePackage: Display: Finished SavePackage ../../../../../../Users/James/Documents/GitHub/FMP/FMP/Content/Mussle_Flash/Flasher.uasset
[2018.03.07-21.19.30:267][120]LogContentBrowser: Native class hierarchy updated for 'Cascade' in 0.0004 seconds. Added 2 classes and 2 folders.
[2018.03.07-21.19.30:353][120]LogMaterial: Missing cached shader map for material DefaultParticle, compiling. 
[2018.03.07-21.19.52:895][278]LogSlate: Took 0.000408 seconds to synchronously load lazily loaded font '../../../Engine/Content/Slate/Fonts/Roboto-Light.ttf' (159K)
[2018.03.07-21.23.15:916][137]LogFileHelpers: Editor autosave (incl. sublevels) for '/Game/Maps/Level' took 0.107
[2018.03.07-21.23.15:919][137]OBJ SavePackage: Generating thumbnails for [1] asset(s) in package [/Game/Mussle_Flash/Shooting_d_Flasher] ([1] browsable assets)...
[2018.03.07-21.23.15:932][137]OBJ SavePackage:     Rendered thumbnail for [ParticleSystem /Game/Mussle_Flash/Shooting_d_Flasher.Shooting_d_Flasher]
[2018.03.07-21.23.15:933][137]OBJ SavePackage: Finished generating thumbnails for package [/Game/Mussle_Flash/Shooting_d_Flasher]
[2018.03.07-21.23.15:976][137]LogSavePackage: Save=35.94ms
[2018.03.07-21.23.15:976][137]LogSavePackage: Moving '../../../../../../Users/James/Documents/GitHub/FMP/FMP/Saved/Shooting_d_Flasher_Auto1C09FD9864FE03FC3526C6E9292174B21.tmp' to '../../../../../../Users/James/Documents/GitHub/FMP/FMP/Saved/Autosaves/Game/Mussle_Flash/Shooting_d_Flasher_Auto1.uasset'
[2018.03.07-21.23.15:983][137]LogSavePackage: Display: Finished SavePackage ../../../../../../Users/James/Documents/GitHub/FMP/FMP/Saved/Autosaves/Game/Mussle_Flash/Shooting_d_Flasher_Auto1.uasset
[2018.03.07-21.23.15:983][137]LogFileHelpers: Auto-saving content packages took 0.066
[2018.03.07-21.44.47:268][ 85]LogMaterial: Missing cached shader map for material LayerVisMaterial, compiling. 
[2018.03.07-21.44.47:292][ 85]LogMaterial: Missing cached shader map for material LayerVisMaterial, compiling. 
[2018.03.07-21.44.47:396][ 85]LogMaterial: Missing cached shader map for material SelectBrushMaterial, compiling. 
[2018.03.07-21.44.47:422][ 85]LogMaterial: Missing cached shader map for material SelectBrushMaterial, compiling. 
[2018.03.07-21.44.47:488][ 85]LogMaterial: Missing cached shader map for material SelectBrushMaterial, compiling. 
[2018.03.07-21.44.47:512][ 85]LogMaterial: Missing cached shader map for material SelectBrushMaterial, compiling. 
[2018.03.07-21.44.47:598][ 85]LogMaterial: Missing cached shader map for material MaskBrushMaterial, compiling. 
[2018.03.07-21.44.47:621][ 85]LogMaterial: Missing cached shader map for material MaskBrushMaterial, compiling. 
[2018.03.07-21.44.47:646][ 85]LogMaterial: Missing cached shader map for material MaskBrushMaterial, compiling. 
[2018.03.07-21.44.47:780][ 85]LogMaterial: Missing cached shader map for material LandscapeLayerUsageMaterial, compiling. 
[2018.03.07-21.44.47:796][ 85]LogMaterial: Missing cached shader map for material LandscapeLayerUsageMaterial, compiling. 
[2018.03.07-21.44.47:895][ 85]LogMaterial: Missing cached shader map for material MirrorPlaneMaterial, compiling. 
[2018.03.07-21.44.47:974][ 85]LogMaterial: Missing cached shader map for material CircleBrushMaterial, compiling. 
[2018.03.07-21.44.47:998][ 85]LogMaterial: Missing cached shader map for material CircleBrushMaterial, compiling. 
[2018.03.07-21.44.48:022][ 85]LogMaterial: Missing cached shader map for material CircleBrushMaterial, compiling. 
[2018.03.07-21.44.48:091][ 85]LogMaterial: Missing cached shader map for material CircleBrushMaterial, compiling. 
[2018.03.07-21.44.48:152][ 85]LogMaterial: Missing cached shader map for material CircleBrushMaterial, compiling. 
[2018.03.07-21.44.48:178][ 85]LogMaterial: Missing cached shader map for material CircleBrushMaterial, compiling. 
[2018.03.07-21.44.48:251][ 85]LogMaterial: Missing cached shader map for material CircleBrushMaterial, compiling. 
[2018.03.07-21.44.48:276][ 85]LogMaterial: Missing cached shader map for material CircleBrushMaterial, compiling. 
[2018.03.07-21.44.48:365][ 85]LogMaterial: Missing cached shader map for material AlphaBrushMaterial, compiling. 
[2018.03.07-21.44.48:397][ 85]LogMaterial: Missing cached shader map for material AlphaBrushMaterial, compiling. 
[2018.03.07-21.44.48:479][ 85]LogMaterial: Missing cached shader map for material CircleBrushMaterial, compiling. 
[2018.03.07-21.44.48:505][ 85]LogMaterial: Missing cached shader map for material CircleBrushMaterial, compiling. 
[2018.03.07-21.44.48:569][ 85]LogMaterial: Missing cached shader map for material MaskBrushMaterial, compiling. 
[2018.03.07-21.44.48:597][ 85]LogMaterial: Missing cached shader map for material MaskBrushMaterial, compiling. 
[2018.03.07-21.44.48:650][ 85]LogTexture: Display: Building textures: Texture2D_3 (G8, 128X128)
[2018.03.07-21.44.49:100][ 85]LogMaterial: Missing cached shader map for material FoliageBrushSphereMaterial, compiling. 
[2018.03.07-21.44.49:160][ 85]LogActorComponent: UnregisterComponent: (/Engine/Transient.SphereBrushComponent) Not registered. Aborting.
[2018.03.07-21.44.56:720][405]Cmd: OBJ SAVEPACKAGE PACKAGE="/Game/Maps/Level" FILE="../../../../../../Users/James/Documents/GitHub/FMP/FMP/Content/Maps/Level.umap" SILENT=true AUTOSAVING=false KEEPDIRTY=false
[2018.03.07-21.44.56:847][405]LogSavePackage: Save=52.13ms
[2018.03.07-21.44.56:847][405]LogSavePackage: Moving '../../../../../../Users/James/Documents/GitHub/FMP/FMP/Saved/Level27073C7A4A451F2902C9B19A9E180A4D.tmp' to '../../../../../../Users/James/Documents/GitHub/FMP/FMP/Content/Maps/Level.umap'
[2018.03.07-21.44.56:853][405]LogSavePackage: Display: Finished SavePackage ../../../../../../Users/James/Documents/GitHub/FMP/FMP/Content/Maps/Level.umap
[2018.03.07-21.44.56:920][405]LogFileHelpers: Saving map 'Level' took 0.346
[2018.03.07-21.44.56:933][405]Cmd: OBJ SAVEPACKAGE PACKAGE="/Game/Mussle_Flash/Shooting_d_Flasher" FILE="../../../../../../Users/James/Documents/GitHub/FMP/FMP/Content/Mussle_Flash/Shooting_d_Flasher.uasset" SILENT=true
[2018.03.07-21.44.56:962][405]LogSavePackage: Save=25.76ms
[2018.03.07-21.44.56:963][405]LogSavePackage: Moving '../../../../../../Users/James/Documents/GitHub/FMP/FMP/Saved/Shooting_d_FlasherE458CAB64D3A4F709D47EC95343CB9EC.tmp' to '../../../../../../Users/James/Documents/GitHub/FMP/FMP/Content/Mussle_Flash/Shooting_d_Flasher.uasset'
[2018.03.07-21.44.56:969][405]LogSavePackage: Display: Finished SavePackage ../../../../../../Users/James/Documents/GitHub/FMP/FMP/Content/Mussle_Flash/Shooting_d_Flasher.uasset
[2018.03.07-21.44.57:238][405]LogCascade: Quitting Cascade. FXSystem=0x0000021EB2CCB4C0
[2018.03.07-21.44.57:781][406]Cmd: QUIT_EDITOR
[2018.03.07-21.44.57:820][406]LogWindowsTextInputMethodSystem: Display: IME system now deactivated.
[2018.03.07-21.44.57:853][406]LogExit: Preparing to exit.
[2018.03.07-21.44.58:423][406]LogDirectoryWatcher: A directory notification for 'C:/Users/James/Documents/GitHub/FMP/FMP/Content/' was aborted.
[2018.03.07-21.44.58:550][406]LogExit: Editor shut down
[2018.03.07-21.44.58:610][406]LogExit: Transaction tracking system shut down
[2018.03.07-21.44.58:877][406]LogDirectoryWatcher: A directory notification for '../../../Engine/Content/' was aborted.
[2018.03.07-21.44.58:877][406]LogDirectoryWatcher: A directory notification for '../../../../../../Users/James/Documents/GitHub/FMP/FMP/Content/' was aborted.
[2018.03.07-21.44.58:877][406]LogDirectoryWatcher: A directory notification for '../../../Engine/Plugins/2D/Paper2D/Content/' was aborted.
[2018.03.07-21.44.58:877][406]LogDirectoryWatcher: A directory notification for '../../../Engine/Plugins/Media/MediaCompositing/Content/' was aborted.
[2018.03.07-21.44.58:877][406]LogDirectoryWatcher: A directory notification for '../../../Engine/Plugins/Runtime/AppleARKit/Content/' was aborted.
[2018.03.07-21.44.58:877][406]LogDirectoryWatcher: A directory notification for '../../../Engine/Plugins/Runtime/Oculus/OculusVR/Content/' was aborted.
[2018.03.07-21.44.58:877][406]LogDirectoryWatcher: A directory notification for '../../../Engine/Plugins/Runtime/Steam/SteamVR/Content/' was aborted.
[2018.03.07-21.44.59:088][406]LogExit: Object subsystem successfully closed.
[2018.03.07-21.44.59:119][406]LogD3D11RHI: Shutdown
[2018.03.07-21.44.59:119][406]LogD3D11RHI: CleanupD3DDevice
[2018.03.07-21.44.59:127][406]LogD3D11RHI: ~FD3D11DynamicRHI
[2018.03.07-21.44.59:176][406]LogModuleManager: Shutting down and abandoning module DistCurveEditor (560)
[2018.03.07-21.44.59:176][406]LogModuleManager: Shutting down and abandoning module Cascade (558)
[2018.03.07-21.44.59:176][406]LogModuleManager: Shutting down and abandoning module TextureEditor (556)
[2018.03.07-21.44.59:176][406]LogModuleManager: Shutting down and abandoning module MaterialEditor (554)
[2018.03.07-21.44.59:176][406]LogModuleManager: Shutting down and abandoning module BlueprintGraph (552)
[2018.03.07-21.44.59:176][406]LogModuleManager: Shutting down and abandoning module StaticMeshEditor (550)
[2018.03.07-21.44.59:176][406]LogModuleManager: Shutting down and abandoning module HierarchicalLODOutliner (548)
[2018.03.07-21.44.59:176][406]LogModuleManager: Shutting down and abandoning module SceneOutliner (546)
[2018.03.07-21.44.59:176][406]LogModuleManager: Shutting down and abandoning module AddContentDialog (544)
[2018.03.07-21.44.59:177][406]LogDirectoryWatcher: A directory notification for 'C:/Program Files/Epic Games/UE_4.18/FeaturePacks/' was aborted.
[2018.03.07-21.44.59:184][406]LogModuleManager: Shutting down and abandoning module WidgetCarousel (543)
[2018.03.07-21.44.59:184][406]LogModuleManager: Shutting down and abandoning module EditorWidgets (540)
[2018.03.07-21.44.59:184][406]LogModuleManager: Shutting down and abandoning module CollectionManager (538)
[2018.03.07-21.44.59:184][406]LogDirectoryWatcher: A directory notification for 'C:/Users/James/Documents/GitHub/FMP/FMP/Content/Collections/' was aborted.
[2018.03.07-21.44.59:184][406]LogDirectoryWatcher: A directory notification for 'C:/Users/James/Documents/GitHub/FMP/FMP/Content/Developers/James/Collections/' was aborted.
[2018.03.07-21.44.59:184][406]LogDirectoryWatcher: A directory notification for 'C:/Users/James/Documents/GitHub/FMP/FMP/Saved/Collections/' was aborted.
[2018.03.07-21.44.59:184][406]LogModuleManager: Shutting down and abandoning module StatsViewer (536)
[2018.03.07-21.44.59:184][406]LogModuleManager: Shutting down and abandoning module FoliageEdit (534)
[2018.03.07-21.44.59:184][406]LogModuleManager: Shutting down and abandoning module LandscapeEditor (532)
[2018.03.07-21.44.59:184][406]LogModuleManager: Shutting down and abandoning module MeshPaintMode (530)
[2018.03.07-21.44.59:185][406]LogModuleManager: Shutting down and abandoning module SceneDepthPickerMode (528)
[2018.03.07-21.44.59:185][406]LogModuleManager: Shutting down and abandoning module ActorPickerMode (526)
[2018.03.07-21.44.59:185][406]LogModuleManager: Shutting down and abandoning module GeometryMode (524)
[2018.03.07-21.44.59:185][406]LogModuleManager: Shutting down and abandoning module TextureAlignMode (522)
[2018.03.07-21.44.59:185][406]LogModuleManager: Shutting down and abandoning module BspMode (520)
[2018.03.07-21.44.59:185][406]LogModuleManager: Shutting down and abandoning module PIEPreviewDeviceProfileSelector (518)
[2018.03.07-21.44.59:185][406]LogModuleManager: Shutting down and abandoning module HardwareSurvey (516)
[2018.03.07-21.44.59:185][406]LogModuleManager: Shutting down and abandoning module SequenceRecorderSections (514)
[2018.03.07-21.44.59:185][406]LogModuleManager: Shutting down and abandoning module AutomationWorker (512)
[2018.03.07-21.44.59:185][406]LogModuleManager: Shutting down and abandoning module MatineeToLevelSequence (510)
[2018.03.07-21.44.59:185][406]LogModuleManager: Shutting down and abandoning module LevelSequenceEditor (508)
[2018.03.07-21.44.59:185][406]LogModuleManager: Shutting down and abandoning module PlacementMode (507)
[2018.03.07-21.44.59:185][406]LogModuleManager: Shutting down and abandoning module WmfMediaFactory (504)
[2018.03.07-21.44.59:185][406]LogModuleManager: Shutting down and abandoning module WmfMediaEditor (502)
[2018.03.07-21.44.59:185][406]LogModuleManager: Shutting down and abandoning module OpenExrWrapper (500)
[2018.03.07-21.44.59:185][406]LogModuleManager: Shutting down and abandoning module ImgMediaFactory (498)
[2018.03.07-21.44.59:185][406]LogModuleManager: Shutting down and abandoning module ImgMediaEditor (496)
[2018.03.07-21.44.59:186][406]LogModuleManager: Shutting down and abandoning module AvfMediaFactory (494)
[2018.03.07-21.44.59:186][406]LogModuleManager: Shutting down and abandoning module AvfMediaEditor (492)
[2018.03.07-21.44.59:186][406]LogModuleManager: Shutting down and abandoning module AndroidMediaFactory (490)
[2018.03.07-21.44.59:186][406]LogModuleManager: Shutting down and abandoning module AndroidMediaEditor (488)
[2018.03.07-21.44.59:186][406]LogModuleManager: Shutting down and abandoning module CharacterAI (486)
[2018.03.07-21.44.59:186][406]LogModuleManager: Shutting down and abandoning module AudioCapture (484)
[2018.03.07-21.44.59:186][406]LogModuleManager: Shutting down and abandoning module SequenceRecorder (483)
[2018.03.07-21.44.59:186][406]LogModuleManager: Shutting down and abandoning module SmartSnapping (480)
[2018.03.07-21.44.59:186][406]LogModuleManager: Shutting down and abandoning module SessionServices (478)
[2018.03.07-21.44.59:186][406]LogModuleManager: Shutting down and abandoning module ViewportSnapping (476)
[2018.03.07-21.44.59:186][406]LogModuleManager: Shutting down and abandoning module ViewportInteraction (474)
[2018.03.07-21.44.59:186][406]LogModuleManager: Shutting down and abandoning module ClothPainter (472)
[2018.03.07-21.44.59:186][406]LogModuleManager: Shutting down and abandoning module SkeletalMeshEditor (471)
[2018.03.07-21.44.59:186][406]LogModuleManager: Shutting down and abandoning module LogVisualizer (468)
[2018.03.07-21.44.59:187][406]LogModuleManager: Shutting down and abandoning module IntroTutorials (466)
[2018.03.07-21.44.59:187][406]LogModuleManager: Shutting down and abandoning module GameProjectGeneration (465)
[2018.03.07-21.44.59:187][406]LogModuleManager: Shutting down and abandoning module IOSPlatformEditor (462)
[2018.03.07-21.44.59:187][406]LogModuleManager: Shutting down and abandoning module HTML5PlatformEditor (460)
[2018.03.07-21.44.59:187][406]LogModuleManager: Shutting down and abandoning module AndroidPlatformEditor (458)
[2018.03.07-21.44.59:187][406]LogModuleManager: Shutting down and abandoning module AndroidDeviceDetection (457)
[2018.03.07-21.44.59:570][406]LogModuleManager: Shutting down and abandoning module WindowsPlatformEditor (454)
[2018.03.07-21.44.59:570][406]LogModuleManager: Shutting down and abandoning module IOSRuntimeSettings (452)
[2018.03.07-21.44.59:570][406]LogModuleManager: Shutting down and abandoning module AndroidRuntimeSettings (450)
[2018.03.07-21.44.59:570][406]LogModuleManager: Shutting down and abandoning module InputBindingEditor (448)
[2018.03.07-21.44.59:570][406]LogModuleManager: Shutting down and abandoning module MergeActors (446)
[2018.03.07-21.44.59:570][406]LogModuleManager: Shutting down and abandoning module SizeMap (444)
[2018.03.07-21.44.59:570][406]LogModuleManager: Shutting down and abandoning module TreeMap (442)
[2018.03.07-21.44.59:570][406]LogModuleManager: Shutting down and abandoning module ReferenceViewer (440)
[2018.03.07-21.44.59:570][406]LogModuleManager: Shutting down and abandoning module LocalizationDashboard (438)
[2018.03.07-21.44.59:570][406]LogModuleManager: Shutting down and abandoning module LocalizationService (437)
[2018.03.07-21.44.59:570][406]LogModuleManager: Shutting down and abandoning module HardwareTargeting (434)
[2018.03.07-21.44.59:570][406]LogModuleManager: Shutting down and abandoning module DeviceProfileEditor (432)
[2018.03.07-21.44.59:571][406]LogModuleManager: Shutting down and abandoning module UndoHistory (430)
[2018.03.07-21.44.59:571][406]LogModuleManager: Shutting down and abandoning module XmlParser (428)
[2018.03.07-21.44.59:571][406]LogModuleManager: Shutting down and abandoning module Blutility (426)
[2018.03.07-21.44.59:571][406]LogModuleManager: Shutting down and abandoning module ProjectSettingsViewer (424)
[2018.03.07-21.44.59:571][406]LogModuleManager: Shutting down and abandoning module ProjectTargetPlatformEditor (423)
[2018.03.07-21.44.59:571][406]LogModuleManager: Shutting down and abandoning module EditorSettingsViewer (420)
[2018.03.07-21.44.59:571][406]LogModuleManager: Shutting down and abandoning module SettingsEditor (418)
[2018.03.07-21.44.59:571][406]LogModuleManager: Shutting down and abandoning module ProjectLauncher (416)
[2018.03.07-21.44.59:572][406]LogModuleManager: Shutting down and abandoning module SessionFrontend (414)
[2018.03.07-21.44.59:572][406]LogModuleManager: Shutting down and abandoning module ProfilerClient (412)
[2018.03.07-21.44.59:572][406]LogModuleManager: Shutting down and abandoning module DeviceManager (410)
[2018.03.07-21.44.59:572][406]LogModuleManager: Shutting down and abandoning module TargetDeviceServices (409)
[2018.03.07-21.44.59:624][406]LogModuleManager: Shutting down and abandoning module AutomationController (406)
[2018.03.07-21.44.59:624][406]LogModuleManager: Shutting down and abandoning module AutomationWindow (404)
[2018.03.07-21.44.59:624][406]LogModuleManager: Shutting down and abandoning module Layers (402)
[2018.03.07-21.44.59:625][406]LogModuleManager: Shutting down and abandoning module ComponentVisualizers (400)
[2018.03.07-21.44.59:625][406]LogModuleManager: Shutting down and abandoning module DetailCustomizations (398)
[2018.03.07-21.44.59:625][406]LogModuleManager: Shutting down and abandoning module PackagesDialog (396)
[2018.03.07-21.44.59:626][406]LogModuleManager: Shutting down and abandoning module Persona (394)
[2018.03.07-21.44.59:626][406]LogModuleManager: Shutting down and abandoning module AdvancedPreviewScene (393)
[2018.03.07-21.44.59:626][406]LogModuleManager: Shutting down and abandoning module AnimGraph (391)
[2018.03.07-21.44.59:626][406]LogModuleManager: Shutting down and abandoning module Kismet (388)
[2018.03.07-21.44.59:638][406]LogModuleManager: Shutting down and abandoning module ClassViewer (386)
[2018.03.07-21.44.59:640][406]LogModuleManager: Shutting down and abandoning module Toolbox (384)
[2018.03.07-21.44.59:640][406]LogModuleManager: Shutting down and abandoning module ModuleUI (382)
[2018.03.07-21.44.59:640][406]LogModuleManager: Shutting down and abandoning module MovieSceneTools (380)
[2018.03.07-21.44.59:640][406]LogModuleManager: Shutting down and abandoning module OutputLog (378)
[2018.03.07-21.44.59:640][406]LogModuleManager: Shutting down and abandoning module GammaUI (376)
[2018.03.07-21.44.59:640][406]LogModuleManager: Shutting down and abandoning module Documentation (374)
[2018.03.07-21.44.59:641][406]LogModuleManager: Shutting down and abandoning module MovieSceneTracks (372)
[2018.03.07-21.44.59:641][406]LogModuleManager: Shutting down and abandoning module MovieScene (370)
[2018.03.07-21.44.59:641][406]LogModuleManager: Shutting down and abandoning module StreamingPauseRendering (368)
[2018.03.07-21.44.59:641][406]LogModuleManager: Shutting down and abandoning module LauncherPlatform (366)
[2018.03.07-21.44.59:641][406]LogModuleManager: Shutting down and abandoning module AnalyticsET (364)
[2018.03.07-21.44.59:641][406]LogModuleManager: Shutting down and abandoning module PortalServices (362)
[2018.03.07-21.44.59:641][406]LogModuleManager: Shutting down and abandoning module PortalRpc (360)
[2018.03.07-21.44.59:641][406]LogModuleManager: Shutting down and abandoning module MessagingRpc (358)
[2018.03.07-21.44.59:641][406]LogModuleManager: Shutting down and abandoning module AIModule (356)
[2018.03.07-21.44.59:641][406]LogModuleManager: Shutting down and abandoning module GameplayDebugger (355)
[2018.03.07-21.44.59:641][406]LogModuleManager: Shutting down and abandoning module AITestSuite (353)
[2018.03.07-21.44.59:641][406]LogModuleManager: Shutting down and abandoning module DesktopPlatform (350)
[2018.03.07-21.44.59:641][406]LogModuleManager: Shutting down and abandoning module ProfilerService (348)
[2018.03.07-21.44.59:877][406]LogModuleManager: Shutting down and abandoning module TaskGraph (346)
[2018.03.07-21.44.59:877][406]LogModuleManager: Shutting down and abandoning module SteamVRController (344)
[2018.03.07-21.44.59:877][406]LogModuleManager: Shutting down and abandoning module ProceduralMeshComponentEditor (342)
[2018.03.07-21.44.59:877][406]LogModuleManager: Shutting down and abandoning module ProceduralMeshComponent (340)
[2018.03.07-21.44.59:877][406]LogModuleManager: Shutting down and abandoning module OculusInput (338)
[2018.03.07-21.44.59:878][406]LogModuleManager: Shutting down and abandoning module MobilePatchingUtils (336)
[2018.03.07-21.44.59:878][406]LogModuleManager: Shutting down and abandoning module CustomMeshComponent (334)
[2018.03.07-21.44.59:878][406]LogModuleManager: Shutting down and abandoning module CableComponent (332)
[2018.03.07-21.44.59:878][406]LogModuleManager: Shutting down and abandoning module ArchVisCharacter (330)
[2018.03.07-21.44.59:878][406]LogModuleManager: Shutting down and abandoning module AndroidPermission (328)
[2018.03.07-21.44.59:878][406]LogModuleManager: Shutting down and abandoning module ActorSequence (324)
[2018.03.07-21.44.59:878][406]LogModuleManager: Shutting down and abandoning module MediaPlayerEditor (322)
[2018.03.07-21.44.59:878][406]LogModuleManager: Shutting down and abandoning module MediaCompositingEditor (320)
[2018.03.07-21.44.59:878][406]LogModuleManager: Shutting down and abandoning module MediaCompositing (318)
[2018.03.07-21.44.59:880][406]LogModuleManager: Shutting down and abandoning module HTML5Networking (316)
[2018.03.07-21.44.59:880][406]LogModuleManager: Shutting down and abandoning module AlembicImporter (314)
[2018.03.07-21.44.59:880][406]LogModuleManager: Shutting down and abandoning module AlembicLibrary (313)
[2018.03.07-21.44.59:880][406]LogModuleManager: Shutting down and abandoning module GeometryCache (312)
[2018.03.07-21.44.59:899][406]LogModuleManager: Shutting down and abandoning module GeometryCacheEd (311)
[2018.03.07-21.44.59:900][406]LogModuleManager: Shutting down and abandoning module SpeedTreeImporter (306)
[2018.03.07-21.44.59:900][406]LogModuleManager: Shutting down and abandoning module PluginBrowser (304)
[2018.03.07-21.44.59:900][406]LogModuleManager: Shutting down and abandoning module MobileLauncherProfileWizard (302)
[2018.03.07-21.44.59:900][406]LogModuleManager: Shutting down and abandoning module VisualStudioSourceCodeAccess (300)
[2018.03.07-21.44.59:900][406]LogModuleManager: Shutting down and abandoning module VisualStudioCodeSourceCodeAccess (298)
[2018.03.07-21.44.59:900][406]LogModuleManager: Shutting down and abandoning module UObjectPlugin (296)
[2018.03.07-21.44.59:900][406]LogModuleManager: Shutting down and abandoning module SubversionSourceControl (294)
[2018.03.07-21.44.59:900][406]LogModuleManager: Shutting down and abandoning module PerforceSourceControl (292)
[2018.03.07-21.44.59:900][406]LogModuleManager: Shutting down and abandoning module GitSourceControl (290)
[2018.03.07-21.44.59:900][406]LogModuleManager: Shutting down and abandoning module SourceControl (289)
[2018.03.07-21.44.59:901][406]LogModuleManager: Shutting down and abandoning module LightPropagationVolumeEditor (286)
[2018.03.07-21.44.59:901][406]LogModuleManager: Shutting down and abandoning module PaperTiledImporter (284)
[2018.03.07-21.44.59:901][406]LogModuleManager: Shutting down and abandoning module PaperSpriteSheetImporter (282)
[2018.03.07-21.44.59:901][406]LogModuleManager: Shutting down and abandoning module Paper2DEditor (280)
[2018.03.07-21.44.59:901][406]LogModuleManager: Shutting down and abandoning module MeshPaint (279)
[2018.03.07-21.44.59:901][406]LogModuleManager: Shutting down and abandoning module LevelEditor (277)
[2018.03.07-21.44.59:903][406]LogModuleManager: Shutting down and abandoning module PixelInspectorModule (276)
[2018.03.07-21.44.59:903][406]LogModuleManager: Shutting down and abandoning module MainFrame (274)
[2018.03.07-21.44.59:903][406]LogModuleManager: Shutting down and abandoning module HotReload (273)
[2018.03.07-21.44.59:904][406]LogModuleManager: Shutting down and abandoning module RuntimePhysXCooking (268)
[2018.03.07-21.44.59:904][406]LogModuleManager: Shutting down and abandoning module PhysXVehiclesEditor (266)
[2018.03.07-21.44.59:904][406]LogModuleManager: Shutting down and abandoning module PhysXVehicles (264)
[2018.03.07-21.44.59:904][406]LogModuleManager: Shutting down and abandoning module OculusEditor (262)
[2018.03.07-21.44.59:904][406]LogModuleManager: Shutting down and abandoning module LocationServicesBPLibrary (260)
[2018.03.07-21.44.59:905][406]LogModuleManager: Shutting down and abandoning module ImmediatePhysicsEditor (258)
[2018.03.07-21.44.59:905][406]LogModuleManager: Shutting down and abandoning module ImmediatePhysics (256)
[2018.03.07-21.44.59:905][406]LogModuleManager: Shutting down and abandoning module UdpMessaging (254)
[2018.03.07-21.45.00:163][406]LogModuleManager: Shutting down and abandoning module TcpMessaging (252)
[2018.03.07-21.45.00:263][406]LogModuleManager: Shutting down and abandoning module GameplayTagsEditor (250)
[2018.03.07-21.45.00:263][406]LogModuleManager: Shutting down and abandoning module FacialAnimationEditor (248)
[2018.03.07-21.45.00:263][406]LogModuleManager: Shutting down and abandoning module FacialAnimation (246)
[2018.03.07-21.45.00:263][406]LogModuleManager: Shutting down and abandoning module AssetManagerEditor (244)
[2018.03.07-21.45.00:264][406]LogModuleManager: Shutting down and abandoning module GraphEditor (243)
[2018.03.07-21.45.00:264][406]LogModuleManager: Shutting down and abandoning module ContentBrowser (241)
[2018.03.07-21.45.00:268][406]LogModuleManager: Shutting down and abandoning module LightPropagationVolumeRuntime (238)
[2018.03.07-21.45.00:268][406]LogModuleManager: Shutting down and abandoning module Paper2D (236)
[2018.03.07-21.45.00:268][406]LogModuleManager: Shutting down and abandoning module WindowsMoviePlayer (234)
[2018.03.07-21.45.00:268][406]LogModuleManager: Shutting down and abandoning module WmfMedia (232)
[2018.03.07-21.45.00:273][406]LogModuleManager: Shutting down and abandoning module ImgMedia (230)
[2018.03.07-21.45.00:273][406]LogModuleManager: Shutting down and abandoning module PacketHandler (228)
[2018.03.07-21.45.00:273][406]LogModuleManager: Shutting down and abandoning module ClothingSystemEditor (226)
[2018.03.07-21.45.00:273][406]LogModuleManager: Shutting down and abandoning module ClothingSystemRuntime (224)
[2018.03.07-21.45.00:273][406]LogModuleManager: Shutting down and abandoning module MediaAssets (222)
[2018.03.07-21.45.00:273][406]LogModuleManager: Shutting down and abandoning module Media (221)
[2018.03.07-21.45.00:283][406]LogModuleManager: Shutting down and abandoning module Overlay (218)
[2018.03.07-21.45.00:283][406]LogModuleManager: Shutting down and abandoning module OverlayEditor (217)
[2018.03.07-21.45.00:283][406]LogModuleManager: Shutting down and abandoning module VREditor (214)
[2018.03.07-21.45.00:283][406]LogModuleManager: Shutting down and abandoning module StringTableEditor (212)
[2018.03.07-21.45.00:283][406]LogModuleManager: Shutting down and abandoning module GameplayTasksEditor (210)
[2018.03.07-21.45.00:283][406]LogModuleManager: Shutting down and abandoning module BehaviorTreeEditor (208)
[2018.03.07-21.45.00:284][406]LogModuleManager: Shutting down and abandoning module FunctionalTesting (206)
[2018.03.07-21.45.00:284][406]LogModuleManager: Shutting down and abandoning module CollisionAnalyzer (204)
[2018.03.07-21.45.00:284][406]LogModuleManager: Shutting down and abandoning module WorkspaceMenuStructure (203)
[2018.03.07-21.45.00:284][406]LogModuleManager: Shutting down and abandoning module UMG (200)
[2018.03.07-21.45.00:284][406]LogModuleManager: Shutting down and abandoning module UMGEditor (199)
[2018.03.07-21.45.00:284][406]LogModuleManager: Shutting down and abandoning module Sequencer (198)
[2018.03.07-21.45.00:284][406]LogModuleManager: Shutting down and abandoning module MessageLog (195)
[2018.03.07-21.45.00:284][406]LogModuleManager: Shutting down and abandoning module SlateReflector (190)
[2018.03.07-21.45.00:284][406]LogModuleManager: Shutting down and abandoning module Slate (188)
[2018.03.07-21.45.00:284][406]LogModuleManager: Shutting down and abandoning module EditorStyle (186)
[2018.03.07-21.45.00:289][406]LogModuleManager: Shutting down and abandoning module MRMesh (184)
[2018.03.07-21.45.00:289][406]LogModuleManager: Shutting down and abandoning module SourceCodeAccess (182)
[2018.03.07-21.45.00:290][406]LogModuleManager: Shutting down and abandoning module HeadMountedDisplay (180)
[2018.03.07-21.45.00:290][406]LogModuleManager: Shutting down and abandoning module XAudio2 (178)
[2018.03.07-21.45.00:290][406]LogModuleManager: Shutting down and abandoning module Networking (176)
[2018.03.07-21.45.00:290][406]LogModuleManager: Shutting down and abandoning module Core (172)
[2018.03.07-21.45.00:290][406]LogModuleManager: Shutting down and abandoning module LevelSequence (168)
[2018.03.07-21.45.00:290][406]LogModuleManager: Shutting down and abandoning module DirectoryWatcher (166)
[2018.03.07-21.45.00:299][406]LogModuleManager: Shutting down and abandoning module KismetCompiler (164)
[2018.03.07-21.45.00:299][406]LogModuleManager: Shutting down and abandoning module MeshUtilities (162)
[2018.03.07-21.45.00:299][406]LogModuleManager: Shutting down and abandoning module MeshMergeUtilities (161)
[2018.03.07-21.45.00:299][406]LogModuleManager: Shutting down and abandoning module MeshReductionInterface (160)
[2018.03.07-21.45.00:299][406]LogModuleManager: Shutting down and abandoning module SimplygonSwarm (159)
[2018.03.07-21.45.00:299][406]LogModuleManager: Shutting down and abandoning module SimplygonMeshReduction (157)
[2018.03.07-21.45.00:299][406]LogModuleManager: Shutting down and abandoning module QuadricMeshReduction (155)
[2018.03.07-21.45.00:299][406]LogModuleManager: Shutting down and abandoning module MaterialBaking (151)
[2018.03.07-21.45.00:299][406]LogModuleManager: Shutting down and abandoning module DerivedDataCache (148)
[2018.03.07-21.45.00:314][406]LogDerivedDataCache: Shutdown
[2018.03.07-21.45.00:315][406]LogModuleManager: Shutting down and abandoning module TargetPlatform (146)
[2018.03.07-21.45.00:315][406]LogModuleManager: Shutting down and abandoning module VulkanShaderFormat (145)
[2018.03.07-21.45.00:315][406]LogModuleManager: Shutting down and abandoning module ShaderFormatVectorVM (143)
[2018.03.07-21.45.00:315][406]LogModuleManager: Shutting down and abandoning module ShaderFormatOpenGL (141)
[2018.03.07-21.45.00:315][406]LogModuleManager: Shutting down and abandoning module ShaderFormatD3D (139)
[2018.03.07-21.45.00:315][406]LogModuleManager: Shutting down and abandoning module MetalShaderFormat (137)
[2018.03.07-21.45.00:315][406]LogModuleManager: Shutting down and abandoning module TextureFormatUncompressed (135)
[2018.03.07-21.45.00:315][406]LogModuleManager: Shutting down and abandoning module TextureFormatPVR (133)
[2018.03.07-21.45.00:315][406]LogModuleManager: Shutting down and abandoning module TextureFormatDXT (131)
[2018.03.07-21.45.00:315][406]LogModuleManager: Shutting down and abandoning module TextureFormatIntelISPCTexComp (129)
[2018.03.07-21.45.00:316][406]LogModuleManager: Shutting down and abandoning module TextureFormatASTC (127)
[2018.03.07-21.45.00:316][406]LogModuleManager: Shutting down and abandoning module ImageWrapper (126)
[2018.03.07-21.45.00:316][406]LogModuleManager: Shutting down and abandoning module TextureFormatAndroid (123)
[2018.03.07-21.45.00:316][406]LogModuleManager: Shutting down and abandoning module AudioFormatOpus (121)
[2018.03.07-21.45.00:316][406]LogModuleManager: Shutting down and abandoning module AudioFormatOgg (119)
[2018.03.07-21.45.00:316][406]LogModuleManager: Shutting down and abandoning module AudioFormatADPCM (117)
[2018.03.07-21.45.00:316][406]LogModuleManager: Shutting down and abandoning module LinuxTargetPlatform (115)
[2018.03.07-21.45.00:316][406]LogModuleManager: Shutting down and abandoning module LinuxServerTargetPlatform (113)
[2018.03.07-21.45.00:316][406]LogModuleManager: Shutting down and abandoning module LinuxNoEditorTargetPlatform (111)
[2018.03.07-21.45.00:316][406]LogModuleManager: Shutting down and abandoning module LinuxClientTargetPlatform (109)
[2018.03.07-21.45.00:316][406]LogModuleManager: Shutting down and abandoning module TVOSTargetPlatform (107)
[2018.03.07-21.45.00:316][406]LogModuleManager: Shutting down and abandoning module Messaging (105)
[2018.03.07-21.45.00:317][406]LogModuleManager: Shutting down and abandoning module IOSTargetPlatform (103)
[2018.03.07-21.45.00:317][406]LogModuleManager: Shutting down and abandoning module HTML5TargetPlatform (101)
[2018.03.07-21.45.00:317][406]LogModuleManager: Shutting down and abandoning module AndroidTargetPlatform (99)
[2018.03.07-21.45.00:317][406]LogModuleManager: Shutting down and abandoning module Android_PVRTCTargetPlatform (97)
[2018.03.07-21.45.00:317][406]LogModuleManager: Shutting down and abandoning module Android_MultiTargetPlatform (95)
[2018.03.07-21.45.00:317][406]LogModuleManager: Shutting down and abandoning module Android_ETC2TargetPlatform (93)
[2018.03.07-21.45.00:317][406]LogModuleManager: Shutting down and abandoning module Android_ETC1TargetPlatform (91)
[2018.03.07-21.45.00:317][406]LogModuleManager: Shutting down and abandoning module Android_DXTTargetPlatform (89)
[2018.03.07-21.45.00:317][406]LogModuleManager: Shutting down and abandoning module Android_ATCTargetPlatform (87)
[2018.03.07-21.45.00:317][406]LogModuleManager: Shutting down and abandoning module Android_ASTCTargetPlatform (85)
[2018.03.07-21.45.00:317][406]LogModuleManager: Shutting down and abandoning module WindowsTargetPlatform (83)
[2018.03.07-21.45.00:317][406]LogModuleManager: Shutting down and abandoning module WindowsServerTargetPlatform (81)
[2018.03.07-21.45.00:317][406]LogModuleManager: Shutting down and abandoning module WindowsNoEditorTargetPlatform (79)
[2018.03.07-21.45.00:317][406]LogModuleManager: Shutting down and abandoning module WindowsClientTargetPlatform (77)
[2018.03.07-21.45.00:317][406]LogModuleManager: Shutting down and abandoning module MacTargetPlatform (75)
[2018.03.07-21.45.00:317][406]LogModuleManager: Shutting down and abandoning module MacServerTargetPlatform (73)
[2018.03.07-21.45.00:317][406]LogModuleManager: Shutting down and abandoning module MacNoEditorTargetPlatform (71)
[2018.03.07-21.45.00:317][406]LogModuleManager: Shutting down and abandoning module MacClientTargetPlatform (69)
[2018.03.07-21.45.00:317][406]LogModuleManager: Shutting down and abandoning module AllDesktopTargetPlatform (67)
[2018.03.07-21.45.00:317][406]LogModuleManager: Shutting down and abandoning module InputCore (64)
[2018.03.07-21.45.00:318][406]LogModuleManager: Shutting down and abandoning module Settings (62)
[2018.03.07-21.45.00:318][406]LogModuleManager: Shutting down and abandoning module PhysXCooking (60)
[2018.03.07-21.45.00:318][406]LogModuleManager: Shutting down and abandoning module SteamVR (58)
[2018.03.07-21.45.00:318][406]LogModuleManager: Shutting down and abandoning module OculusHMD (56)
[2018.03.07-21.45.00:318][406]LogModuleManager: Shutting down and abandoning module ExampleDeviceProfileSelector (54)
[2018.03.07-21.45.00:318][406]LogModuleManager: Shutting down and abandoning module AppleARKit (52)
[2018.03.07-21.45.00:318][406]LogModuleManager: Shutting down and abandoning module AugmentedReality (51)
[2018.03.07-21.45.00:318][406]LogModuleManager: Shutting down and abandoning module OnlineBlueprintSupport (48)
[2018.03.07-21.45.00:318][406]LogModuleManager: Shutting down and abandoning module OnlineSubsystem (44)
[2018.03.07-21.45.00:318][406]LogModuleManager: Shutting down and abandoning module XMPP (43)
[2018.03.07-21.45.00:318][406]LogModuleManager: Shutting down and abandoning module HTTP (41)
[2018.03.07-21.45.00:318][406]LogHttp: Display: Http module shutting down, but needs to wait on 1 outstanding Http requests:
[2018.03.07-21.45.00:318][406]LogHttp: Display: 	verb=[POST] url=[https://datarouter.ol.epicgames.com/datarouter/api/v1/public/data?SessionID=%7B86EE6752-40E0-B6C5-628A-868DEEA94CFE%7D&AppID=UEEditor.Rocket.Release&AppVersion=4.18.3-3832480%2B%2B%2BUE4%2BRelease-4.18&UserID=68f625494a4c91fa125b56872b592b27%7C0cc6c1275bef46e4a668b4810d6f3264%7C54152b77-585d-4d99-acc0-49d4c7235ce5&AppEnvironment=datacollector-binary&UploadType=eteventstream] status=Processing
[2018.03.07-21.45.00:329][406]LogModuleManager: Shutting down and abandoning module SSL (40)
[2018.03.07-21.45.00:331][406]LogModuleManager: Shutting down and abandoning module AnimationModifiers (36)
[2018.03.07-21.45.00:331][406]LogModuleManager: Shutting down and abandoning module PropertyEditor (35)
[2018.03.07-21.45.00:331][406]LogModuleManager: Shutting down and abandoning module AudioEditor (32)
[2018.03.07-21.45.00:331][406]LogModuleManager: Shutting down and abandoning module TextureCompressor (30)
[2018.03.07-21.45.00:331][406]LogModuleManager: Shutting down and abandoning module ShaderCore (28)
[2018.03.07-21.45.00:331][406]LogModuleManager: Shutting down and abandoning module Landscape (26)
[2018.03.07-21.45.00:331][406]LogModuleManager: Shutting down and abandoning module SlateRHIRenderer (24)
[2018.03.07-21.45.00:334][406]LogModuleManager: Shutting down and abandoning module OpenGLDrv (22)
[2018.03.07-21.45.00:334][406]LogModuleManager: Shutting down and abandoning module D3D11RHI (20)
[2018.03.07-21.45.00:334][406]LogModuleManager: Shutting down and abandoning module AnimGraphRuntime (18)
[2018.03.07-21.45.00:334][406]LogModuleManager: Shutting down and abandoning module Renderer (16)
[2018.03.07-21.45.00:334][406]LogModuleManager: Shutting down and abandoning module Engine (14)
[2018.03.07-21.45.00:334][406]LogModuleManager: Shutting down and abandoning module CoreUObject (12)
[2018.03.07-21.45.00:334][406]LogModuleManager: Shutting down and abandoning module NetworkFile (10)
[2018.03.07-21.45.00:334][406]LogModuleManager: Shutting down and abandoning module CookedIterativeFile (8)
[2018.03.07-21.45.00:335][406]LogModuleManager: Shutting down and abandoning module StreamingFile (6)
[2018.03.07-21.45.00:335][406]LogModuleManager: Shutting down and abandoning module SandboxFile (4)
[2018.03.07-21.45.00:335][406]LogModuleManager: Shutting down and abandoning module PakFile (2)
[2018.03.07-21.45.00:339][406]LogExit: Exiting.
[2018.03.07-21.45.00:379][406]Log file closed, 03/07/18 21:45:00
