Log file open, 04/03/18 10:46:18
LogWindows: Failed to load 'aqProf.dll' (GetLastError=126)
LogWindows: File 'aqProf.dll' does not exist
LogWindows: Failed to load 'VSPerf140.dll' (GetLastError=126)
LogWindows: File 'VSPerf140.dll' does not exist
LogWindows: Failed to load 'VtuneApi.dll' (GetLastError=126)
LogWindows: File 'VtuneApi.dll' does not exist
LogWindows: Failed to load 'VtuneApi32e.dll' (GetLastError=126)
LogWindows: File 'VtuneApi32e.dll' does not exist
LogInit: Display: Running engine for game: FMP
LogPlatformFile: Not using cached read wrapper
LogInit: Display: RandInit(220228211) SRandInit(220228211).
LogInit: Read version file with build ID '3709383'
LogInit: Overriding engine version to CL 3832480, compatible CL 3709383
LogInit: Registered custom module enumerator with build ID '3709383'
LogTaskGraph: Started task graph with 5 named threads and 8 total threads with 3 sets of task threads.
LogStats: Stats thread started at 9.032190
LogD3D11RHI: Aftermath initialized
LogModuleManager: Display: Found up-to-date module file ../../../Engine/Plugins/2D/Paper2D/Binaries/Win64/UE4Editor-Paper2D.dll (API version 3709383).
LogModuleManager: Display: Found up-to-date module file ../../../Engine/Plugins/2D/Paper2D/Binaries/Win64/UE4Editor-Paper2DEditor.dll (API version 3709383).
LogModuleManager: Display: Found up-to-date module file ../../../Engine/Plugins/2D/Paper2D/Binaries/Win64/UE4Editor-PaperSpriteSheetImporter.dll (API version 3709383).
LogModuleManager: Display: Found up-to-date module file ../../../Engine/Plugins/2D/Paper2D/Binaries/Win64/UE4Editor-PaperTiledImporter.dll (API version 3709383).
LogModuleManager: Display: Found up-to-date module file ../../../Engine/Plugins/2D/Paper2D/Binaries/Win64/UE4Editor-SmartSnapping.dll (API version 3709383).
LogModuleManager: Display: Found up-to-date module file ../../../Engine/Plugins/Blendables/LightPropagationVolume/Binaries/Win64/UE4Editor-LightPropagationVolumeRuntime.dll (API version 3709383).
LogModuleManager: Display: Found up-to-date module file ../../../Engine/Plugins/Blendables/LightPropagationVolume/Binaries/Win64/UE4Editor-LightPropagationVolumeEditor.dll (API version 3709383).
LogModuleManager: Display: Found up-to-date module file ../../../Engine/Plugins/Developer/GitSourceControl/Binaries/Win64/UE4Editor-GitSourceControl.dll (API version 3709383).
LogModuleManager: Display: Found up-to-date module file ../../../Engine/Plugins/Developer/PerforceSourceControl/Binaries/Win64/UE4Editor-PerforceSourceControl.dll (API version 3709383).
LogModuleManager: Display: Found up-to-date module file ../../../Engine/Plugins/Developer/SubversionSourceControl/Binaries/Win64/UE4Editor-SubversionSourceControl.dll (API version 3709383).
LogModuleManager: Display: Found up-to-date module file ../../../Engine/Plugins/Developer/UObjectPlugin/Binaries/Win64/UE4Editor-UObjectPlugin.dll (API version 3709383).
LogModuleManager: Display: Found up-to-date module file ../../../Engine/Plugins/Developer/VisualStudioCodeSourceCodeAccess/Binaries/Win64/UE4Editor-VisualStudioCodeSourceCodeAccess.dll (API version 3709383).
LogModuleManager: Display: Found up-to-date module file ../../../Engine/Plugins/Developer/VisualStudioSourceCodeAccess/Binaries/Win64/UE4Editor-VisualStudioSourceCodeAccess.dll (API version 3709383).
LogModuleManager: Display: Found up-to-date module file ../../../Engine/Plugins/Editor/AssetManagerEditor/Binaries/Win64/UE4Editor-AssetManagerEditor.dll (API version 3709383).
LogModuleManager: Display: Found up-to-date module file ../../../Engine/Plugins/Editor/AudioCapture/Binaries/Win64/UE4Editor-AudioCapture.dll (API version 3709383).
LogModuleManager: Display: Found up-to-date module file ../../../Engine/Plugins/Editor/FacialAnimation/Binaries/Win64/UE4Editor-FacialAnimation.dll (API version 3709383).
LogModuleManager: Display: Found up-to-date module file ../../../Engine/Plugins/Editor/FacialAnimation/Binaries/Win64/UE4Editor-FacialAnimationEditor.dll (API version 3709383).
LogModuleManager: Display: Found up-to-date module file ../../../Engine/Plugins/Editor/GameplayTagsEditor/Binaries/Win64/UE4Editor-GameplayTagsEditor.dll (API version 3709383).
LogModuleManager: Display: Found up-to-date module file ../../../Engine/Plugins/Editor/MobileLauncherProfileWizard/Binaries/Win64/UE4Editor-MobileLauncherProfileWizard.dll (API version 3709383).
LogModuleManager: Display: Found up-to-date module file ../../../Engine/Plugins/Editor/PluginBrowser/Binaries/Win64/UE4Editor-PluginBrowser.dll (API version 3709383).
LogModuleManager: Display: Found up-to-date module file ../../../Engine/Plugins/Editor/SpeedTreeImporter/Binaries/Win64/UE4Editor-SpeedTreeImporter.dll (API version 3709383).
LogModuleManager: Display: Found up-to-date module file ../../../Engine/Plugins/Experimental/AlembicImporter/Binaries/Win64/UE4Editor-AlembicImporter.dll (API version 3709383).
LogModuleManager: Display: Found up-to-date module file ../../../Engine/Plugins/Experimental/AlembicImporter/Binaries/Win64/UE4Editor-AlembicLibrary.dll (API version 3709383).
LogModuleManager: Display: Found up-to-date module file ../../../Engine/Plugins/Experimental/CharacterAI/Binaries/Win64/UE4Editor-CharacterAI.dll (API version 3709383).
LogModuleManager: Display: Found up-to-date module file ../../../Engine/Plugins/Experimental/HTML5Networking/Binaries/Win64/UE4Editor-HTML5Networking.dll (API version 3709383).
LogModuleManager: Display: Found up-to-date module file ../../../Engine/Plugins/Media/AndroidMedia/Binaries/Win64/UE4Editor-AndroidMediaEditor.dll (API version 3709383).
LogModuleManager: Display: Found up-to-date module file ../../../Engine/Plugins/Media/AndroidMedia/Binaries/Win64/UE4Editor-AndroidMediaFactory.dll (API version 3709383).
LogModuleManager: Display: Found up-to-date module file ../../../Engine/Plugins/Media/AvfMedia/Binaries/Win64/UE4Editor-AvfMediaEditor.dll (API version 3709383).
LogModuleManager: Display: Found up-to-date module file ../../../Engine/Plugins/Media/AvfMedia/Binaries/Win64/UE4Editor-AvfMediaFactory.dll (API version 3709383).
LogModuleManager: Display: Found up-to-date module file ../../../Engine/Plugins/Media/AvfMedia/Binaries/Win64/UE4Editor-AvfMediaFactory.dll (API version 3709383).
LogModuleManager: Display: Found up-to-date module file ../../../Engine/Plugins/Media/ImgMedia/Binaries/Win64/UE4Editor-ImgMedia.dll (API version 3709383).
LogModuleManager: Display: Found up-to-date module file ../../../Engine/Plugins/Media/ImgMedia/Binaries/Win64/UE4Editor-ImgMediaEditor.dll (API version 3709383).
LogModuleManager: Display: Found up-to-date module file ../../../Engine/Plugins/Media/ImgMedia/Binaries/Win64/UE4Editor-ImgMediaFactory.dll (API version 3709383).
LogModuleManager: Display: Found up-to-date module file ../../../Engine/Plugins/Media/ImgMedia/Binaries/Win64/UE4Editor-ImgMediaFactory.dll (API version 3709383).
LogModuleManager: Display: Found up-to-date module file ../../../Engine/Plugins/Media/ImgMedia/Binaries/Win64/UE4Editor-OpenExrWrapper.dll (API version 3709383).
LogModuleManager: Display: Found up-to-date module file ../../../Engine/Plugins/Media/MediaCompositing/Binaries/Win64/UE4Editor-MediaCompositing.dll (API version 3709383).
LogModuleManager: Display: Found up-to-date module file ../../../Engine/Plugins/Media/MediaCompositing/Binaries/Win64/UE4Editor-MediaCompositingEditor.dll (API version 3709383).
LogModuleManager: Display: Found up-to-date module file ../../../Engine/Plugins/Media/MediaPlayerEditor/Binaries/Win64/UE4Editor-MediaPlayerEditor.dll (API version 3709383).
LogModuleManager: Display: Found up-to-date module file ../../../Engine/Plugins/Media/WmfMedia/Binaries/Win64/UE4Editor-WmfMedia.dll (API version 3709383).
LogModuleManager: Display: Found up-to-date module file ../../../Engine/Plugins/Media/WmfMedia/Binaries/Win64/UE4Editor-WmfMediaEditor.dll (API version 3709383).
LogModuleManager: Display: Found up-to-date module file ../../../Engine/Plugins/Media/WmfMedia/Binaries/Win64/UE4Editor-WmfMediaFactory.dll (API version 3709383).
LogModuleManager: Display: Found up-to-date module file ../../../Engine/Plugins/Media/WmfMedia/Binaries/Win64/UE4Editor-WmfMediaFactory.dll (API version 3709383).
LogModuleManager: Display: Found up-to-date module file ../../../Engine/Plugins/Messaging/TcpMessaging/Binaries/Win64/UE4Editor-TcpMessaging.dll (API version 3709383).
LogModuleManager: Display: Found up-to-date module file ../../../Engine/Plugins/Messaging/UdpMessaging/Binaries/Win64/UE4Editor-UdpMessaging.dll (API version 3709383).
LogModuleManager: Display: Found up-to-date module file ../../../Engine/Plugins/MovieScene/ActorSequence/Binaries/Win64/UE4Editor-ActorSequence.dll (API version 3709383).
LogModuleManager: Display: Found up-to-date module file ../../../Engine/Plugins/MovieScene/LevelSequenceEditor/Binaries/Win64/UE4Editor-LevelSequenceEditor.dll (API version 3709383).
LogModuleManager: Display: Found up-to-date module file ../../../Engine/Plugins/MovieScene/MatineeToLevelSequence/Binaries/Win64/UE4Editor-MatineeToLevelSequence.dll (API version 3709383).
LogModuleManager: Display: Found up-to-date module file ../../../Engine/Plugins/Online/OnlineSubsystem/Binaries/Win64/UE4Editor-OnlineSubsystem.dll (API version 3709383).
LogModuleManager: Display: Found up-to-date module file ../../../Engine/Plugins/Runtime/AndroidPermission/Binaries/Win64/UE4Editor-AndroidPermission.dll (API version 3709383).
LogModuleManager: Display: Found up-to-date module file ../../../Engine/Plugins/Online/OnlineSubsystemNull/Binaries/Win64/UE4Editor-OnlineSubsystemNull.dll (API version 3709383).
LogModuleManager: Display: Found up-to-date module file ../../../Engine/Plugins/Online/OnlineSubsystemUtils/Binaries/Win64/UE4Editor-OnlineSubsystemUtils.dll (API version 3709383).
LogModuleManager: Display: Found up-to-date module file ../../../Engine/Plugins/Online/OnlineSubsystemUtils/Binaries/Win64/UE4Editor-OnlineBlueprintSupport.dll (API version 3709383).
LogModuleManager: Display: Found up-to-date module file ../../../Engine/Plugins/Runtime/AndroidDeviceProfileSelector/Binaries/Win64/UE4Editor-AndroidDeviceProfileSelector.dll (API version 3709383).
LogModuleManager: Display: Found up-to-date module file ../../../Engine/Plugins/Runtime/AppleARKit/Binaries/Win64/UE4Editor-AppleARKit.dll (API version 3709383).
LogModuleManager: Display: Found up-to-date module file ../../../Engine/Plugins/Runtime/ArchVisCharacter/Binaries/Win64/UE4Editor-ArchVisCharacter.dll (API version 3709383).
LogModuleManager: Display: Found up-to-date module file ../../../Engine/Plugins/Runtime/CableComponent/Binaries/Win64/UE4Editor-CableComponent.dll (API version 3709383).
LogModuleManager: Display: Found up-to-date module file ../../../Engine/Plugins/Runtime/CustomMeshComponent/Binaries/Win64/UE4Editor-CustomMeshComponent.dll (API version 3709383).
LogModuleManager: Display: Found up-to-date module file ../../../Engine/Plugins/Runtime/ExampleDeviceProfileSelector/Binaries/Win64/UE4Editor-ExampleDeviceProfileSelector.dll (API version 3709383).
LogModuleManager: Display: Found up-to-date module file ../../../Engine/Plugins/Runtime/ImmediatePhysics/Binaries/Win64/UE4Editor-ImmediatePhysics.dll (API version 3709383).
LogModuleManager: Display: Found up-to-date module file ../../../Engine/Plugins/Runtime/ImmediatePhysics/Binaries/Win64/UE4Editor-ImmediatePhysicsEditor.dll (API version 3709383).
LogModuleManager: Display: Found up-to-date module file ../../../Engine/Plugins/Runtime/LocationServicesBPLibrary/Binaries/Win64/UE4Editor-LocationServicesBPLibrary.dll (API version 3709383).
LogModuleManager: Display: Found up-to-date module file ../../../Engine/Plugins/Runtime/MobilePatchingUtils/Binaries/Win64/UE4Editor-MobilePatchingUtils.dll (API version 3709383).
LogModuleManager: Display: Found up-to-date module file ../../../Engine/Plugins/Runtime/Oculus/OculusVR/Binaries/Win64/UE4Editor-OculusHMD.dll (API version 3709383).
LogModuleManager: Display: Found up-to-date module file ../../../Engine/Plugins/Runtime/Oculus/OculusVR/Binaries/Win64/UE4Editor-OculusInput.dll (API version 3709383).
LogModuleManager: Display: Found up-to-date module file ../../../Engine/Plugins/Runtime/Oculus/OculusVR/Binaries/Win64/UE4Editor-OculusEditor.dll (API version 3709383).
LogModuleManager: Display: Found up-to-date module file ../../../Engine/Plugins/Runtime/PhysXVehicles/Binaries/Win64/UE4Editor-PhysXVehicles.dll (API version 3709383).
LogModuleManager: Display: Found up-to-date module file ../../../Engine/Plugins/Runtime/PhysXVehicles/Binaries/Win64/UE4Editor-PhysXVehiclesEditor.dll (API version 3709383).
LogModuleManager: Display: Found up-to-date module file ../../../Engine/Plugins/Runtime/ProceduralMeshComponent/Binaries/Win64/UE4Editor-ProceduralMeshComponent.dll (API version 3709383).
LogModuleManager: Display: Found up-to-date module file ../../../Engine/Plugins/Runtime/ProceduralMeshComponent/Binaries/Win64/UE4Editor-ProceduralMeshComponentEditor.dll (API version 3709383).
LogModuleManager: Display: Found up-to-date module file ../../../Engine/Plugins/Runtime/RuntimePhysXCooking/Binaries/Win64/UE4Editor-RuntimePhysXCooking.dll (API version 3709383).
LogModuleManager: Display: Found up-to-date module file ../../../Engine/Plugins/Runtime/Steam/SteamVR/Binaries/Win64/UE4Editor-SteamVR.dll (API version 3709383).
LogModuleManager: Display: Found up-to-date module file ../../../Engine/Plugins/Runtime/Steam/SteamVR/Binaries/Win64/UE4Editor-SteamVRController.dll (API version 3709383).
LogModuleManager: Display: Found up-to-date module file ../../../Engine/Plugins/Runtime/WindowsMoviePlayer/Binaries/Win64/UE4Editor-WindowsMoviePlayer.dll (API version 3709383).
LogPluginManager: Mounting plugin Paper2D
LogPluginManager: Mounting plugin LightPropagationVolume
LogPluginManager: Mounting plugin CodeLiteSourceCodeAccess
LogPluginManager: Mounting plugin GitSourceControl
LogPluginManager: Mounting plugin KDevelopSourceCodeAccess
LogPluginManager: Mounting plugin NullSourceCodeAccess
LogPluginManager: Mounting plugin PerforceSourceControl
LogPluginManager: Mounting plugin SubversionSourceControl
LogPluginManager: Mounting plugin UObjectPlugin
LogPluginManager: Mounting plugin VisualStudioCodeSourceCodeAccess
LogPluginManager: Mounting plugin VisualStudioSourceCodeAccess
LogPluginManager: Mounting plugin XCodeSourceCodeAccess
LogPluginManager: Mounting plugin AssetManagerEditor
LogPluginManager: Mounting plugin AudioCapture
LogPluginManager: Mounting plugin FacialAnimation
LogPluginManager: Mounting plugin GameplayTagsEditor
LogPluginManager: Mounting plugin MobileLauncherProfileWizard
LogPluginManager: Mounting plugin PluginBrowser
LogPluginManager: Mounting plugin SpeedTreeImporter
LogPluginManager: Mounting plugin AlembicImporter
LogPluginManager: Mounting plugin CharacterAI
LogPluginManager: Mounting plugin HTML5Networking
LogPluginManager: Mounting plugin AndroidMedia
LogPluginManager: Mounting plugin AvfMedia
LogPluginManager: Mounting plugin ImgMedia
LogPluginManager: Mounting plugin MediaCompositing
LogPluginManager: Mounting plugin MediaPlayerEditor
LogPluginManager: Mounting plugin WmfMedia
LogPluginManager: Mounting plugin TcpMessaging
LogPluginManager: Mounting plugin UdpMessaging
LogPluginManager: Mounting plugin ActorSequence
LogPluginManager: Mounting plugin LevelSequenceEditor
LogPluginManager: Mounting plugin MatineeToLevelSequence
LogPluginManager: Mounting plugin OnlineSubsystemGooglePlay
LogPluginManager: Mounting plugin OnlineSubsystemIOS
LogPluginManager: Mounting plugin OnlineSubsystem
LogPluginManager: Mounting plugin OnlineSubsystemNull
LogPluginManager: Mounting plugin OnlineSubsystemUtils
LogPluginManager: Mounting plugin AndroidDeviceProfileSelector
LogPluginManager: Mounting plugin AndroidMoviePlayer
LogPluginManager: Mounting plugin AndroidPermission
LogPluginManager: Mounting plugin AppleARKit
LogPluginManager: Mounting plugin AppleMoviePlayer
LogPluginManager: Mounting plugin ArchVisCharacter
LogPluginManager: Mounting plugin CableComponent
LogPluginManager: Mounting plugin CustomMeshComponent
LogPluginManager: Mounting plugin ExampleDeviceProfileSelector
LogPluginManager: Mounting plugin GoogleCloudMessaging
LogPluginManager: Mounting plugin ImmediatePhysics
LogPluginManager: Mounting plugin IOSDeviceProfileSelector
LogPluginManager: Mounting plugin LinuxDeviceProfileSelector
LogPluginManager: Mounting plugin LocationServicesBPLibrary
LogPluginManager: Mounting plugin MobilePatchingUtils
LogPluginManager: Mounting plugin OculusVR
LogPluginManager: Plugin shader directory ../../../Engine/Plugins/Runtime/Oculus/OculusVR/Shaders found
LogPluginManager: Mapping shader source directory ../../../Engine/Plugins/Runtime/Oculus/OculusVR/Shaders to virtual directory /Plugin/OculusVR
LogPluginManager: Mounting plugin PhysXVehicles
LogPluginManager: Mounting plugin ProceduralMeshComponent
LogPluginManager: Mounting plugin RuntimePhysXCooking
LogPluginManager: Mounting plugin SteamVR
LogPluginManager: Mounting plugin WindowsMoviePlayer
LogInit: Using libcurl 7.47.1
LogInit:  - built for x86_64-pc-win32
LogInit:  - supports SSL with OpenSSL/1.0.2g
LogInit:  - supports HTTP deflate (compression) using libz 1.2.8
LogInit:  - other features:
LogInit:      CURL_VERSION_SSL
LogInit:      CURL_VERSION_LIBZ
LogInit:      CURL_VERSION_IPV6
LogInit:      CURL_VERSION_ASYNCHDNS
LogInit:      CURL_VERSION_LARGEFILE
LogInit:      CURL_VERSION_IDN
LogInit:  CurlRequestOptions (configurable via config and command line):
LogInit:  - bVerifyPeer = false  - Libcurl will NOT verify peer certificate
LogInit:  - bUseHttpProxy = false  - Libcurl will NOT use HTTP proxy
LogInit:  - bDontReuseConnections = false  - Libcurl will reuse connections
LogInit:  - CertBundlePath = nullptr  - Libcurl will use whatever was configured at build time.
LogInit: Build: ++UE4+Release-4.18-CL-3832480
LogInit: Engine Version: 4.18.3-3832480+++UE4+Release-4.18
LogInit: Compatible Engine Version: 4.18.0-3709383+++UE4+Release-4.18
LogInit: Net CL: 3709383
LogDevObjectVersion: Number of dev versions registered: 16
LogDevObjectVersion:   Dev-Blueprints (B0D832E4-1F89-4F0D-ACCF-7EB736FD4AA2): 10
LogDevObjectVersion:   Dev-Build (E1C64328-A22C-4D53-A36C-8E866417BD8C): 0
LogDevObjectVersion:   Dev-Core (375EC13C-06E4-48FB-B500-84F0262A717E): 2
LogDevObjectVersion:   Dev-Editor (E4B068ED-F494-42E9-A231-DA0B2E46BB41): 20
LogDevObjectVersion:   Dev-Framework (CFFC743F-43B0-4480-9391-14DF171D2073): 30
LogDevObjectVersion:   Dev-Mobile (B02B49B5-BB20-44E9-A304-32B752E40360): 0
LogDevObjectVersion:   Dev-Networking (A4E4105C-59A1-49B5-A7C5-40C4547EDFEE): 0
LogDevObjectVersion:   Dev-Online (39C831C9-5AE6-47DC-9A44-9C173E1C8E7C): 0
LogDevObjectVersion:   Dev-Physics (78F01B33-EBEA-4F98-B9B4-84EACCB95AA2): 0
LogDevObjectVersion:   Dev-Platform (6631380F-2D4D-43E0-8009-CF276956A95A): 0
LogDevObjectVersion:   Dev-Rendering (12F88B9F-8875-4AFC-A67C-D90C383ABD29): 20
LogDevObjectVersion:   Dev-Sequencer (7B5AE74C-D270-4C10-A958-57980B212A5A): 4
LogDevObjectVersion:   Dev-VR (D7296918-1DD6-4BDD-9DE2-64A83CC13884): 0
LogDevObjectVersion:   Dev-LoadTimes (C2A15278-BFE7-4AFE-6C17-90FF531DF755): 1
LogDevObjectVersion:   Private-Geometry (6EACA3D4-40EC-4CC1-B786-8BED09428FC5): 1
LogDevObjectVersion:   Dev-AnimPhys (29E575DD-E0A3-4627-9D10-D276232CDCEA): 12
LogInit: Compiled (64-bit): Jan 12 2018 02:04:55
LogInit: Compiled with Visual C++: 19.00.24215.01
LogInit: Build Configuration: Development
LogInit: Branch Name: ++UE4+Release-4.18
LogInit: Command line:  
LogInit: Base directory: C:/Program Files/Epic Games/UE_4.18/Engine/Binaries/Win64/
LogInit: Installed Engine Build: 1
LogInit: Presizing for max 8388607 objects, including 0 objects not considered by GC, pre-allocating 0 bytes for permanent pool.
LogInit: Object subsystem initialized
[2018.04.03-09.46.31:031][  0]LogInit: Selected Device Profile: [Windows]
[2018.04.03-09.46.31:031][  0]LogInit: Applying CVar settings loaded from the selected device profile: [Windows]
[2018.04.03-09.46.31:355][  0]LogInit: Computer: JAMES-PC
[2018.04.03-09.46.31:355][  0]LogInit: User: James
[2018.04.03-09.46.31:355][  0]LogInit: CPU Page size=4096, Cores=2
[2018.04.03-09.46.31:355][  0]LogInit: High frequency timer resolution =3.801681 MHz
[2018.04.03-09.46.31:375][  0]LogMemory: Memory total: Physical=15.9GB (16GB approx)
[2018.04.03-09.46.31:375][  0]LogMemory: Platform Memory Stats for Windows
[2018.04.03-09.46.31:376][  0]LogMemory: Process Physical Memory: 274.37 MB used, 274.37 MB peak
[2018.04.03-09.46.31:376][  0]LogMemory: Process Virtual Memory: 263.51 MB used, 263.51 MB peak
[2018.04.03-09.46.31:376][  0]LogMemory: Physical Memory: 5749.40 MB used,  10579.24 MB free, 16328.64 MB total
[2018.04.03-09.46.31:376][  0]LogMemory: Virtual Memory: 673.32 MB used,  10579.24 MB free, 134217728.00 MB total
[2018.04.03-09.46.34:633][  0]LogInit: Using OS detected language (en-GB).
[2018.04.03-09.46.34:633][  0]LogInit: Using OS detected locale (en-GB).
[2018.04.03-09.46.35:313][  0]LogTextLocalizationManager: No specific localization for 'en-GB' exists, so the 'en' localization will be used.
[2018.04.03-09.46.37:176][  0]LogInit: Setting process to per monitor DPI aware
[2018.04.03-09.47.00:041][  0]LogD3D11RHI: D3D11 adapters:
[2018.04.03-09.47.01:107][  0]LogD3D11RHI:    0. 'NVIDIA GeForce GTX 750 Ti' (Feature Level 11_0)
[2018.04.03-09.47.01:107][  0]LogD3D11RHI:       2007/0/8164 MB DedicatedVideo/DedicatedSystem/SharedSystem, Outputs:2, VendorId:0x10de
[2018.04.03-09.47.01:228][  0]LogD3D11RHI:    1. 'Microsoft Basic Render Driver' (Feature Level 11_0)
[2018.04.03-09.47.01:228][  0]LogD3D11RHI:       0/0/8164 MB DedicatedVideo/DedicatedSystem/SharedSystem, Outputs:0, VendorId:0x1414
[2018.04.03-09.47.01:228][  0]LogD3D11RHI: Chosen D3D11 Adapter: 0
[2018.04.03-09.47.01:324][  0]LogD3D11RHI: Creating new Direct3DDevice
[2018.04.03-09.47.01:356][  0]LogD3D11RHI:     GPU DeviceId: 0x1380 (for the marketing name, search the web for "GPU Device Id")
[2018.04.03-09.47.01:356][  0]LogWindows: EnumDisplayDevices:
[2018.04.03-09.47.01:356][  0]LogWindows:    0. 'NVIDIA GeForce GTX 750 Ti' (P:1 D:1)
[2018.04.03-09.47.01:400][  0]LogWindows:    1. 'NVIDIA GeForce GTX 750 Ti' (P:0 D:1)
[2018.04.03-09.47.01:400][  0]LogWindows:    2. 'NVIDIA GeForce GTX 750 Ti' (P:0 D:0)
[2018.04.03-09.47.01:401][  0]LogWindows:    3. 'NVIDIA GeForce GTX 750 Ti' (P:0 D:0)
[2018.04.03-09.47.01:401][  0]LogWindows: DebugString: GetVideoDriverDetailsInvalid PrimaryIsNotTheChoosenAdapter GetVideoDriverDetailsInvalid PrimaryIsNotTheChoosenAdapter GetVideoDriverDetailsInvalid PrimaryIsNotTheChoosenAdapter GetVideoDriverDetailsInvalid PrimaryIsNotTheChoosenAdapter FoundDriverCount:0 
[2018.04.03-09.47.01:401][  0]LogD3D11RHI:     Adapter Name: NVIDIA GeForce GTX 750 Ti
[2018.04.03-09.47.01:401][  0]LogD3D11RHI:   Driver Version: Unknown (internal:Unknown, unified:Unknown)
[2018.04.03-09.47.01:401][  0]LogD3D11RHI:      Driver Date: Unknown
[2018.04.03-09.47.01:401][  0]LogRHI: Texture pool is 1405 MB (70% of 2007 MB)
[2018.04.03-09.47.01:676][  0]LogD3D11RHI: Async texture creation enabled
[2018.04.03-09.47.02:560][  0]LogD3D11RHI: GPU Timing Frequency: 1000.000000 (Debug: 2 3)
[2018.04.03-09.47.02:839][  0]LogShaderCompilers: Guid format shader working directory is -9 characters bigger than the processId version (../../../../../../Users/James/Documents/GitHub/FMP/FMP/Intermediate/Shaders/WorkingDirectory/10552/).
[2018.04.03-09.47.02:839][  0]LogShaderCompilers: Cleaned the shader compiler working directory 'C:/Users/James/AppData/Local/Temp/UnrealShaderWorkingDir/A6C256D8419693A80B048D85754C874A/'.
[2018.04.03-09.47.02:861][  0]LogShaderCompilers: Display: Using Local Shader Compiler.
[2018.04.03-09.47.25:475][  0]LogTemp: Display: Loaded TP AllDesktopTargetPlatform
[2018.04.03-09.47.25:680][  0]LogTemp: Display: Loaded TP MacClientTargetPlatform
[2018.04.03-09.47.25:863][  0]LogTemp: Display: Loaded TP MacNoEditorTargetPlatform
[2018.04.03-09.47.26:032][  0]LogTemp: Display: Loaded TP MacServerTargetPlatform
[2018.04.03-09.47.26:237][  0]LogTemp: Display: Loaded TP MacTargetPlatform
[2018.04.03-09.47.26:425][  0]LogTemp: Display: Loaded TP WindowsClientTargetPlatform
[2018.04.03-09.47.26:579][  0]LogTemp: Display: Loaded TP WindowsNoEditorTargetPlatform
[2018.04.03-09.47.26:741][  0]LogTemp: Display: Loaded TP WindowsServerTargetPlatform
[2018.04.03-09.47.26:912][  0]LogTemp: Display: Loaded TP WindowsTargetPlatform
[2018.04.03-09.47.27:184][  0]LogTemp: Display: Loaded TP Android_ASTCTargetPlatform
[2018.04.03-09.47.27:407][  0]LogTemp: Display: Loaded TP Android_ATCTargetPlatform
[2018.04.03-09.47.27:589][  0]LogTemp: Display: Loaded TP Android_DXTTargetPlatform
[2018.04.03-09.47.27:771][  0]LogTemp: Display: Loaded TP Android_ETC1TargetPlatform
[2018.04.03-09.47.27:944][  0]LogTemp: Display: Loaded TP Android_ETC2TargetPlatform
[2018.04.03-09.47.28:504][  0]LogTemp: Display: Loaded TP Android_MultiTargetPlatform
[2018.04.03-09.47.28:504][  0]LogTemp: Display: Loaded TP Android_PVRTCTargetPlatform
[2018.04.03-09.47.28:742][  0]LogTemp: Display: Loaded TP AndroidTargetPlatform
[2018.04.03-09.47.28:911][  0]LogTemp: Display: Loaded TP HTML5TargetPlatform
[2018.04.03-09.47.29:625][  0]LogTemp: Display: Loaded TP IOSTargetPlatform
[2018.04.03-09.47.29:700][  0]LogTemp: Display: Loaded TP TVOSTargetPlatform
[2018.04.03-09.47.29:954][  0]LogTemp: Display: Loaded TP LinuxClientTargetPlatform
[2018.04.03-09.47.30:128][  0]LogTemp: Display: Loaded TP LinuxNoEditorTargetPlatform
[2018.04.03-09.47.30:285][  0]LogTemp: Display: Loaded TP LinuxServerTargetPlatform
[2018.04.03-09.47.30:442][  0]LogTemp: Display: Loaded TP LinuxTargetPlatform
[2018.04.03-09.47.30:442][  0]LogTargetPlatformManager: Display: Building Assets For Windows
[2018.04.03-09.47.34:476][  0]LogDerivedDataCache: Display: Max Cache Size: 512 MB
[2018.04.03-09.47.36:595][  0]LogDerivedDataCache: Loaded boot cache 2.07s 78MB C:/Users/James/AppData/Local/UnrealEngine/4.18/DerivedDataCache/Boot.ddc.
[2018.04.03-09.47.36:595][  0]LogDerivedDataCache: Display: Loaded Boot cache: C:/Users/James/AppData/Local/UnrealEngine/4.18/DerivedDataCache/Boot.ddc
[2018.04.03-09.47.36:595][  0]LogDerivedDataCache: FDerivedDataBackendGraph:  Pak pak cache file ../../../../../../Users/James/Documents/GitHub/FMP/FMP/DerivedDataCache/DDC.ddp not found, will not use a pak cache.
[2018.04.03-09.47.36:595][  0]LogDerivedDataCache: Unable to find inner node Pak for hierarchical cache Hierarchy.
[2018.04.03-09.47.36:595][  0]LogDerivedDataCache: FDerivedDataBackendGraph:  CompressedPak pak cache file ../../../../../../Users/James/Documents/GitHub/FMP/FMP/DerivedDataCache/Compressed.ddp not found, will not use a pak cache.
[2018.04.03-09.47.36:595][  0]LogDerivedDataCache: Unable to find inner node CompressedPak for hierarchical cache Hierarchy.
[2018.04.03-09.47.36:710][  0]LogDerivedDataCache: Display: Pak cache opened for reading ../../../Engine/DerivedDataCache/Compressed.ddp.
[2018.04.03-09.47.36:772][  0]LogDerivedDataCache: Using Local data cache path C:/Users/James/AppData/Local/UnrealEngine/Common/DerivedDataCache: Writable
[2018.04.03-09.47.37:143][  0]LogMaterial: Verifying Global Shaders for PCD3D_SM5
[2018.04.03-09.47.37:247][  0]LogSlate: Using Freetype 2.6.0
[2018.04.03-09.47.37:631][  0]LogSlate: SlateFontCache - WITH_FREETYPE: 1, WITH_HARFBUZZ: 1
[2018.04.03-09.47.37:635][  0]LogSlate: SlateFontCache - WITH_FREETYPE: 1, WITH_HARFBUZZ: 1
[2018.04.03-09.47.55:917][  0]LogInit: Selected Device Profile: [Windows]
[2018.04.03-09.48.01:552][  0]LogSimplygon: Simplygon DLL not present - disabling.
[2018.04.03-09.48.01:710][  0]LogMeshReduction: Using SimplygonSwarm for distributed automatic mesh merging
[2018.04.03-09.48.01:720][  0]LogMeshReduction: Using QuadricMeshReduction for automatic static mesh reduction
[2018.04.03-09.48.01:720][  0]LogMeshReduction: No automatic skeletal mesh reduction module available
[2018.04.03-09.48.01:720][  0]LogMeshReduction: No automatic mesh merging module available
[2018.04.03-09.48.01:720][  0]LogMeshMerging: No automatic mesh merging module available
[2018.04.03-09.48.03:100][  0]LogNetVersion: FMP , NetCL: 3709383, EngineNetVer: 2, GameNetVer: 0 (Checksum: 454793335)
[2018.04.03-09.48.08:075][  0]LogAssetRegistry: FAssetRegistry took 0.0635 seconds to start up
[2018.04.03-09.48.26:366][  0]LogPackageLocalizationCache: Processed 7 localized package path(s) for 2 prioritized culture(s) in 0.577787 seconds
[2018.04.03-09.48.26:532][  0]LogUObjectArray: 35870 objects as part of root set at end of initial load.
[2018.04.03-09.48.26:532][  0]LogUObjectAllocator: 7363696 out of 0 bytes used by permanent object pool.
[2018.04.03-09.48.26:532][  0]LogUObjectArray: CloseDisregardForGC: 0/0 objects in disregard for GC pool
[2018.04.03-09.48.26:811][  0]LogInit: WinSock: version 1.1 (2.2), MaxSocks=32767, MaxUdp=65467
[2018.04.03-09.49.42:582][  0]LogTcpMessaging: Initializing TcpMessaging bridge
[2018.04.03-09.49.43:085][  0]LogUdpMessaging: Initializing bridge on interface 0.0.0.0:0 to multicast group 230.0.0.1:6666.
[2018.04.03-09.49.48:376][  0]LogMaterial: Uniform references updated for custom material expression Custom.
[2018.04.03-09.49.51:952][  0]SourceControl: Source control is disabled
[2018.04.03-09.49.51:966][  0]SourceControl: Source control is disabled
[2018.04.03-09.49.52:420][  0]SourceControl: Source control is disabled
[2018.04.03-09.49.52:703][  0]SourceControl: Source control is disabled
[2018.04.03-09.49.58:267][  0]LogAndroidPermission: UAndroidPermissionCallbackProxy::GetInstance
[2018.04.03-09.49.59:266][  0]LogOcInput: OculusInput pre-init called
[2018.04.03-09.50.02:111][  0]LogEngine: Initializing Engine...
[2018.04.03-09.50.02:525][  0]LogHMD: Failed to initialize OpenVR with code 110
[2018.04.03-09.50.03:784][  0]LogStats: UGameplayTagsManager::ConstructGameplayTagTree: Construct from data asset -  0.000 s
[2018.04.03-09.50.03:801][  0]LogStats: UGameplayTagsManager::ConstructGameplayTagTree: GameplayTagTreeChangedEvent.Broadcast -  0.005 s
[2018.04.03-09.50.05:523][  0]LogAIModule: Creating AISystem for world Untitled
[2018.04.03-09.50.06:209][  0]LogInit: XAudio2 using 'Headset Earphone (Razer Kraken 7.1 Chroma)' : 2 channels at 48 kHz using 16 bits per sample (channel mask 0x3)
[2018.04.03-09.50.06:491][  0]LogInit: FAudioDevice initialized.
[2018.04.03-09.50.06:734][  0]LogDerivedDataCache: Saved boot cache 0.22s 78MB C:/Users/James/AppData/Local/UnrealEngine/4.18/DerivedDataCache/Boot.ddc.
[2018.04.03-09.50.06:784][  0]LogInit: Texture streaming: Enabled
[2018.04.03-09.50.07:246][  0]LogEngineSessionManager: EngineSessionManager initialized
[2018.04.03-09.50.07:906][  0]LogInit: Transaction tracking system initialized
[2018.04.03-09.50.09:299][  0]BlueprintLog: New page: Editor Load
[2018.04.03-09.50.14:741][  0]LocalizationService: Localization service is disabled
[2018.04.03-09.50.18:634][  0]LogConsoleResponse: Display: 
[2018.04.03-09.50.22:950][  0]LogFileCache: Scanning file cache for directory 'C:/Users/James/Documents/GitHub/FMP/FMP/Content/' took 0.02s
[2018.04.03-09.50.22:950][  0]LogCook: Display: Max memory allowance for cook 16384mb min free memory 0mb
[2018.04.03-09.50.22:950][  0]LogCook: Display: Mobile HDR setting 1
[2018.04.03-09.50.22:993][  0]LogGameplayTags: Display: UGameplayTagsManager::DoneAddingNativeTags. DelegateIsBound: 0
[2018.04.03-09.50.30:948][  0]SourceControl: Source control is disabled
[2018.04.03-09.50.31:826][  0]LogSlate: Took 0.033004 seconds to synchronously load lazily loaded font '../../../Engine/Content/Slate/Fonts/Roboto-Regular.ttf' (155K)
[2018.04.03-09.53.03:785][  0]LogWindowsTextInputMethodSystem: Display: IME system now deactivated.
[2018.04.03-09.53.04:100][  0]LogWindowsTextInputMethodSystem: Display: IME system now deactivated.
[2018.04.03-09.53.06:060][  0]LogWindowsTextInputMethodSystem: Display: IME system now deactivated.
[2018.04.03-09.53.07:154][  0]LogWindowsTextInputMethodSystem: Display: IME system now deactivated.
[2018.04.03-09.53.07:389][  0]Cmd: MAP LOAD FILE="../../../../../../Users/James/Documents/GitHub/FMP/FMP/Content/Maps/Level.umap" TEMPLATE=0 SHOWPROGRESS=1 FEATURELEVEL=3
[2018.04.03-09.53.07:427][  0]LightingResults: New page: Lighting Build
[2018.04.03-09.53.08:455][  0]MapCheck: New page: Map Check
[2018.04.03-09.53.08:455][  0]LightingResults: New page: Lighting Build
[2018.04.03-09.53.14:563][  0]LogLinker: Warning: Can't find file '/Game/Maps/Level_BuiltData'
[2018.04.03-09.53.14:563][  0]LogLinker: Warning: Can't find file for asset '/Game/Maps/Level_BuiltData' while loading ../../../../../../Users/James/Documents/GitHub/FMP/FMP/Content/Maps/Level.umap.
[2018.04.03-09.53.14:594][  0]LoadErrors: Error: /Game/Maps/Level : Can't find file for asset. /Game/Maps/Level_BuiltData
[2018.04.03-09.53.14:596][  0]LogLinker: Warning: Can't find file '/Game/Maps/Level_BuiltData'
[2018.04.03-09.53.14:596][  0]LogLinker: Warning: Can't find file for asset '/Game/Maps/Level_BuiltData' while loading ../../../../../../Users/James/Documents/GitHub/FMP/FMP/Content/Maps/Level.umap.
[2018.04.03-09.53.14:596][  0]LoadErrors: Error: /Game/Maps/Level : Can't find file for asset. /Game/Maps/Level_BuiltData
[2018.04.03-09.53.14:628][  0]LogLinker: Warning: Can't find file '/Game/Maps/Level_BuiltData'
[2018.04.03-09.53.14:629][  0]LoadErrors: Failed to load /Game/Maps/Level_BuiltData.Level_BuiltData Referenced by PersistentLevel
[2018.04.03-09.53.14:629][  0]LogLinker: Warning: Can't find file for asset '/Game/Maps/Level_BuiltData' while loading NULL.
[2018.04.03-09.53.14:629][  0]LoadErrors: Failed to load /Game/Maps/Level_BuiltData.Level_BuiltData Referenced by PersistentLevel
[2018.04.03-09.53.16:889][  0]LogMaterial: Missing cached shader map for material lambert3, compiling. 
[2018.04.03-09.53.17:380][  0]LogAIModule: Creating AISystem for world Level
[2018.04.03-09.53.20:822][  0]LogEditorServer: Finished looking for orphan Actors (0.000 secs)
[2018.04.03-09.53.21:539][  0]Cmd: MAP CHECKDEP NOCLEARLOG
[2018.04.03-09.53.21:756][  0]MapCheck: Map check complete: 0 Error(s), 0 Warning(s), took 176.511ms to complete.
[2018.04.03-09.53.21:757][  0]LogFileHelpers: Loading map 'Level' took 14.527
[2018.04.03-09.53.31:058][  0]LogStats: Warning: MetaData mismatch. Did you assign a stat to two groups? New //STATGROUP_Threads//SplashScreenThread///Thread_359c_0///####STATCAT_Advanced#### old //STATGROUP_Threads//SplashScreenThread///Thread_3b30_0///####STATCAT_Advanced####
[2018.04.03-09.53.31:058][  0]LogCollectionManager: Loaded 0 collections in 0.032420 seconds
[2018.04.03-09.53.31:963][  0]LogFileCache: Scanning file cache for directory 'C:/Users/James/Documents/GitHub/FMP/FMP/Saved/Collections/' took 0.01s
[2018.04.03-09.53.31:963][  0]LogFileCache: Scanning file cache for directory 'C:/Users/James/Documents/GitHub/FMP/FMP/Content/Developers/James/Collections/' took 0.01s
[2018.04.03-09.53.31:964][  0]LogFileCache: Scanning file cache for directory 'C:/Users/James/Documents/GitHub/FMP/FMP/Content/Collections/' took 0.01s
[2018.04.03-09.53.31:964][  0]LogCollectionManager: Rebuilt the GUID cache for 0 collections in 0.000000 seconds
[2018.04.03-09.53.32:012][  0]LogContentBrowser: Native class hierarchy populated in 0.0194 seconds. Added 2363 classes and 519 folders.
[2018.04.03-09.53.32:477][  0]LogContentBrowser: Native class hierarchy updated for 'WidgetCarousel' in 0.0004 seconds. Added 0 classes and 0 folders.
[2018.04.03-09.53.36:004][  0]LogContentBrowser: Native class hierarchy updated for 'AddContentDialog' in 0.0004 seconds. Added 0 classes and 0 folders.
[2018.04.03-09.53.36:588][  0]LogContentBrowser: Native class hierarchy updated for 'SceneOutliner' in 0.0006 seconds. Added 1 classes and 2 folders.
[2018.04.03-09.53.39:014][  0]LogSlate: Took 0.112107 seconds to synchronously load lazily loaded font '../../../Engine/Content/Slate/Fonts/Roboto-Bold.ttf' (160K)
[2018.04.03-09.53.39:223][  0]LogSlate: Took 0.032511 seconds to synchronously load lazily loaded font '../../../Engine/Content/Editor/Slate/Fonts/FontAwesome.ttf' (139K)
[2018.04.03-09.53.40:748][  0]LogRenderer: Reallocating scene render targets to support 940x608 Format 10 NumSamples 1 (Frame:1).
[2018.04.03-09.53.43:703][  0]LogContentBrowser: Native class hierarchy updated for 'HierarchicalLODOutliner' in 0.0004 seconds. Added 1 classes and 2 folders.
[2018.04.03-09.53.43:703][  0]LogLoad: (Engine Initialization) Total time: 500.05 seconds
[2018.04.03-09.53.43:703][  0]LogLoad: (Engine Initialization) Total Blueprint compile time: 0.00 seconds
[2018.04.03-09.53.43:732][  0]LogExternalProfiler: No external profilers were discovered.  External profiling features will not be available.
[2018.04.03-09.53.44:654][  0]LogContentStreaming: Texture pool size now 1000 MB
[2018.04.03-09.53.46:085][  1]LogSlate: Took 0.047804 seconds to synchronously load lazily loaded font '../../../Engine/Content/Slate/Fonts/Roboto-Light.ttf' (159K)
[2018.04.03-09.53.46:293][  2]LogSlate: Took 0.000471 seconds to synchronously load lazily loaded font '../../../Engine/Content/Slate/Fonts/Roboto-Light.ttf' (159K)
[2018.04.03-09.53.46:581][  3]LogAssetRegistry: Asset discovery search completed in 338.5306 seconds
[2018.04.03-09.53.46:825][  3]LogCollectionManager: Rebuilt the object cache for 0 collections in 0.000000 seconds (found 0 objects)
[2018.04.03-09.53.46:825][  3]LogCollectionManager: Fixed up redirectors for 0 collections in 0.000088 seconds (updated 0 objects)
[2018.04.03-09.53.54:379][615]LogTemp: Repeating last play command: Selected Viewport
[2018.04.03-09.54.02:647][615]LogPlayLevel: PlayLevel: No blueprints needed recompiling
[2018.04.03-09.54.02:878][615]PIE: New page: PIE session: Level (3 Apr 2018 11:54:02)
[2018.04.03-09.54.02:893][615]LogPlayLevel: Creating play world package: /Game/Maps/UEDPIE_0_Level
[2018.04.03-09.54.02:896][615]LogPlayLevel: PIE: StaticDuplicateObject took: (0.002993s)
[2018.04.03-09.54.02:897][615]LogAIModule: Creating AISystem for world Level
[2018.04.03-09.54.02:897][615]LogPlayLevel: PIE: World Init took: (0.001222s)
[2018.04.03-09.54.02:898][615]LogPlayLevel: PIE: Created PIE world by copying editor world from /Game/Maps/Level.Level to /Game/Maps/UEDPIE_0_Level.Level (0.004666s)
[2018.04.03-09.54.03:015][615]LogInit: XAudio2 using 'Headset Earphone (Razer Kraken 7.1 Chroma)' : 2 channels at 48 kHz using 16 bits per sample (channel mask 0x3)
[2018.04.03-09.54.03:110][615]LogInit: FAudioDevice initialized.
[2018.04.03-09.54.03:417][615]LogLoad: Game class is 'GameModeBase'
[2018.04.03-09.54.03:585][615]LogWorld: Bringing World /Game/Maps/UEDPIE_0_Level.Level up for play (max tick rate 0) at 2018.04.03-10.54.03
[2018.04.03-09.54.03:643][615]LogWorld: Bringing up level for play took: 0.058836
[2018.04.03-09.54.04:119][615]LogContentBrowser: Native class hierarchy updated for 'MovieSceneCapture' in 0.0004 seconds. Added 11 classes and 0 folders.
[2018.04.03-09.54.04:250][615]PIE: Play in editor start time for /Game/Maps/UEDPIE_0_Level 2.231
[2018.04.03-09.54.39:191][710]LogEditorViewport: Clicking on Actor (LMB): BP_Sky_Sphere_C (BP_Sky_Sphere)
[2018.04.03-09.54.39:402][710]LogEditorViewport: Clicking on Component (LMB): StaticMeshComponent (Sky Sphere mesh)
[2018.04.03-09.54.40:816][710]LogEditorViewport: Clicking on Component (context menu): StaticMeshComponent (Sky Sphere mesh)
[2018.04.03-09.54.41:631][712]LogEditorViewport: Clicking on Component (LMB): StaticMeshComponent (Sky Sphere mesh)
[2018.04.03-09.54.41:845][712]Cmd: CAMERA ALIGN ACTIVEVIEWPORTONLY
[2018.04.03-09.54.43:348][799]Cmd: CAMERA ALIGN ACTIVEVIEWPORTONLY
[2018.04.03-09.54.46:547][ 25]LogEditorViewport: Clicking on Actor (LMB): Burst_Actor_C (Flasher)
[2018.04.03-09.54.53:377][567]Cmd: EDIT COPY
[2018.04.03-09.55.21:610][318]LogBlueprint: Warning: [Compiler Character] Get : 'Camera' variable not found. Base class was probably changed. /Game/Characters/Character.Character
[2018.04.03-09.55.21:611][318]LogBlueprint: Warning: [Compiler Character] Get : 'Camera' variable not found. Base class was probably changed. /Game/Characters/Character.Character
[2018.04.03-09.55.21:765][318]LogBlueprint: Warning: [Compiler Character] [0598.11] Compile of Character successful, but with 2 Warning(s) [in 200 ms] (/Game/Characters/Character.Character)
[2018.04.03-09.55.21:825][318]LogSlate: Took 0.000240 seconds to synchronously load lazily loaded font '../../../Engine/Content/Slate/Fonts/Roboto-Light.ttf' (159K)
[2018.04.03-09.55.22:838][318]LogSlate: Took 0.067415 seconds to synchronously load lazily loaded font '../../../Engine/Content/Slate/Fonts/Roboto-Regular.ttf' (155K)
[2018.04.03-09.55.23:415][318]LogContentBrowser: Native class hierarchy updated for 'BlueprintGraph' in 0.0010 seconds. Added 116 classes and 0 folders.
[2018.04.03-09.55.26:193][318]LogSlate: Took 0.024112 seconds to synchronously load lazily loaded font '../../../Engine/Content/Editor/Slate/Fonts/Roboto-BoldCondensed.ttf' (158K)
[2018.04.03-09.55.27:089][319]LogSlate: Took 0.019773 seconds to synchronously load lazily loaded font '../../../Engine/Content/Editor/Slate/Fonts/Roboto-Italic.ttf' (157K)
[2018.04.03-09.56.06:026][894]Cmd: MAP LOAD FILE="../../../../../../Users/James/Documents/GitHub/FMP/FMP/Content/Maps/Level.umap" TEMPLATE=0 SHOWPROGRESS=1 FEATURELEVEL=3
[2018.04.03-09.56.06:026][894]LightingResults: New page: Lighting Build
[2018.04.03-09.56.06:035][894]LoadErrors: New page: Loading map: Level.umap
[2018.04.03-09.56.06:036][894]MapCheck: New page: Map Check
[2018.04.03-09.56.06:036][894]LightingResults: New page: Lighting Build
[2018.04.03-09.56.06:072][894]LogLinker: Warning: Can't find file '/Game/Maps/Level_BuiltData'
[2018.04.03-09.56.06:072][894]LogLinker: Warning: Can't find file for asset '/Game/Maps/Level_BuiltData' while loading ../../../../../../Users/James/Documents/GitHub/FMP/FMP/Content/Maps/Level.umap.
[2018.04.03-09.56.06:072][894]LoadErrors: Error: /Game/Maps/Level : Can't find file for asset. /Game/Maps/Level_BuiltData
[2018.04.03-09.56.06:075][894]LogLinker: Warning: Can't find file '/Game/Maps/Level_BuiltData'
[2018.04.03-09.56.06:075][894]LogLinker: Warning: Can't find file for asset '/Game/Maps/Level_BuiltData' while loading ../../../../../../Users/James/Documents/GitHub/FMP/FMP/Content/Maps/Level.umap.
[2018.04.03-09.56.06:080][894]LogLinker: Warning: Can't find file '/Game/Maps/Level_BuiltData'
[2018.04.03-09.56.06:080][894]LoadErrors: Failed to load /Game/Maps/Level_BuiltData.Level_BuiltData Referenced by PersistentLevel
[2018.04.03-09.56.06:080][894]LogLinker: Warning: Can't find file for asset '/Game/Maps/Level_BuiltData' while loading NULL.
[2018.04.03-09.56.06:138][894]LogAIModule: Creating AISystem for world Level
[2018.04.03-09.56.06:277][894]LogEditorServer: Finished looking for orphan Actors (0.000 secs)
[2018.04.03-09.56.06:388][894]Cmd: MAP CHECKDEP NOCLEARLOG
[2018.04.03-09.56.06:476][894]MapCheck: Map check complete: 0 Error(s), 0 Warning(s), took 88.254ms to complete.
[2018.04.03-09.56.06:478][894]LogFileHelpers: Loading map 'Level' took 0.503
[2018.04.03-09.56.21:309][281]Cmd: OBJ SAVEPACKAGE PACKAGE="/Game/Maps/GameLevel" FILE="../../../../../../Users/James/Documents/GitHub/FMP/FMP/Content/Maps/GameLevel.umap" SILENT=true AUTOSAVING=false KEEPDIRTY=false
[2018.04.03-09.56.21:508][281]LogSavePackage: Save=126.35ms
[2018.04.03-09.56.21:508][281]LogSavePackage: Moving '../../../../../../Users/James/Documents/GitHub/FMP/FMP/Saved/GameLevelBB4A5770472FA4558E3C26B4FFC1F1CD.tmp' to '../../../../../../Users/James/Documents/GitHub/FMP/FMP/Content/Maps/GameLevel.umap'
[2018.04.03-09.56.21:542][281]LogSavePackage: Display: Finished SavePackage ../../../../../../Users/James/Documents/GitHub/FMP/FMP/Content/Maps/GameLevel.umap
[2018.04.03-09.56.21:608][281]LogFileHelpers: Saving map 'GameLevel' took 0.424
[2018.04.03-09.56.26:336][494]Cmd: OBJ SAVEPACKAGE PACKAGE="/Game/Maps/AssetLevel" FILE="../../../../../../Users/James/Documents/GitHub/FMP/FMP/Content/Maps/AssetLevel.umap" SILENT=true AUTOSAVING=false KEEPDIRTY=false
[2018.04.03-09.56.26:385][494]LogSavePackage: Save=12.91ms
[2018.04.03-09.56.26:385][494]LogSavePackage: Moving '../../../../../../Users/James/Documents/GitHub/FMP/FMP/Saved/AssetLevel061A848441769457F8ABF894E5ACF98F.tmp' to '../../../../../../Users/James/Documents/GitHub/FMP/FMP/Content/Maps/AssetLevel.umap'
[2018.04.03-09.56.26:391][494]LogSavePackage: Display: Finished SavePackage ../../../../../../Users/James/Documents/GitHub/FMP/FMP/Content/Maps/AssetLevel.umap
[2018.04.03-09.56.26:392][494]LogFileHelpers: Saving map 'AssetLevel' took 0.156
[2018.04.03-09.56.26:394][494]Cmd: MAP LOAD FILE="../../../../../../Users/James/Documents/GitHub/FMP/FMP/Content/Maps/GameLevel.umap" TEMPLATE=0 SHOWPROGRESS=1 FEATURELEVEL=3
[2018.04.03-09.56.26:394][494]LightingResults: New page: Lighting Build
[2018.04.03-09.56.26:395][494]LoadErrors: New page: Loading map: GameLevel.umap
[2018.04.03-09.56.26:396][494]MapCheck: New page: Map Check
[2018.04.03-09.56.26:396][494]LightingResults: New page: Lighting Build
[2018.04.03-09.56.26:508][494]LogAIModule: Creating AISystem for world GameLevel
[2018.04.03-09.56.26:665][494]LogEditorServer: Finished looking for orphan Actors (0.000 secs)
[2018.04.03-09.56.26:754][494]Cmd: MAP CHECKDEP NOCLEARLOG
[2018.04.03-09.56.26:851][494]MapCheck: Map check complete: 0 Error(s), 0 Warning(s), took 96.83ms to complete.
[2018.04.03-09.56.26:852][494]LogFileHelpers: Loading map 'GameLevel' took 0.459
[2018.04.03-09.56.29:684][741]LogAIModule: Creating AISystem for world AssetLevel
[2018.04.03-09.56.29:722][741]Cmd: MAP LOAD FILE="../../../../../../Users/James/Documents/GitHub/FMP/FMP/Content/Maps/AssetLevel.umap" TEMPLATE=0 SHOWPROGRESS=1 FEATURELEVEL=3
[2018.04.03-09.56.29:722][741]LightingResults: New page: Lighting Build
[2018.04.03-09.56.29:723][741]LoadErrors: New page: Loading map: AssetLevel.umap
[2018.04.03-09.56.29:723][741]MapCheck: New page: Map Check
[2018.04.03-09.56.29:723][741]LightingResults: New page: Lighting Build
[2018.04.03-09.56.29:914][741]LogEditorServer: Finished looking for orphan Actors (0.000 secs)
[2018.04.03-09.56.29:997][741]Cmd: MAP CHECKDEP NOCLEARLOG
[2018.04.03-09.56.30:092][741]MapCheck: Map check complete: 0 Error(s), 0 Warning(s), took 95.22ms to complete.
[2018.04.03-09.56.30:092][741]LogFileHelpers: Loading map 'AssetLevel' took 0.373
[2018.04.03-09.56.31:931][927]Cmd: EDIT PASTE
[2018.04.03-09.56.32:744][936]LogEditorViewport: Clicking on Actor (LMB): BP_Sky_Sphere_C (BP_Sky_Sphere)
