Log file open, 04/25/18 08:59:25
LogWindows: Failed to load 'aqProf.dll' (GetLastError=126)
LogWindows: File 'aqProf.dll' does not exist
LogWindows: Failed to load 'VSPerf140.dll' (GetLastError=126)
LogWindows: File 'VSPerf140.dll' does not exist
LogWindows: Failed to load 'VtuneApi.dll' (GetLastError=126)
LogWindows: File 'VtuneApi.dll' does not exist
LogWindows: Failed to load 'VtuneApi32e.dll' (GetLastError=126)
LogWindows: File 'VtuneApi32e.dll' does not exist
LogInit: Display: Running engine for game: FMP
LogPlatformFile: Not using cached read wrapper
LogInit: Display: RandInit(1241685671) SRandInit(1241685671).
LogInit: Read version file with build ID '3709383'
LogInit: Overriding engine version to CL 3832480, compatible CL 3709383
LogInit: Registered custom module enumerator with build ID '3709383'
LogTaskGraph: Started task graph with 5 named threads and 14 total threads with 3 sets of task threads.
LogStats: Stats thread started at 2.177618
LogD3D11RHI: Aftermath initialized
LogModuleManager: Display: Found up-to-date module file ../../../Engine/Plugins/2D/Paper2D/Binaries/Win64/UE4Editor-Paper2D.dll (API version 3709383).
LogModuleManager: Display: Found up-to-date module file ../../../Engine/Plugins/2D/Paper2D/Binaries/Win64/UE4Editor-Paper2DEditor.dll (API version 3709383).
LogModuleManager: Display: Found up-to-date module file ../../../Engine/Plugins/2D/Paper2D/Binaries/Win64/UE4Editor-PaperSpriteSheetImporter.dll (API version 3709383).
LogModuleManager: Display: Found up-to-date module file ../../../Engine/Plugins/2D/Paper2D/Binaries/Win64/UE4Editor-PaperTiledImporter.dll (API version 3709383).
LogModuleManager: Display: Found up-to-date module file ../../../Engine/Plugins/2D/Paper2D/Binaries/Win64/UE4Editor-SmartSnapping.dll (API version 3709383).
LogModuleManager: Display: Found up-to-date module file ../../../Engine/Plugins/Blendables/LightPropagationVolume/Binaries/Win64/UE4Editor-LightPropagationVolumeRuntime.dll (API version 3709383).
LogModuleManager: Display: Found up-to-date module file ../../../Engine/Plugins/Blendables/LightPropagationVolume/Binaries/Win64/UE4Editor-LightPropagationVolumeEditor.dll (API version 3709383).
LogModuleManager: Display: Found up-to-date module file ../../../Engine/Plugins/Developer/GitSourceControl/Binaries/Win64/UE4Editor-GitSourceControl.dll (API version 3709383).
LogModuleManager: Display: Found up-to-date module file ../../../Engine/Plugins/Developer/PerforceSourceControl/Binaries/Win64/UE4Editor-PerforceSourceControl.dll (API version 3709383).
LogModuleManager: Display: Found up-to-date module file ../../../Engine/Plugins/Developer/SubversionSourceControl/Binaries/Win64/UE4Editor-SubversionSourceControl.dll (API version 3709383).
LogModuleManager: Display: Found up-to-date module file ../../../Engine/Plugins/Developer/UObjectPlugin/Binaries/Win64/UE4Editor-UObjectPlugin.dll (API version 3709383).
LogModuleManager: Display: Found up-to-date module file ../../../Engine/Plugins/Developer/VisualStudioCodeSourceCodeAccess/Binaries/Win64/UE4Editor-VisualStudioCodeSourceCodeAccess.dll (API version 3709383).
LogModuleManager: Display: Found up-to-date module file ../../../Engine/Plugins/Developer/VisualStudioSourceCodeAccess/Binaries/Win64/UE4Editor-VisualStudioSourceCodeAccess.dll (API version 3709383).
LogModuleManager: Display: Found up-to-date module file ../../../Engine/Plugins/Editor/AssetManagerEditor/Binaries/Win64/UE4Editor-AssetManagerEditor.dll (API version 3709383).
LogModuleManager: Display: Found up-to-date module file ../../../Engine/Plugins/Editor/AudioCapture/Binaries/Win64/UE4Editor-AudioCapture.dll (API version 3709383).
LogModuleManager: Display: Found up-to-date module file ../../../Engine/Plugins/Editor/FacialAnimation/Binaries/Win64/UE4Editor-FacialAnimation.dll (API version 3709383).
LogModuleManager: Display: Found up-to-date module file ../../../Engine/Plugins/Editor/FacialAnimation/Binaries/Win64/UE4Editor-FacialAnimationEditor.dll (API version 3709383).
LogModuleManager: Display: Found up-to-date module file ../../../Engine/Plugins/Editor/GameplayTagsEditor/Binaries/Win64/UE4Editor-GameplayTagsEditor.dll (API version 3709383).
LogModuleManager: Display: Found up-to-date module file ../../../Engine/Plugins/Editor/MobileLauncherProfileWizard/Binaries/Win64/UE4Editor-MobileLauncherProfileWizard.dll (API version 3709383).
LogModuleManager: Display: Found up-to-date module file ../../../Engine/Plugins/Editor/PluginBrowser/Binaries/Win64/UE4Editor-PluginBrowser.dll (API version 3709383).
LogModuleManager: Display: Found up-to-date module file ../../../Engine/Plugins/Editor/SpeedTreeImporter/Binaries/Win64/UE4Editor-SpeedTreeImporter.dll (API version 3709383).
LogModuleManager: Display: Found up-to-date module file ../../../Engine/Plugins/Experimental/AlembicImporter/Binaries/Win64/UE4Editor-AlembicImporter.dll (API version 3709383).
LogModuleManager: Display: Found up-to-date module file ../../../Engine/Plugins/Experimental/AlembicImporter/Binaries/Win64/UE4Editor-AlembicLibrary.dll (API version 3709383).
LogModuleManager: Display: Found up-to-date module file ../../../Engine/Plugins/Experimental/CharacterAI/Binaries/Win64/UE4Editor-CharacterAI.dll (API version 3709383).
LogModuleManager: Display: Found up-to-date module file ../../../Engine/Plugins/Experimental/HTML5Networking/Binaries/Win64/UE4Editor-HTML5Networking.dll (API version 3709383).
LogModuleManager: Display: Found up-to-date module file ../../../Engine/Plugins/Media/AndroidMedia/Binaries/Win64/UE4Editor-AndroidMediaEditor.dll (API version 3709383).
LogModuleManager: Display: Found up-to-date module file ../../../Engine/Plugins/Media/AndroidMedia/Binaries/Win64/UE4Editor-AndroidMediaFactory.dll (API version 3709383).
LogModuleManager: Display: Found up-to-date module file ../../../Engine/Plugins/Media/AvfMedia/Binaries/Win64/UE4Editor-AvfMediaEditor.dll (API version 3709383).
LogModuleManager: Display: Found up-to-date module file ../../../Engine/Plugins/Media/AvfMedia/Binaries/Win64/UE4Editor-AvfMediaFactory.dll (API version 3709383).
LogModuleManager: Display: Found up-to-date module file ../../../Engine/Plugins/Media/AvfMedia/Binaries/Win64/UE4Editor-AvfMediaFactory.dll (API version 3709383).
LogModuleManager: Display: Found up-to-date module file ../../../Engine/Plugins/Media/ImgMedia/Binaries/Win64/UE4Editor-ImgMedia.dll (API version 3709383).
LogModuleManager: Display: Found up-to-date module file ../../../Engine/Plugins/Media/ImgMedia/Binaries/Win64/UE4Editor-ImgMediaEditor.dll (API version 3709383).
LogModuleManager: Display: Found up-to-date module file ../../../Engine/Plugins/Media/ImgMedia/Binaries/Win64/UE4Editor-ImgMediaFactory.dll (API version 3709383).
LogModuleManager: Display: Found up-to-date module file ../../../Engine/Plugins/Media/ImgMedia/Binaries/Win64/UE4Editor-ImgMediaFactory.dll (API version 3709383).
LogModuleManager: Display: Found up-to-date module file ../../../Engine/Plugins/Media/ImgMedia/Binaries/Win64/UE4Editor-OpenExrWrapper.dll (API version 3709383).
LogModuleManager: Display: Found up-to-date module file ../../../Engine/Plugins/Media/MediaCompositing/Binaries/Win64/UE4Editor-MediaCompositing.dll (API version 3709383).
LogModuleManager: Display: Found up-to-date module file ../../../Engine/Plugins/Media/MediaCompositing/Binaries/Win64/UE4Editor-MediaCompositingEditor.dll (API version 3709383).
LogModuleManager: Display: Found up-to-date module file ../../../Engine/Plugins/Media/MediaPlayerEditor/Binaries/Win64/UE4Editor-MediaPlayerEditor.dll (API version 3709383).
LogModuleManager: Display: Found up-to-date module file ../../../Engine/Plugins/Media/WmfMedia/Binaries/Win64/UE4Editor-WmfMedia.dll (API version 3709383).
LogModuleManager: Display: Found up-to-date module file ../../../Engine/Plugins/Media/WmfMedia/Binaries/Win64/UE4Editor-WmfMediaEditor.dll (API version 3709383).
LogModuleManager: Display: Found up-to-date module file ../../../Engine/Plugins/Media/WmfMedia/Binaries/Win64/UE4Editor-WmfMediaFactory.dll (API version 3709383).
LogModuleManager: Display: Found up-to-date module file ../../../Engine/Plugins/Media/WmfMedia/Binaries/Win64/UE4Editor-WmfMediaFactory.dll (API version 3709383).
LogModuleManager: Display: Found up-to-date module file ../../../Engine/Plugins/Messaging/TcpMessaging/Binaries/Win64/UE4Editor-TcpMessaging.dll (API version 3709383).
LogModuleManager: Display: Found up-to-date module file ../../../Engine/Plugins/Messaging/UdpMessaging/Binaries/Win64/UE4Editor-UdpMessaging.dll (API version 3709383).
LogModuleManager: Display: Found up-to-date module file ../../../Engine/Plugins/MovieScene/ActorSequence/Binaries/Win64/UE4Editor-ActorSequence.dll (API version 3709383).
LogModuleManager: Display: Found up-to-date module file ../../../Engine/Plugins/MovieScene/LevelSequenceEditor/Binaries/Win64/UE4Editor-LevelSequenceEditor.dll (API version 3709383).
LogModuleManager: Display: Found up-to-date module file ../../../Engine/Plugins/MovieScene/MatineeToLevelSequence/Binaries/Win64/UE4Editor-MatineeToLevelSequence.dll (API version 3709383).
LogModuleManager: Display: Found up-to-date module file ../../../Engine/Plugins/Online/OnlineSubsystem/Binaries/Win64/UE4Editor-OnlineSubsystem.dll (API version 3709383).
LogModuleManager: Display: Found up-to-date module file ../../../Engine/Plugins/Runtime/AndroidPermission/Binaries/Win64/UE4Editor-AndroidPermission.dll (API version 3709383).
LogModuleManager: Display: Found up-to-date module file ../../../Engine/Plugins/Online/OnlineSubsystemNull/Binaries/Win64/UE4Editor-OnlineSubsystemNull.dll (API version 3709383).
LogModuleManager: Display: Found up-to-date module file ../../../Engine/Plugins/Online/OnlineSubsystemUtils/Binaries/Win64/UE4Editor-OnlineSubsystemUtils.dll (API version 3709383).
LogModuleManager: Display: Found up-to-date module file ../../../Engine/Plugins/Online/OnlineSubsystemUtils/Binaries/Win64/UE4Editor-OnlineBlueprintSupport.dll (API version 3709383).
LogModuleManager: Display: Found up-to-date module file ../../../Engine/Plugins/Runtime/AndroidDeviceProfileSelector/Binaries/Win64/UE4Editor-AndroidDeviceProfileSelector.dll (API version 3709383).
LogModuleManager: Display: Found up-to-date module file ../../../Engine/Plugins/Runtime/AppleARKit/Binaries/Win64/UE4Editor-AppleARKit.dll (API version 3709383).
LogModuleManager: Display: Found up-to-date module file ../../../Engine/Plugins/Runtime/ArchVisCharacter/Binaries/Win64/UE4Editor-ArchVisCharacter.dll (API version 3709383).
LogModuleManager: Display: Found up-to-date module file ../../../Engine/Plugins/Runtime/CableComponent/Binaries/Win64/UE4Editor-CableComponent.dll (API version 3709383).
LogModuleManager: Display: Found up-to-date module file ../../../Engine/Plugins/Runtime/CustomMeshComponent/Binaries/Win64/UE4Editor-CustomMeshComponent.dll (API version 3709383).
LogModuleManager: Display: Found up-to-date module file ../../../Engine/Plugins/Runtime/ExampleDeviceProfileSelector/Binaries/Win64/UE4Editor-ExampleDeviceProfileSelector.dll (API version 3709383).
LogModuleManager: Display: Found up-to-date module file ../../../Engine/Plugins/Runtime/ImmediatePhysics/Binaries/Win64/UE4Editor-ImmediatePhysics.dll (API version 3709383).
LogModuleManager: Display: Found up-to-date module file ../../../Engine/Plugins/Runtime/ImmediatePhysics/Binaries/Win64/UE4Editor-ImmediatePhysicsEditor.dll (API version 3709383).
LogModuleManager: Display: Found up-to-date module file ../../../Engine/Plugins/Runtime/LocationServicesBPLibrary/Binaries/Win64/UE4Editor-LocationServicesBPLibrary.dll (API version 3709383).
LogModuleManager: Display: Found up-to-date module file ../../../Engine/Plugins/Runtime/MobilePatchingUtils/Binaries/Win64/UE4Editor-MobilePatchingUtils.dll (API version 3709383).
LogModuleManager: Display: Found up-to-date module file ../../../Engine/Plugins/Runtime/Oculus/OculusVR/Binaries/Win64/UE4Editor-OculusHMD.dll (API version 3709383).
LogModuleManager: Display: Found up-to-date module file ../../../Engine/Plugins/Runtime/Oculus/OculusVR/Binaries/Win64/UE4Editor-OculusInput.dll (API version 3709383).
LogModuleManager: Display: Found up-to-date module file ../../../Engine/Plugins/Runtime/Oculus/OculusVR/Binaries/Win64/UE4Editor-OculusEditor.dll (API version 3709383).
LogModuleManager: Display: Found up-to-date module file ../../../Engine/Plugins/Runtime/PhysXVehicles/Binaries/Win64/UE4Editor-PhysXVehicles.dll (API version 3709383).
LogModuleManager: Display: Found up-to-date module file ../../../Engine/Plugins/Runtime/PhysXVehicles/Binaries/Win64/UE4Editor-PhysXVehiclesEditor.dll (API version 3709383).
LogModuleManager: Display: Found up-to-date module file ../../../Engine/Plugins/Runtime/ProceduralMeshComponent/Binaries/Win64/UE4Editor-ProceduralMeshComponent.dll (API version 3709383).
LogModuleManager: Display: Found up-to-date module file ../../../Engine/Plugins/Runtime/ProceduralMeshComponent/Binaries/Win64/UE4Editor-ProceduralMeshComponentEditor.dll (API version 3709383).
LogModuleManager: Display: Found up-to-date module file ../../../Engine/Plugins/Runtime/RuntimePhysXCooking/Binaries/Win64/UE4Editor-RuntimePhysXCooking.dll (API version 3709383).
LogModuleManager: Display: Found up-to-date module file ../../../Engine/Plugins/Runtime/Steam/SteamVR/Binaries/Win64/UE4Editor-SteamVR.dll (API version 3709383).
LogModuleManager: Display: Found up-to-date module file ../../../Engine/Plugins/Runtime/Steam/SteamVR/Binaries/Win64/UE4Editor-SteamVRController.dll (API version 3709383).
LogModuleManager: Display: Found up-to-date module file ../../../Engine/Plugins/Runtime/WindowsMoviePlayer/Binaries/Win64/UE4Editor-WindowsMoviePlayer.dll (API version 3709383).
LogPluginManager: Mounting plugin Paper2D
LogPluginManager: Mounting plugin LightPropagationVolume
LogPluginManager: Mounting plugin CodeLiteSourceCodeAccess
LogPluginManager: Mounting plugin GitSourceControl
LogPluginManager: Mounting plugin KDevelopSourceCodeAccess
LogPluginManager: Mounting plugin NullSourceCodeAccess
LogPluginManager: Mounting plugin PerforceSourceControl
LogPluginManager: Mounting plugin SubversionSourceControl
LogPluginManager: Mounting plugin UObjectPlugin
LogPluginManager: Mounting plugin VisualStudioCodeSourceCodeAccess
LogPluginManager: Mounting plugin VisualStudioSourceCodeAccess
LogPluginManager: Mounting plugin XCodeSourceCodeAccess
LogPluginManager: Mounting plugin AssetManagerEditor
LogPluginManager: Mounting plugin AudioCapture
LogPluginManager: Mounting plugin FacialAnimation
LogPluginManager: Mounting plugin GameplayTagsEditor
LogPluginManager: Mounting plugin MobileLauncherProfileWizard
LogPluginManager: Mounting plugin PluginBrowser
LogPluginManager: Mounting plugin SpeedTreeImporter
LogPluginManager: Mounting plugin AlembicImporter
LogPluginManager: Mounting plugin CharacterAI
LogPluginManager: Mounting plugin HTML5Networking
LogPluginManager: Mounting plugin AndroidMedia
LogPluginManager: Mounting plugin AvfMedia
LogPluginManager: Mounting plugin ImgMedia
LogPluginManager: Mounting plugin MediaCompositing
LogPluginManager: Mounting plugin MediaPlayerEditor
LogPluginManager: Mounting plugin WmfMedia
LogPluginManager: Mounting plugin TcpMessaging
LogPluginManager: Mounting plugin UdpMessaging
LogPluginManager: Mounting plugin ActorSequence
LogPluginManager: Mounting plugin LevelSequenceEditor
LogPluginManager: Mounting plugin MatineeToLevelSequence
LogPluginManager: Mounting plugin OnlineSubsystemGooglePlay
LogPluginManager: Mounting plugin OnlineSubsystemIOS
LogPluginManager: Mounting plugin OnlineSubsystem
LogPluginManager: Mounting plugin OnlineSubsystemNull
LogPluginManager: Mounting plugin OnlineSubsystemUtils
LogPluginManager: Mounting plugin AndroidDeviceProfileSelector
LogPluginManager: Mounting plugin AndroidMoviePlayer
LogPluginManager: Mounting plugin AndroidPermission
LogPluginManager: Mounting plugin AppleARKit
LogPluginManager: Mounting plugin AppleMoviePlayer
LogPluginManager: Mounting plugin ArchVisCharacter
LogPluginManager: Mounting plugin CableComponent
LogPluginManager: Mounting plugin CustomMeshComponent
LogPluginManager: Mounting plugin ExampleDeviceProfileSelector
LogPluginManager: Mounting plugin GoogleCloudMessaging
LogPluginManager: Mounting plugin ImmediatePhysics
LogPluginManager: Mounting plugin IOSDeviceProfileSelector
LogPluginManager: Mounting plugin LinuxDeviceProfileSelector
LogPluginManager: Mounting plugin LocationServicesBPLibrary
LogPluginManager: Mounting plugin MobilePatchingUtils
LogPluginManager: Mounting plugin OculusVR
LogPluginManager: Plugin shader directory ../../../Engine/Plugins/Runtime/Oculus/OculusVR/Shaders found
LogPluginManager: Mapping shader source directory ../../../Engine/Plugins/Runtime/Oculus/OculusVR/Shaders to virtual directory /Plugin/OculusVR
LogPluginManager: Mounting plugin PhysXVehicles
LogPluginManager: Mounting plugin ProceduralMeshComponent
LogPluginManager: Mounting plugin RuntimePhysXCooking
LogPluginManager: Mounting plugin SteamVR
LogPluginManager: Mounting plugin WindowsMoviePlayer
LogInit: Using libcurl 7.47.1
LogInit:  - built for x86_64-pc-win32
LogInit:  - supports SSL with OpenSSL/1.0.2g
LogInit:  - supports HTTP deflate (compression) using libz 1.2.8
LogInit:  - other features:
LogInit:      CURL_VERSION_SSL
LogInit:      CURL_VERSION_LIBZ
LogInit:      CURL_VERSION_IPV6
LogInit:      CURL_VERSION_ASYNCHDNS
LogInit:      CURL_VERSION_LARGEFILE
LogInit:      CURL_VERSION_IDN
LogInit:  CurlRequestOptions (configurable via config and command line):
LogInit:  - bVerifyPeer = false  - Libcurl will NOT verify peer certificate
LogInit:  - bUseHttpProxy = false  - Libcurl will NOT use HTTP proxy
LogInit:  - bDontReuseConnections = false  - Libcurl will reuse connections
LogInit:  - CertBundlePath = nullptr  - Libcurl will use whatever was configured at build time.
LogInit: Build: ++UE4+Release-4.18-CL-3832480
LogInit: Engine Version: 4.18.3-3832480+++UE4+Release-4.18
LogInit: Compatible Engine Version: 4.18.0-3709383+++UE4+Release-4.18
LogInit: Net CL: 3709383
LogDevObjectVersion: Number of dev versions registered: 16
LogDevObjectVersion:   Dev-Blueprints (B0D832E4-1F89-4F0D-ACCF-7EB736FD4AA2): 10
LogDevObjectVersion:   Dev-Build (E1C64328-A22C-4D53-A36C-8E866417BD8C): 0
LogDevObjectVersion:   Dev-Core (375EC13C-06E4-48FB-B500-84F0262A717E): 2
LogDevObjectVersion:   Dev-Editor (E4B068ED-F494-42E9-A231-DA0B2E46BB41): 20
LogDevObjectVersion:   Dev-Framework (CFFC743F-43B0-4480-9391-14DF171D2073): 30
LogDevObjectVersion:   Dev-Mobile (B02B49B5-BB20-44E9-A304-32B752E40360): 0
LogDevObjectVersion:   Dev-Networking (A4E4105C-59A1-49B5-A7C5-40C4547EDFEE): 0
LogDevObjectVersion:   Dev-Online (39C831C9-5AE6-47DC-9A44-9C173E1C8E7C): 0
LogDevObjectVersion:   Dev-Physics (78F01B33-EBEA-4F98-B9B4-84EACCB95AA2): 0
LogDevObjectVersion:   Dev-Platform (6631380F-2D4D-43E0-8009-CF276956A95A): 0
LogDevObjectVersion:   Dev-Rendering (12F88B9F-8875-4AFC-A67C-D90C383ABD29): 20
LogDevObjectVersion:   Dev-Sequencer (7B5AE74C-D270-4C10-A958-57980B212A5A): 4
LogDevObjectVersion:   Dev-VR (D7296918-1DD6-4BDD-9DE2-64A83CC13884): 0
LogDevObjectVersion:   Dev-LoadTimes (C2A15278-BFE7-4AFE-6C17-90FF531DF755): 1
LogDevObjectVersion:   Private-Geometry (6EACA3D4-40EC-4CC1-B786-8BED09428FC5): 1
LogDevObjectVersion:   Dev-AnimPhys (29E575DD-E0A3-4627-9D10-D276232CDCEA): 12
LogInit: Compiled (64-bit): Jan 12 2018 02:04:55
LogInit: Compiled with Visual C++: 19.00.24215.01
LogInit: Build Configuration: Development
LogInit: Branch Name: ++UE4+Release-4.18
LogInit: Command line:  
LogInit: Base directory: C:/Users/jacob-thorne/Documents/UE_4.18/Engine/Binaries/Win64/
LogInit: Installed Engine Build: 1
LogInit: Presizing for max 8388607 objects, including 0 objects not considered by GC, pre-allocating 0 bytes for permanent pool.
LogInit: Object subsystem initialized
[2018.04.25-07.59.40:925][  0]LogInit: Selected Device Profile: [Windows]
[2018.04.25-07.59.40:925][  0]LogInit: Applying CVar settings loaded from the selected device profile: [Windows]
[2018.04.25-07.59.41:121][  0]LogInit: Computer: RM9PC10
[2018.04.25-07.59.41:121][  0]LogInit: User: jamesmartin
[2018.04.25-07.59.41:121][  0]LogInit: CPU Page size=4096, Cores=4
[2018.04.25-07.59.41:121][  0]LogInit: High frequency timer resolution =2.929691 MHz
[2018.04.25-07.59.41:121][  0]LogMemory: Memory total: Physical=16.0GB (16GB approx)
[2018.04.25-07.59.41:121][  0]LogMemory: Platform Memory Stats for Windows
[2018.04.25-07.59.41:121][  0]LogMemory: Process Physical Memory: 272.48 MB used, 272.48 MB peak
[2018.04.25-07.59.41:121][  0]LogMemory: Process Virtual Memory: 271.62 MB used, 271.62 MB peak
[2018.04.25-07.59.41:121][  0]LogMemory: Physical Memory: 3914.35 MB used,  12428.35 MB free, 16342.70 MB total
[2018.04.25-07.59.41:121][  0]LogMemory: Virtual Memory: 643.48 MB used,  12428.35 MB free, 134217728.00 MB total
[2018.04.25-07.59.43:655][  0]LogInit: Using OS detected language (en-US).
[2018.04.25-07.59.43:655][  0]LogInit: Using OS detected locale (en-GB).
[2018.04.25-07.59.43:684][  0]LogTextLocalizationManager: No specific localization for 'en-US' exists, so the 'en' localization will be used.
[2018.04.25-07.59.48:943][  0]LogInit: Setting process to per monitor DPI aware
[2018.04.25-07.59.53:417][  0]LogD3D11RHI: D3D11 adapters:
[2018.04.25-07.59.53:459][  0]LogD3D11RHI:    0. 'NVIDIA GeForce GTX 1050 Ti' (Feature Level 11_0)
[2018.04.25-07.59.53:459][  0]LogD3D11RHI:       4050/0/8171 MB DedicatedVideo/DedicatedSystem/SharedSystem, Outputs:1, VendorId:0x10de
[2018.04.25-07.59.53:461][  0]LogD3D11RHI:    1. 'Microsoft Basic Render Driver' (Feature Level 11_0)
[2018.04.25-07.59.53:461][  0]LogD3D11RHI:       0/0/8171 MB DedicatedVideo/DedicatedSystem/SharedSystem, Outputs:0, VendorId:0x1414
[2018.04.25-07.59.53:461][  0]LogD3D11RHI: Chosen D3D11 Adapter: 0
[2018.04.25-07.59.53:469][  0]LogD3D11RHI: Creating new Direct3DDevice
[2018.04.25-07.59.53:469][  0]LogD3D11RHI:     GPU DeviceId: 0x1c82 (for the marketing name, search the web for "GPU Device Id")
[2018.04.25-07.59.53:469][  0]LogWindows: EnumDisplayDevices:
[2018.04.25-07.59.53:469][  0]LogWindows:    0. 'NVIDIA GeForce GTX 1050 Ti' (P:1 D:1)
[2018.04.25-07.59.53:470][  0]LogWindows:    1. 'NVIDIA GeForce GTX 1050 Ti' (P:0 D:0)
[2018.04.25-07.59.53:470][  0]LogWindows:    2. 'NVIDIA GeForce GTX 1050 Ti' (P:0 D:0)
[2018.04.25-07.59.53:470][  0]LogWindows:    3. 'NVIDIA GeForce GTX 1050 Ti' (P:0 D:0)
[2018.04.25-07.59.53:470][  0]LogWindows: DebugString: FoundDriverCount:4 
[2018.04.25-07.59.53:470][  0]LogD3D11RHI:     Adapter Name: NVIDIA GeForce GTX 1050 Ti
[2018.04.25-07.59.53:471][  0]LogD3D11RHI:   Driver Version: 378.92 (internal:21.21.13.7892, unified:378.92)
[2018.04.25-07.59.53:471][  0]LogD3D11RHI:      Driver Date: 3-16-2017
[2018.04.25-07.59.53:471][  0]LogRHI: Texture pool is 2835 MB (70% of 4050 MB)
[2018.04.25-07.59.53:635][  0]LogD3D11RHI: Async texture creation enabled
[2018.04.25-07.59.53:844][  0]LogD3D11RHI: GPU Timing Frequency: 1000.000000 (Debug: 2 1)
[2018.04.25-07.59.53:910][  0]LogShaderCompilers: Guid format shader working directory is -2 characters bigger than the processId version (../../../../../../james-martin/Documents/GitHub/FMP/FMP/Intermediate/Shaders/WorkingDirectory/5568/).
[2018.04.25-07.59.53:910][  0]LogShaderCompilers: Cleaned the shader compiler working directory 'C:/Users/james-martin/AppData/Local/Temp/UnrealShaderWorkingDir/04D3DE324DD6B54A676A528A7ABEA4F6/'.
[2018.04.25-07.59.53:912][  0]LogShaderCompilers: Display: Using Local Shader Compiler.
[2018.04.25-07.59.57:714][  0]LogTemp: Display: Loaded TP AllDesktopTargetPlatform
[2018.04.25-07.59.57:770][  0]LogTemp: Display: Loaded TP MacClientTargetPlatform
[2018.04.25-07.59.57:827][  0]LogTemp: Display: Loaded TP MacNoEditorTargetPlatform
[2018.04.25-07.59.57:884][  0]LogTemp: Display: Loaded TP MacServerTargetPlatform
[2018.04.25-07.59.57:944][  0]LogTemp: Display: Loaded TP MacTargetPlatform
[2018.04.25-07.59.58:003][  0]LogTemp: Display: Loaded TP WindowsClientTargetPlatform
[2018.04.25-07.59.58:062][  0]LogTemp: Display: Loaded TP WindowsNoEditorTargetPlatform
[2018.04.25-07.59.58:120][  0]LogTemp: Display: Loaded TP WindowsServerTargetPlatform
[2018.04.25-07.59.58:172][  0]LogTemp: Display: Loaded TP WindowsTargetPlatform
[2018.04.25-07.59.58:230][  0]LogTemp: Display: Loaded TP Android_ASTCTargetPlatform
[2018.04.25-07.59.58:287][  0]LogTemp: Display: Loaded TP Android_ATCTargetPlatform
[2018.04.25-07.59.58:346][  0]LogTemp: Display: Loaded TP Android_DXTTargetPlatform
[2018.04.25-07.59.58:405][  0]LogTemp: Display: Loaded TP Android_ETC1TargetPlatform
[2018.04.25-07.59.58:468][  0]LogTemp: Display: Loaded TP Android_ETC2TargetPlatform
[2018.04.25-07.59.58:583][  0]LogTemp: Display: Loaded TP Android_MultiTargetPlatform
[2018.04.25-07.59.58:583][  0]LogTemp: Display: Loaded TP Android_PVRTCTargetPlatform
[2018.04.25-07.59.58:641][  0]LogTemp: Display: Loaded TP AndroidTargetPlatform
[2018.04.25-07.59.58:690][  0]LogTemp: Display: Loaded TP HTML5TargetPlatform
[2018.04.25-07.59.58:802][  0]LogTemp: Display: Loaded TP IOSTargetPlatform
[2018.04.25-07.59.58:833][  0]LogTemp: Display: Loaded TP TVOSTargetPlatform
[2018.04.25-07.59.58:892][  0]LogTemp: Display: Loaded TP LinuxClientTargetPlatform
[2018.04.25-07.59.58:950][  0]LogTemp: Display: Loaded TP LinuxNoEditorTargetPlatform
[2018.04.25-07.59.59:011][  0]LogTemp: Display: Loaded TP LinuxServerTargetPlatform
[2018.04.25-07.59.59:071][  0]LogTemp: Display: Loaded TP LinuxTargetPlatform
[2018.04.25-07.59.59:071][  0]LogTargetPlatformManager: Display: Building Assets For Windows
[2018.04.25-08.00.00:103][  0]LogDerivedDataCache: Display: Max Cache Size: 512 MB
[2018.04.25-08.00.02:127][  0]LogDerivedDataCache: Loaded boot cache 1.98s 78MB C:/Users/james-martin/AppData/Local/UnrealEngine/4.18/DerivedDataCache/Boot.ddc.
[2018.04.25-08.00.02:127][  0]LogDerivedDataCache: Display: Loaded Boot cache: C:/Users/james-martin/AppData/Local/UnrealEngine/4.18/DerivedDataCache/Boot.ddc
[2018.04.25-08.00.02:127][  0]LogDerivedDataCache: FDerivedDataBackendGraph:  Pak pak cache file ../../../../../../james-martin/Documents/GitHub/FMP/FMP/DerivedDataCache/DDC.ddp not found, will not use a pak cache.
[2018.04.25-08.00.02:127][  0]LogDerivedDataCache: Unable to find inner node Pak for hierarchical cache Hierarchy.
[2018.04.25-08.00.02:127][  0]LogDerivedDataCache: FDerivedDataBackendGraph:  CompressedPak pak cache file ../../../../../../james-martin/Documents/GitHub/FMP/FMP/DerivedDataCache/Compressed.ddp not found, will not use a pak cache.
[2018.04.25-08.00.02:127][  0]LogDerivedDataCache: Unable to find inner node CompressedPak for hierarchical cache Hierarchy.
[2018.04.25-08.00.02:152][  0]LogDerivedDataCache: Display: Pak cache opened for reading ../../../Engine/DerivedDataCache/Compressed.ddp.
[2018.04.25-08.00.02:166][  0]LogDerivedDataCache: Using Local data cache path C:/Users/james-martin/AppData/Local/UnrealEngine/Common/DerivedDataCache: Writable
[2018.04.25-08.00.02:211][  0]LogMaterial: Verifying Global Shaders for PCD3D_SM5
[2018.04.25-08.00.02:238][  0]LogSlate: Using Freetype 2.6.0
[2018.04.25-08.00.02:303][  0]LogSlate: SlateFontCache - WITH_FREETYPE: 1, WITH_HARFBUZZ: 1
[2018.04.25-08.00.02:303][  0]LogSlate: SlateFontCache - WITH_FREETYPE: 1, WITH_HARFBUZZ: 1
[2018.04.25-08.00.04:120][  0]LogInit: Selected Device Profile: [Windows]
[2018.04.25-08.00.05:293][  0]LogSimplygon: Simplygon DLL not present - disabling.
[2018.04.25-08.00.05:380][  0]LogMeshReduction: Using SimplygonSwarm for distributed automatic mesh merging
[2018.04.25-08.00.05:381][  0]LogMeshReduction: Using QuadricMeshReduction for automatic static mesh reduction
[2018.04.25-08.00.05:381][  0]LogMeshReduction: No automatic skeletal mesh reduction module available
[2018.04.25-08.00.05:381][  0]LogMeshReduction: No automatic mesh merging module available
[2018.04.25-08.00.05:381][  0]LogMeshMerging: No automatic mesh merging module available
[2018.04.25-08.00.05:579][  0]LogNetVersion: FMP , NetCL: 3709383, EngineNetVer: 2, GameNetVer: 0 (Checksum: 454793335)
[2018.04.25-08.00.06:131][  0]LogAssetRegistry: FAssetRegistry took 0.0315 seconds to start up
[2018.04.25-08.00.08:462][  0]LogPackageLocalizationCache: Processed 7 localized package path(s) for 2 prioritized culture(s) in 0.209909 seconds
[2018.04.25-08.00.08:467][  0]LogUObjectArray: 35870 objects as part of root set at end of initial load.
[2018.04.25-08.00.08:467][  0]LogUObjectAllocator: 7363704 out of 0 bytes used by permanent object pool.
[2018.04.25-08.00.08:467][  0]LogUObjectArray: CloseDisregardForGC: 0/0 objects in disregard for GC pool
[2018.04.25-08.00.08:926][  0]LogInit: WinSock: version 1.1 (2.2), MaxSocks=32767, MaxUdp=65467
[2018.04.25-08.00.16:380][  0]LogTcpMessaging: Initializing TcpMessaging bridge
[2018.04.25-08.00.16:483][  0]LogUdpMessaging: Initializing bridge on interface 0.0.0.0:0 to multicast group 230.0.0.1:6666.
[2018.04.25-08.00.17:620][  0]LogMaterial: Uniform references updated for custom material expression Custom.
[2018.04.25-08.00.18:338][  0]SourceControl: Source control is disabled
[2018.04.25-08.00.18:338][  0]SourceControl: Source control is disabled
[2018.04.25-08.00.18:442][  0]SourceControl: Source control is disabled
[2018.04.25-08.00.18:521][  0]SourceControl: Source control is disabled
[2018.04.25-08.00.20:039][  0]LogAndroidPermission: UAndroidPermissionCallbackProxy::GetInstance
[2018.04.25-08.00.20:406][  0]LogOcInput: OculusInput pre-init called
[2018.04.25-08.00.20:887][  0]LogEngine: Initializing Engine...
[2018.04.25-08.00.20:894][  0]LogHMD: Failed to initialize OpenVR with code 110
[2018.04.25-08.00.21:312][  0]LogStats: UGameplayTagsManager::ConstructGameplayTagTree: Construct from data asset -  0.000 s
[2018.04.25-08.00.21:312][  0]LogStats: UGameplayTagsManager::ConstructGameplayTagTree: GameplayTagTreeChangedEvent.Broadcast -  0.000 s
[2018.04.25-08.00.21:799][  0]LogAIModule: Creating AISystem for world Untitled
[2018.04.25-08.00.21:977][  0]LogInit: XAudio2 using 'Digital Audio (S/PDIF) (High Definition Audio Device)' : 2 channels at 44.1 kHz using 16 bits per sample (channel mask 0x3)
[2018.04.25-08.00.22:017][  0]LogInit: FAudioDevice initialized.
[2018.04.25-08.00.24:314][  0]LogDerivedDataCache: Saved boot cache 2.30s 78MB C:/Users/james-martin/AppData/Local/UnrealEngine/4.18/DerivedDataCache/Boot.ddc.
[2018.04.25-08.00.24:322][  0]LogInit: Texture streaming: Enabled
[2018.04.25-08.00.24:490][  0]LogEngineSessionManager: EngineSessionManager initialized
[2018.04.25-08.00.24:797][  0]LogInit: Transaction tracking system initialized
[2018.04.25-08.00.26:215][  0]BlueprintLog: New page: Editor Load
[2018.04.25-08.00.28:758][  0]LocalizationService: Localization service is disabled
[2018.04.25-08.00.30:097][  0]LogConsoleResponse: Display: 
[2018.04.25-08.00.32:215][  0]LogFileCache: Scanning file cache for directory 'C:/Users/james-martin/Documents/GitHub/FMP/FMP/Content/' took 0.01s
[2018.04.25-08.00.32:215][  0]LogCook: Display: Max memory allowance for cook 16384mb min free memory 0mb
[2018.04.25-08.00.32:215][  0]LogCook: Display: Mobile HDR setting 1
[2018.04.25-08.00.32:215][  0]LogGameplayTags: Display: UGameplayTagsManager::DoneAddingNativeTags. DelegateIsBound: 0
[2018.04.25-08.00.34:058][  0]SourceControl: Source control is disabled
[2018.04.25-08.00.34:093][  0]Cmd: MAP LOAD FILE="../../../../../../james-martin/Documents/GitHub/FMP/FMP/Content/Maps/Level.umap" TEMPLATE=0 SHOWPROGRESS=1 FEATURELEVEL=3
[2018.04.25-08.00.34:093][  0]LogEditorServer: Warning: Can't find file '../../../../../../james-martin/Documents/GitHub/FMP/FMP/Content/Maps/Level.umap'
[2018.04.25-08.00.34:167][  0]Cmd: MAP CHECKDEP NOCLEARLOG
[2018.04.25-08.00.34:209][  0]MapCheck: Map check complete: 0 Error(s), 0 Warning(s), took 42.692ms to complete.
[2018.04.25-08.00.34:209][  0]LogFileHelpers: Loading map 'Level' took 0.151
[2018.04.25-08.00.35:235][  0]LogCollectionManager: Loaded 0 collections in 0.002067 seconds
[2018.04.25-08.00.35:384][  0]LogFileCache: Scanning file cache for directory 'C:/Users/james-martin/Documents/GitHub/FMP/FMP/Saved/Collections/' took 0.01s
[2018.04.25-08.00.35:384][  0]LogFileCache: Scanning file cache for directory 'C:/Users/james-martin/Documents/GitHub/FMP/FMP/Content/Developers/jamesmartin/Collections/' took 0.01s
[2018.04.25-08.00.35:384][  0]LogFileCache: Scanning file cache for directory 'C:/Users/james-martin/Documents/GitHub/FMP/FMP/Content/Collections/' took 0.01s
[2018.04.25-08.00.35:384][  0]LogCollectionManager: Rebuilt the GUID cache for 0 collections in 0.000000 seconds
[2018.04.25-08.00.35:394][  0]LogContentBrowser: Native class hierarchy populated in 0.0085 seconds. Added 2363 classes and 519 folders.
[2018.04.25-08.00.35:507][  0]LogContentBrowser: Native class hierarchy updated for 'WidgetCarousel' in 0.0002 seconds. Added 0 classes and 0 folders.
[2018.04.25-08.00.35:791][  0]LogContentBrowser: Native class hierarchy updated for 'AddContentDialog' in 0.0002 seconds. Added 0 classes and 0 folders.
[2018.04.25-08.00.35:860][  0]LogContentBrowser: Native class hierarchy updated for 'SceneOutliner' in 0.0002 seconds. Added 1 classes and 2 folders.
[2018.04.25-08.00.36:562][  0]LogSlate: Took 0.001491 seconds to synchronously load lazily loaded font '../../../Engine/Content/Slate/Fonts/Roboto-Regular.ttf' (155K)
[2018.04.25-08.00.37:521][  0]LogSlate: Took 0.001798 seconds to synchronously load lazily loaded font '../../../Engine/Content/Slate/Fonts/Roboto-Bold.ttf' (160K)
[2018.04.25-08.00.37:547][  0]LogSlate: Took 0.001666 seconds to synchronously load lazily loaded font '../../../Engine/Content/Editor/Slate/Fonts/FontAwesome.ttf' (139K)
[2018.04.25-08.00.38:030][  0]LogRenderer: Reallocating scene render targets to support 988x524 Format 10 NumSamples 1 (Frame:1).
[2018.04.25-08.00.38:774][  0]LogContentBrowser: Native class hierarchy updated for 'HierarchicalLODOutliner' in 0.0003 seconds. Added 1 classes and 2 folders.
[2018.04.25-08.00.38:775][  0]LogLoad: (Engine Initialization) Total time: 80.62 seconds
[2018.04.25-08.00.38:775][  0]LogLoad: (Engine Initialization) Total Blueprint compile time: 0.00 seconds
[2018.04.25-08.00.38:775][  0]LogExternalProfiler: No external profilers were discovered.  External profiling features will not be available.
[2018.04.25-08.00.39:230][  0]LogContentStreaming: Texture pool size now 1000 MB
[2018.04.25-08.00.39:408][  0]LogSlate: Took 0.002127 seconds to synchronously load lazily loaded font '../../../Engine/Content/Slate/Fonts/Roboto-Light.ttf' (159K)
[2018.04.25-08.00.39:510][  1]LogAssetRegistry: Asset discovery search completed in 33.4100 seconds
[2018.04.25-08.00.39:513][  1]LogCollectionManager: Rebuilt the object cache for 0 collections in 0.000000 seconds (found 0 objects)
[2018.04.25-08.00.39:513][  1]LogCollectionManager: Fixed up redirectors for 0 collections in 0.000061 seconds (updated 0 objects)
[2018.04.25-08.00.54:598][248]LogSlate: Took 0.000113 seconds to synchronously load lazily loaded font '../../../Engine/Content/Slate/Fonts/Roboto-Light.ttf' (159K)
[2018.04.25-08.00.55:034][248]LogBlueprint: Warning: [Compiler Character_] Get : 'Camera' variable not found. Base class was probably changed. /Game/Characters/Character_.Character_
[2018.04.25-08.00.55:035][248]LogBlueprint: Warning: [Compiler Character_] Get : 'Camera' variable not found. Base class was probably changed. /Game/Characters/Character_.Character_
[2018.04.25-08.00.55:058][248]LogBlueprint: Warning: [Compiler Character_] [0096.92] Compile of Character_ successful, but with 2 Warning(s) [in 42 ms] (/Game/Characters/Character_.Character_)
[2018.04.25-08.00.55:484][248]LogSlate: Took 0.000129 seconds to synchronously load lazily loaded font '../../../Engine/Content/Slate/Fonts/Roboto-Regular.ttf' (155K)
[2018.04.25-08.00.59:369][248]LogAIModule: Creating AISystem for world GameLevel
[2018.04.25-08.00.59:542][248]Cmd: MAP LOAD FILE="../../../../../../james-martin/Documents/GitHub/FMP/FMP/Content/Maps/GameLevel.umap" TEMPLATE=0 SHOWPROGRESS=1 FEATURELEVEL=3
[2018.04.25-08.00.59:542][248]LightingResults: New page: Lighting Build
[2018.04.25-08.00.59:592][248]LogContentBrowser: Native class hierarchy updated for 'StatsViewer' in 0.0003 seconds. Added 5 classes and 0 folders.
[2018.04.25-08.00.59:594][248]LoadErrors: New page: Loading map: GameLevel.umap
[2018.04.25-08.00.59:596][248]MapCheck: New page: Map Check
[2018.04.25-08.00.59:596][248]LightingResults: New page: Lighting Build
[2018.04.25-08.01.05:889][248]LogEditorServer: Finished looking for orphan Actors (0.000 secs)
[2018.04.25-08.01.05:922][248]Cmd: MAP CHECKDEP NOCLEARLOG
[2018.04.25-08.01.05:966][248]MapCheck: Map check complete: 0 Error(s), 0 Warning(s), took 44.028ms to complete.
[2018.04.25-08.01.05:966][248]LogFileHelpers: Loading map 'GameLevel' took 6.432
[2018.04.25-08.01.52:038][212]LogSlate: Only BGRA pngs, bmps or icos are supported in by External Image Picker
[2018.04.25-08.01.52:258][215]LogTemp: Executing iPhonePackager certificates Engine -bundlename com.YourCompany.FMP
[2018.04.25-08.01.52:258][215]LogTemp: CWD: C:\Users\jacob-thorne\Documents\UE_4.18\Engine\Binaries\DotNET\IOS
[2018.04.25-08.01.52:258][215]LogTemp: Initial Dir: C:\Users\jacob-thorne\Documents\UE_4.18
[2018.04.25-08.01.52:258][215]LogTemp: Env CWD: C:\Users\jacob-thorne\Documents\UE_4.18\Engine\Binaries\DotNET\IOS
[2018.04.25-08.01.52:291][216]LogTemp: BranchPath = RM9PC10/C/Users/jacob-thorne/Documents/UE_4.18/Engine/Binaries --- GameBranchPath = RM9PC10/C/Users/jacob-thorne/Documents/UE_4.18/Engine/Binaries
[2018.04.25-08.01.52:492][222]LogTemp: IPP ERROR: Could not find provision directory 'C:\Users\james-martin\AppData\Local/Apple Computer/MobileDevice/Provisioning Profiles/'.
[2018.04.25-08.02.01:067][235]LogSlate: Took 0.000224 seconds to synchronously load lazily loaded font '../../../Engine/Content/Slate/Fonts/Roboto-Light.ttf' (159K)
[2018.04.25-08.02.13:594][725]Cmd: OBJ SAVEPACKAGE PACKAGE="/Game/Maps/GameLevel" FILE="../../../../../../james-martin/Documents/GitHub/FMP/FMP/Content/Maps/GameLevel.umap" SILENT=true AUTOSAVING=false KEEPDIRTY=false
[2018.04.25-08.02.14:421][725]LogSavePackage: Save=711.45ms
[2018.04.25-08.02.14:421][725]LogSavePackage: Moving '../../../../../../james-martin/Documents/GitHub/FMP/FMP/Saved/GameLevel0CC611694787CD52A7363C91122FCA20.tmp' to '../../../../../../james-martin/Documents/GitHub/FMP/FMP/Content/Maps/GameLevel.umap'
[2018.04.25-08.02.14:422][725]LogSavePackage: Display: Finished SavePackage ../../../../../../james-martin/Documents/GitHub/FMP/FMP/Content/Maps/GameLevel.umap
[2018.04.25-08.02.59:405][110]LogTemp: Repeating last play command: Selected Viewport
[2018.04.25-08.02.59:558][110]LogPlayLevel: PlayLevel: No blueprints needed recompiling
[2018.04.25-08.02.59:559][110]PIE: New page: PIE session: GameLevel (25 Apr 2018 10:02:59)
[2018.04.25-08.02.59:559][110]LogPlayLevel: Creating play world package: /Game/Maps/UEDPIE_0_GameLevel
[2018.04.25-08.02.59:610][110]LogPlayLevel: PIE: StaticDuplicateObject took: (0.051270s)
[2018.04.25-08.02.59:611][110]LogAIModule: Creating AISystem for world GameLevel
[2018.04.25-08.02.59:611][110]LogPlayLevel: PIE: World Init took: (0.000795s)
[2018.04.25-08.02.59:612][110]LogPlayLevel: PIE: Created PIE world by copying editor world from /Game/Maps/GameLevel.GameLevel to /Game/Maps/UEDPIE_0_GameLevel.GameLevel (0.052540s)
[2018.04.25-08.02.59:624][110]LogInit: XAudio2 using 'Digital Audio (S/PDIF) (High Definition Audio Device)' : 2 channels at 44.1 kHz using 16 bits per sample (channel mask 0x3)
[2018.04.25-08.02.59:632][110]LogInit: FAudioDevice initialized.
[2018.04.25-08.02.59:675][110]LogLoad: Game class is 'GM_C'
[2018.04.25-08.02.59:682][110]LogWorld: Bringing World /Game/Maps/UEDPIE_0_GameLevel.GameLevel up for play (max tick rate 0) at 2018.04.25-09.02.59
[2018.04.25-08.02.59:682][110]LogWorld: Bringing up level for play took: 0.005031
[2018.04.25-08.02.59:734][110]LogContentBrowser: Native class hierarchy updated for 'MovieSceneCapture' in 0.0003 seconds. Added 11 classes and 0 folders.
[2018.04.25-08.02.59:734][110]LogGameMode: Display: Match State Changed from EnteringMap to WaitingToStart
[2018.04.25-08.02.59:734][110]LogGameState: Match State Changed from EnteringMap to WaitingToStart
[2018.04.25-08.02.59:734][110]LogGameMode: Display: Match State Changed from WaitingToStart to InProgress
[2018.04.25-08.02.59:760][110]LogGameState: Match State Changed from WaitingToStart to InProgress
[2018.04.25-08.02.59:760][110]PIE: Play in editor start time for /Game/Maps/UEDPIE_0_GameLevel -0.072
[2018.04.25-08.03.43:794][317]LogTexture: Display: Building textures: Texture2D_2 (G8, 128X128)
[2018.04.25-08.04.02:264][429]LogTemp: Repeating last play command: Selected Viewport
[2018.04.25-08.04.02:278][429]LogPlayLevel: PlayLevel: No blueprints needed recompiling
[2018.04.25-08.04.02:278][429]PIE: New page: PIE session: GameLevel (25 Apr 2018 10:04:02)
[2018.04.25-08.04.02:278][429]LogPlayLevel: Creating play world package: /Game/Maps/UEDPIE_0_GameLevel
[2018.04.25-08.04.02:332][429]LogPlayLevel: PIE: StaticDuplicateObject took: (0.053959s)
[2018.04.25-08.04.02:333][429]LogAIModule: Creating AISystem for world GameLevel
[2018.04.25-08.04.02:333][429]LogPlayLevel: PIE: World Init took: (0.000725s)
[2018.04.25-08.04.02:333][429]LogPlayLevel: PIE: Created PIE world by copying editor world from /Game/Maps/GameLevel.GameLevel to /Game/Maps/UEDPIE_0_GameLevel.GameLevel (0.054973s)
[2018.04.25-08.04.02:353][429]LogInit: XAudio2 using 'Digital Audio (S/PDIF) (High Definition Audio Device)' : 2 channels at 44.1 kHz using 16 bits per sample (channel mask 0x3)
[2018.04.25-08.04.02:360][429]LogInit: FAudioDevice initialized.
[2018.04.25-08.04.02:391][429]LogLoad: Game class is 'GM_C'
[2018.04.25-08.04.02:396][429]LogWorld: Bringing World /Game/Maps/UEDPIE_0_GameLevel.GameLevel up for play (max tick rate 0) at 2018.04.25-09.04.02
[2018.04.25-08.04.02:397][429]LogWorld: Bringing up level for play took: 0.004707
[2018.04.25-08.04.02:397][429]LogGameMode: Display: Match State Changed from EnteringMap to WaitingToStart
[2018.04.25-08.04.02:397][429]LogGameState: Match State Changed from EnteringMap to WaitingToStart
[2018.04.25-08.04.02:397][429]LogGameMode: Display: Match State Changed from WaitingToStart to InProgress
[2018.04.25-08.04.02:398][429]LogGameState: Match State Changed from WaitingToStart to InProgress
[2018.04.25-08.04.02:398][429]PIE: Play in editor start time for /Game/Maps/UEDPIE_0_GameLevel 0.624
[2018.04.25-08.04.08:636][162]LogTemp: Repeating last play command: Selected Viewport
[2018.04.25-08.04.08:649][162]LogPlayLevel: PlayLevel: No blueprints needed recompiling
[2018.04.25-08.04.08:649][162]PIE: New page: PIE session: GameLevel (25 Apr 2018 10:04:08)
[2018.04.25-08.04.08:650][162]LogPlayLevel: Creating play world package: /Game/Maps/UEDPIE_0_GameLevel
[2018.04.25-08.04.08:702][162]LogPlayLevel: PIE: StaticDuplicateObject took: (0.052270s)
[2018.04.25-08.04.08:702][162]LogAIModule: Creating AISystem for world GameLevel
[2018.04.25-08.04.08:702][162]LogPlayLevel: PIE: World Init took: (0.000595s)
[2018.04.25-08.04.08:703][162]LogPlayLevel: PIE: Created PIE world by copying editor world from /Game/Maps/GameLevel.GameLevel to /Game/Maps/UEDPIE_0_GameLevel.GameLevel (0.053099s)
[2018.04.25-08.04.08:717][162]LogInit: XAudio2 using 'Digital Audio (S/PDIF) (High Definition Audio Device)' : 2 channels at 44.1 kHz using 16 bits per sample (channel mask 0x3)
[2018.04.25-08.04.08:724][162]LogInit: FAudioDevice initialized.
[2018.04.25-08.04.08:756][162]LogLoad: Game class is 'GM_C'
[2018.04.25-08.04.08:760][162]LogWorld: Bringing World /Game/Maps/UEDPIE_0_GameLevel.GameLevel up for play (max tick rate 0) at 2018.04.25-09.04.08
[2018.04.25-08.04.08:761][162]LogWorld: Bringing up level for play took: 0.004480
[2018.04.25-08.04.08:761][162]LogGameMode: Display: Match State Changed from EnteringMap to WaitingToStart
[2018.04.25-08.04.08:761][162]LogGameState: Match State Changed from EnteringMap to WaitingToStart
[2018.04.25-08.04.08:761][162]LogGameMode: Display: Match State Changed from WaitingToStart to InProgress
[2018.04.25-08.04.08:762][162]LogGameState: Match State Changed from WaitingToStart to InProgress
[2018.04.25-08.04.08:762][162]PIE: Play in editor start time for /Game/Maps/UEDPIE_0_GameLevel 0.994
[2018.04.25-08.05.21:174][371]LogNavigationPoint: PostEditMove Clear paths rebuilt
[2018.04.25-08.05.23:420][605]LogEditorViewport: Clicking on Actor (LMB): Landscape (Landscape1)
[2018.04.25-08.05.43:873][688]LogEditorViewport: Clicking on Actor (LMB): BP_Sky_Sphere_C (BP_Sky_Sphere)
[2018.04.25-08.05.46:417][983]LogEditorViewport: Clicking on Actor (LMB): Landscape (Landscape1)
[2018.04.25-08.05.56:201][109]LogTemp: Repeating last play command: Selected Viewport
[2018.04.25-08.05.56:214][109]LogPlayLevel: PlayLevel: No blueprints needed recompiling
[2018.04.25-08.05.56:215][109]PIE: New page: PIE session: GameLevel (25 Apr 2018 10:05:56)
[2018.04.25-08.05.56:215][109]LogPlayLevel: Creating play world package: /Game/Maps/UEDPIE_0_GameLevel
[2018.04.25-08.05.56:289][109]LogPlayLevel: PIE: StaticDuplicateObject took: (0.074841s)
[2018.04.25-08.05.56:290][109]LogAIModule: Creating AISystem for world GameLevel
[2018.04.25-08.05.56:290][109]LogPlayLevel: PIE: World Init took: (0.000938s)
[2018.04.25-08.05.56:291][109]LogPlayLevel: PIE: Created PIE world by copying editor world from /Game/Maps/GameLevel.GameLevel to /Game/Maps/UEDPIE_0_GameLevel.GameLevel (0.076184s)
[2018.04.25-08.05.56:304][109]LogInit: XAudio2 using 'Digital Audio (S/PDIF) (High Definition Audio Device)' : 2 channels at 44.1 kHz using 16 bits per sample (channel mask 0x3)
[2018.04.25-08.05.56:312][109]LogInit: FAudioDevice initialized.
[2018.04.25-08.05.56:344][109]LogLoad: Game class is 'GM_C'
[2018.04.25-08.05.56:350][109]LogWorld: Bringing World /Game/Maps/UEDPIE_0_GameLevel.GameLevel up for play (max tick rate 0) at 2018.04.25-09.05.56
[2018.04.25-08.05.56:351][109]LogWorld: Bringing up level for play took: 0.005305
[2018.04.25-08.05.56:351][109]LogGameMode: Display: Match State Changed from EnteringMap to WaitingToStart
[2018.04.25-08.05.56:351][109]LogGameState: Match State Changed from EnteringMap to WaitingToStart
[2018.04.25-08.05.56:351][109]LogGameMode: Display: Match State Changed from WaitingToStart to InProgress
[2018.04.25-08.05.56:352][109]LogGameState: Match State Changed from WaitingToStart to InProgress
[2018.04.25-08.05.56:352][109]PIE: Play in editor start time for /Game/Maps/UEDPIE_0_GameLevel 0.665
[2018.04.25-08.06.21:142][816]Cmd: TRANSACTION UNDO
[2018.04.25-08.06.21:142][816]LogEditorTransaction: Undo Move Actors
[2018.04.25-08.07.33:579][645]Cmd: DELETE
[2018.04.25-08.07.33:579][645]Cmd: ACTOR DELETE
[2018.04.25-08.07.33:596][645]LogEditorActor: Deleted Actor: Brush
[2018.04.25-08.07.36:607][645]LogEditorActor: Deleted 1 Actors (3.028 secs)
[2018.04.25-08.07.47:658][934]Cmd: CAMERA ALIGN ACTIVEVIEWPORTONLY
[2018.04.25-08.07.49:622][167]Cmd: CAMERA ALIGN ACTIVEVIEWPORTONLY
[2018.04.25-08.07.50:436][263]Cmd: CAMERA ALIGN ACTIVEVIEWPORTONLY
[2018.04.25-08.07.55:237][696]Cmd: DELETE
[2018.04.25-08.07.55:237][696]Cmd: ACTOR DELETE
[2018.04.25-08.07.55:254][696]LogEditorActor: Deleted Actor: Brush
[2018.04.25-08.07.55:255][696]LogEditorActor: Deleted Actor: Landscape
[2018.04.25-08.07.56:873][696]LogEditorActor: Deleted 2 Actors (1.636 secs)
[2018.04.25-08.07.58:418][879]Cmd: CAMERA ALIGN ACTIVEVIEWPORTONLY
[2018.04.25-08.08.00:243][ 97]Cmd: CAMERA ALIGN ACTIVEVIEWPORTONLY
[2018.04.25-08.08.01:414][235]Cmd: CAMERA ALIGN ACTIVEVIEWPORTONLY
[2018.04.25-08.08.02:901][411]LogEditorActor: Deleted Actor: Brush
[2018.04.25-08.08.04:101][411]LogEditorActor: Deleted 1 Actors (1.215 secs)
[2018.04.25-08.08.04:805][493]Cmd: CAMERA ALIGN ACTIVEVIEWPORTONLY
[2018.04.25-08.08.06:128][650]LogEditorActor: Deleted Actor: Brush
[2018.04.25-08.08.12:770][650]LogEditorActor: Deleted 1 Actors (6.656 secs)
[2018.04.25-08.08.13:559][742]Cmd: CAMERA ALIGN ACTIVEVIEWPORTONLY
[2018.04.25-08.08.21:141][641]Cmd: TRANSACTION UNDO
[2018.04.25-08.08.21:141][641]LogEditorTransaction: Undo Clicking on Actors
[2018.04.25-08.08.21:672][677]Cmd: TRANSACTION UNDO
[2018.04.25-08.08.21:672][677]LogEditorTransaction: Undo Clicking on Actors
[2018.04.25-08.08.22:322][753]Cmd: TRANSACTION UNDO
[2018.04.25-08.08.22:322][753]LogEditorTransaction: Undo Clicking on Actors
[2018.04.25-08.08.23:367][875]LogEditorViewport: Clicking on Actor (LMB): BP_Sky_Sphere_C (BP_Sky_Sphere)
[2018.04.25-08.08.24:933][ 59]Cmd: TRANSACTION UNDO
[2018.04.25-08.08.24:933][ 59]LogEditorTransaction: Undo Clicking on Actors
[2018.04.25-08.08.25:318][102]Cmd: TRANSACTION UNDO
[2018.04.25-08.08.25:318][102]LogEditorTransaction: Undo Clicking on Actors
[2018.04.25-08.08.25:728][148]Cmd: TRANSACTION UNDO
[2018.04.25-08.08.25:728][148]LogEditorTransaction: Undo Clicking on Actors
[2018.04.25-08.08.26:082][189]Cmd: TRANSACTION UNDO
[2018.04.25-08.08.26:082][189]LogEditorTransaction: Undo Clicking on Actors
[2018.04.25-08.08.26:287][210]Cmd: TRANSACTION UNDO
[2018.04.25-08.08.26:287][210]LogEditorTransaction: Undo Clicking on Actors
[2018.04.25-08.08.26:500][233]Cmd: TRANSACTION UNDO
[2018.04.25-08.08.26:500][233]LogEditorTransaction: Undo Clicking on Actors
[2018.04.25-08.08.26:754][260]Cmd: TRANSACTION UNDO
[2018.04.25-08.08.26:754][260]LogEditorTransaction: Undo Clicking on Actors
[2018.04.25-08.08.27:008][288]Cmd: TRANSACTION UNDO
[2018.04.25-08.08.27:008][288]LogEditorTransaction: Undo Clicking on Actors
[2018.04.25-08.08.27:396][334]Cmd: TRANSACTION UNDO
[2018.04.25-08.08.27:396][334]LogEditorTransaction: Undo Clicking on Actors
[2018.04.25-08.08.27:663][365]Cmd: TRANSACTION UNDO
[2018.04.25-08.08.27:663][365]LogEditorTransaction: Undo Select Brush Surface
[2018.04.25-08.08.28:615][365]LogPhysics: Warning: UBodySetup::GetCookInfo: Triangle data from '/Game/Maps/GameLevel.GameLevel:PersistentLevel.ModelComponent_612' invalid (17722 verts, 0 indices).
[2018.04.25-08.08.28:615][365]LogPhysics: Warning: Attempt to build physics data for /Game/Maps/GameLevel.GameLevel:PersistentLevel.ModelComponent_612.BodySetup_612 when we are unable to.
[2018.04.25-08.08.28:669][366]Cmd: TRANSACTION UNDO
[2018.04.25-08.08.28:669][366]LogEditorTransaction: Undo Move Actors
[2018.04.25-08.08.29:638][366]Cmd: TRANSACTION UNDO
[2018.04.25-08.08.29:638][366]LogEditorTransaction: Undo Clicking on Actors
[2018.04.25-08.08.29:647][366]LogEditorViewport: Clicking on Actor (context menu): Brush (Cylinder Brush19)
[2018.04.25-08.08.31:052][525]LogEditorViewport: Clicking on Actor (context menu): BP_Sky_Sphere_C (BP_Sky_Sphere)
[2018.04.25-08.08.32:136][648]LogEditorViewport: Clicking on Actor (LMB): BP_Sky_Sphere_C (BP_Sky_Sphere)
[2018.04.25-08.08.41:491][542]Cmd: QUIT_EDITOR
[2018.04.25-08.08.41:659][542]LogWindowsTextInputMethodSystem: Display: IME system now deactivated.
[2018.04.25-08.08.41:669][542]LogExit: Preparing to exit.
[2018.04.25-08.08.42:571][542]LogActorComponent: UnregisterComponent: (None.None) Not registered. Aborting.
[2018.04.25-08.08.42:571][542]LogActorComponent: UnregisterComponent: (None.None) Not registered. Aborting.
[2018.04.25-08.08.42:571][542]LogActorComponent: UnregisterComponent: (None.None) Not registered. Aborting.
[2018.04.25-08.08.42:576][542]LogDirectoryWatcher: A directory notification for 'C:/Users/james-martin/Documents/GitHub/FMP/FMP/Content/' was aborted.
[2018.04.25-08.08.42:596][542]LogExit: Editor shut down
[2018.04.25-08.08.42:604][542]LogExit: Transaction tracking system shut down
[2018.04.25-08.08.42:760][542]LogDirectoryWatcher: A directory notification for '../../../Engine/Content/' was aborted.
[2018.04.25-08.08.42:760][542]LogDirectoryWatcher: A directory notification for '../../../../../../james-martin/Documents/GitHub/FMP/FMP/Content/' was aborted.
[2018.04.25-08.08.42:760][542]LogDirectoryWatcher: A directory notification for '../../../Engine/Plugins/2D/Paper2D/Content/' was aborted.
[2018.04.25-08.08.42:760][542]LogDirectoryWatcher: A directory notification for '../../../Engine/Plugins/Media/MediaCompositing/Content/' was aborted.
[2018.04.25-08.08.42:760][542]LogDirectoryWatcher: A directory notification for '../../../Engine/Plugins/Runtime/AppleARKit/Content/' was aborted.
[2018.04.25-08.08.42:760][542]LogDirectoryWatcher: A directory notification for '../../../Engine/Plugins/Runtime/Oculus/OculusVR/Content/' was aborted.
[2018.04.25-08.08.42:760][542]LogDirectoryWatcher: A directory notification for '../../../Engine/Plugins/Runtime/Steam/SteamVR/Content/' was aborted.
[2018.04.25-08.08.42:803][542]LogExit: Object subsystem successfully closed.
[2018.04.25-08.08.42:819][542]LogD3D11RHI: Shutdown
[2018.04.25-08.08.42:819][542]LogD3D11RHI: CleanupD3DDevice
[2018.04.25-08.08.42:822][542]LogD3D11RHI: ~FD3D11DynamicRHI
[2018.04.25-08.08.42:840][542]LogModuleManager: Shutting down and abandoning module MovieSceneCapture (552)
[2018.04.25-08.08.42:840][542]LogModuleManager: Shutting down and abandoning module ExternalImagePicker (550)
[2018.04.25-08.08.42:840][542]LogModuleManager: Shutting down and abandoning module StatsViewer (548)
[2018.04.25-08.08.42:840][542]LogModuleManager: Shutting down and abandoning module HierarchicalLODOutliner (546)
[2018.04.25-08.08.42:840][542]LogModuleManager: Shutting down and abandoning module SceneOutliner (544)
[2018.04.25-08.08.42:840][542]LogModuleManager: Shutting down and abandoning module AddContentDialog (542)
[2018.04.25-08.08.42:840][542]LogDirectoryWatcher: A directory notification for 'C:/Users/jacob-thorne/Documents/UE_4.18/FeaturePacks/' was aborted.
[2018.04.25-08.08.42:841][542]LogModuleManager: Shutting down and abandoning module WidgetCarousel (541)
[2018.04.25-08.08.42:841][542]LogModuleManager: Shutting down and abandoning module EditorWidgets (538)
[2018.04.25-08.08.42:841][542]LogModuleManager: Shutting down and abandoning module CollectionManager (536)
[2018.04.25-08.08.42:841][542]LogDirectoryWatcher: A directory notification for 'C:/Users/james-martin/Documents/GitHub/FMP/FMP/Content/Collections/' was aborted.
[2018.04.25-08.08.42:841][542]LogDirectoryWatcher: A directory notification for 'C:/Users/james-martin/Documents/GitHub/FMP/FMP/Content/Developers/jamesmartin/Collections/' was aborted.
[2018.04.25-08.08.42:841][542]LogDirectoryWatcher: A directory notification for 'C:/Users/james-martin/Documents/GitHub/FMP/FMP/Saved/Collections/' was aborted.
[2018.04.25-08.08.42:841][542]LogModuleManager: Shutting down and abandoning module FoliageEdit (534)
[2018.04.25-08.08.42:841][542]LogModuleManager: Shutting down and abandoning module LandscapeEditor (532)
[2018.04.25-08.08.42:842][542]LogModuleManager: Shutting down and abandoning module MeshPaintMode (530)
[2018.04.25-08.08.42:842][542]LogModuleManager: Shutting down and abandoning module SceneDepthPickerMode (528)
[2018.04.25-08.08.42:842][542]LogModuleManager: Shutting down and abandoning module ActorPickerMode (526)
[2018.04.25-08.08.42:842][542]LogModuleManager: Shutting down and abandoning module GeometryMode (524)
[2018.04.25-08.08.42:842][542]LogModuleManager: Shutting down and abandoning module TextureAlignMode (522)
[2018.04.25-08.08.42:842][542]LogModuleManager: Shutting down and abandoning module BspMode (520)
[2018.04.25-08.08.42:842][542]LogModuleManager: Shutting down and abandoning module PIEPreviewDeviceProfileSelector (518)
[2018.04.25-08.08.42:842][542]LogModuleManager: Shutting down and abandoning module HardwareSurvey (516)
[2018.04.25-08.08.42:842][542]LogModuleManager: Shutting down and abandoning module SequenceRecorderSections (514)
[2018.04.25-08.08.42:842][542]LogModuleManager: Shutting down and abandoning module AutomationWorker (512)
[2018.04.25-08.08.42:842][542]LogModuleManager: Shutting down and abandoning module MatineeToLevelSequence (510)
[2018.04.25-08.08.42:842][542]LogModuleManager: Shutting down and abandoning module LevelSequenceEditor (508)
[2018.04.25-08.08.42:842][542]LogModuleManager: Shutting down and abandoning module PlacementMode (507)
[2018.04.25-08.08.42:842][542]LogModuleManager: Shutting down and abandoning module WmfMediaFactory (504)
[2018.04.25-08.08.42:842][542]LogModuleManager: Shutting down and abandoning module WmfMediaEditor (502)
[2018.04.25-08.08.42:842][542]LogModuleManager: Shutting down and abandoning module OpenExrWrapper (500)
[2018.04.25-08.08.42:842][542]LogModuleManager: Shutting down and abandoning module ImgMediaFactory (498)
[2018.04.25-08.08.42:842][542]LogModuleManager: Shutting down and abandoning module ImgMediaEditor (496)
[2018.04.25-08.08.42:842][542]LogModuleManager: Shutting down and abandoning module AvfMediaFactory (494)
[2018.04.25-08.08.42:842][542]LogModuleManager: Shutting down and abandoning module AvfMediaEditor (492)
[2018.04.25-08.08.42:842][542]LogModuleManager: Shutting down and abandoning module AndroidMediaFactory (490)
[2018.04.25-08.08.42:842][542]LogModuleManager: Shutting down and abandoning module AndroidMediaEditor (488)
[2018.04.25-08.08.42:842][542]LogModuleManager: Shutting down and abandoning module CharacterAI (486)
[2018.04.25-08.08.42:842][542]LogModuleManager: Shutting down and abandoning module AudioCapture (484)
[2018.04.25-08.08.42:842][542]LogModuleManager: Shutting down and abandoning module SequenceRecorder (483)
[2018.04.25-08.08.42:842][542]LogModuleManager: Shutting down and abandoning module SmartSnapping (480)
[2018.04.25-08.08.42:842][542]LogModuleManager: Shutting down and abandoning module SessionServices (478)
[2018.04.25-08.08.42:842][542]LogModuleManager: Shutting down and abandoning module ViewportSnapping (476)
[2018.04.25-08.08.42:842][542]LogModuleManager: Shutting down and abandoning module ViewportInteraction (474)
[2018.04.25-08.08.42:842][542]LogModuleManager: Shutting down and abandoning module ClothPainter (472)
[2018.04.25-08.08.42:842][542]LogModuleManager: Shutting down and abandoning module SkeletalMeshEditor (471)
[2018.04.25-08.08.42:842][542]LogModuleManager: Shutting down and abandoning module LogVisualizer (468)
[2018.04.25-08.08.42:842][542]LogModuleManager: Shutting down and abandoning module IntroTutorials (466)
[2018.04.25-08.08.42:842][542]LogModuleManager: Shutting down and abandoning module GameProjectGeneration (465)
[2018.04.25-08.08.42:842][542]LogModuleManager: Shutting down and abandoning module IOSPlatformEditor (462)
[2018.04.25-08.08.42:842][542]LogModuleManager: Shutting down and abandoning module HTML5PlatformEditor (460)
[2018.04.25-08.08.42:842][542]LogModuleManager: Shutting down and abandoning module AndroidPlatformEditor (458)
[2018.04.25-08.08.42:842][542]LogModuleManager: Shutting down and abandoning module AndroidDeviceDetection (457)
[2018.04.25-08.08.43:311][542]LogModuleManager: Shutting down and abandoning module WindowsPlatformEditor (454)
[2018.04.25-08.08.43:311][542]LogModuleManager: Shutting down and abandoning module IOSRuntimeSettings (452)
[2018.04.25-08.08.43:311][542]LogModuleManager: Shutting down and abandoning module AndroidRuntimeSettings (450)
[2018.04.25-08.08.43:311][542]LogModuleManager: Shutting down and abandoning module InputBindingEditor (448)
[2018.04.25-08.08.43:311][542]LogModuleManager: Shutting down and abandoning module MergeActors (446)
[2018.04.25-08.08.43:311][542]LogModuleManager: Shutting down and abandoning module SizeMap (444)
[2018.04.25-08.08.43:311][542]LogModuleManager: Shutting down and abandoning module TreeMap (442)
[2018.04.25-08.08.43:311][542]LogModuleManager: Shutting down and abandoning module ReferenceViewer (440)
[2018.04.25-08.08.43:311][542]LogModuleManager: Shutting down and abandoning module LocalizationDashboard (438)
[2018.04.25-08.08.43:311][542]LogModuleManager: Shutting down and abandoning module LocalizationService (437)
[2018.04.25-08.08.43:311][542]LogModuleManager: Shutting down and abandoning module HardwareTargeting (434)
[2018.04.25-08.08.43:311][542]LogModuleManager: Shutting down and abandoning module DeviceProfileEditor (432)
[2018.04.25-08.08.43:311][542]LogModuleManager: Shutting down and abandoning module UndoHistory (430)
[2018.04.25-08.08.43:311][542]LogModuleManager: Shutting down and abandoning module XmlParser (428)
[2018.04.25-08.08.43:311][542]LogModuleManager: Shutting down and abandoning module Blutility (426)
[2018.04.25-08.08.43:311][542]LogModuleManager: Shutting down and abandoning module ProjectSettingsViewer (424)
[2018.04.25-08.08.43:311][542]LogModuleManager: Shutting down and abandoning module ProjectTargetPlatformEditor (423)
[2018.04.25-08.08.43:312][542]LogModuleManager: Shutting down and abandoning module EditorSettingsViewer (420)
[2018.04.25-08.08.43:312][542]LogModuleManager: Shutting down and abandoning module SettingsEditor (418)
[2018.04.25-08.08.43:312][542]LogModuleManager: Shutting down and abandoning module ProjectLauncher (416)
[2018.04.25-08.08.43:312][542]LogModuleManager: Shutting down and abandoning module SessionFrontend (414)
[2018.04.25-08.08.43:312][542]LogModuleManager: Shutting down and abandoning module ProfilerClient (412)
[2018.04.25-08.08.43:312][542]LogModuleManager: Shutting down and abandoning module DeviceManager (410)
[2018.04.25-08.08.43:312][542]LogModuleManager: Shutting down and abandoning module TargetDeviceServices (409)
[2018.04.25-08.08.43:366][542]LogModuleManager: Shutting down and abandoning module AutomationController (406)
[2018.04.25-08.08.43:366][542]LogModuleManager: Shutting down and abandoning module AutomationWindow (404)
[2018.04.25-08.08.43:366][542]LogModuleManager: Shutting down and abandoning module Layers (402)
[2018.04.25-08.08.43:366][542]LogModuleManager: Shutting down and abandoning module ComponentVisualizers (400)
[2018.04.25-08.08.43:366][542]LogModuleManager: Shutting down and abandoning module DetailCustomizations (398)
[2018.04.25-08.08.43:366][542]LogModuleManager: Shutting down and abandoning module PackagesDialog (396)
[2018.04.25-08.08.43:366][542]LogModuleManager: Shutting down and abandoning module Persona (394)
[2018.04.25-08.08.43:366][542]LogModuleManager: Shutting down and abandoning module AdvancedPreviewScene (393)
[2018.04.25-08.08.43:366][542]LogModuleManager: Shutting down and abandoning module AnimGraph (391)
[2018.04.25-08.08.43:366][542]LogModuleManager: Shutting down and abandoning module Kismet (388)
[2018.04.25-08.08.43:367][542]LogModuleManager: Shutting down and abandoning module ClassViewer (386)
[2018.04.25-08.08.43:367][542]LogModuleManager: Shutting down and abandoning module Toolbox (384)
[2018.04.25-08.08.43:367][542]LogModuleManager: Shutting down and abandoning module ModuleUI (382)
[2018.04.25-08.08.43:367][542]LogModuleManager: Shutting down and abandoning module MovieSceneTools (380)
[2018.04.25-08.08.43:367][542]LogModuleManager: Shutting down and abandoning module OutputLog (378)
[2018.04.25-08.08.43:367][542]LogModuleManager: Shutting down and abandoning module GammaUI (376)
[2018.04.25-08.08.43:367][542]LogModuleManager: Shutting down and abandoning module Documentation (374)
[2018.04.25-08.08.43:367][542]LogModuleManager: Shutting down and abandoning module MovieSceneTracks (372)
[2018.04.25-08.08.43:367][542]LogModuleManager: Shutting down and abandoning module MovieScene (370)
[2018.04.25-08.08.43:367][542]LogModuleManager: Shutting down and abandoning module StreamingPauseRendering (368)
[2018.04.25-08.08.43:367][542]LogModuleManager: Shutting down and abandoning module LauncherPlatform (366)
[2018.04.25-08.08.43:367][542]LogModuleManager: Shutting down and abandoning module AnalyticsET (364)
[2018.04.25-08.08.43:367][542]LogModuleManager: Shutting down and abandoning module PortalServices (362)
[2018.04.25-08.08.43:367][542]LogModuleManager: Shutting down and abandoning module PortalRpc (360)
[2018.04.25-08.08.43:367][542]LogModuleManager: Shutting down and abandoning module MessagingRpc (358)
[2018.04.25-08.08.43:367][542]LogModuleManager: Shutting down and abandoning module AIModule (356)
[2018.04.25-08.08.43:367][542]LogModuleManager: Shutting down and abandoning module GameplayDebugger (355)
[2018.04.25-08.08.43:367][542]LogModuleManager: Shutting down and abandoning module AITestSuite (353)
[2018.04.25-08.08.43:367][542]LogModuleManager: Shutting down and abandoning module DesktopPlatform (350)
[2018.04.25-08.08.43:367][542]LogModuleManager: Shutting down and abandoning module ProfilerService (348)
[2018.04.25-08.08.43:465][542]LogModuleManager: Shutting down and abandoning module TaskGraph (346)
[2018.04.25-08.08.43:465][542]LogModuleManager: Shutting down and abandoning module SteamVRController (344)
[2018.04.25-08.08.43:465][542]LogModuleManager: Shutting down and abandoning module ProceduralMeshComponentEditor (342)
[2018.04.25-08.08.43:465][542]LogModuleManager: Shutting down and abandoning module ProceduralMeshComponent (340)
[2018.04.25-08.08.43:465][542]LogModuleManager: Shutting down and abandoning module OculusInput (338)
[2018.04.25-08.08.43:465][542]LogModuleManager: Shutting down and abandoning module MobilePatchingUtils (336)
[2018.04.25-08.08.43:465][542]LogModuleManager: Shutting down and abandoning module CustomMeshComponent (334)
[2018.04.25-08.08.43:465][542]LogModuleManager: Shutting down and abandoning module CableComponent (332)
[2018.04.25-08.08.43:465][542]LogModuleManager: Shutting down and abandoning module ArchVisCharacter (330)
[2018.04.25-08.08.43:465][542]LogModuleManager: Shutting down and abandoning module AndroidPermission (328)
[2018.04.25-08.08.43:465][542]LogModuleManager: Shutting down and abandoning module ActorSequence (324)
[2018.04.25-08.08.43:465][542]LogModuleManager: Shutting down and abandoning module MediaPlayerEditor (322)
[2018.04.25-08.08.43:465][542]LogModuleManager: Shutting down and abandoning module MediaCompositingEditor (320)
[2018.04.25-08.08.43:465][542]LogModuleManager: Shutting down and abandoning module MediaCompositing (318)
[2018.04.25-08.08.43:465][542]LogModuleManager: Shutting down and abandoning module HTML5Networking (316)
[2018.04.25-08.08.43:465][542]LogModuleManager: Shutting down and abandoning module AlembicImporter (314)
[2018.04.25-08.08.43:465][542]LogModuleManager: Shutting down and abandoning module AlembicLibrary (313)
[2018.04.25-08.08.43:465][542]LogModuleManager: Shutting down and abandoning module GeometryCache (312)
[2018.04.25-08.08.43:465][542]LogModuleManager: Shutting down and abandoning module GeometryCacheEd (311)
[2018.04.25-08.08.43:465][542]LogModuleManager: Shutting down and abandoning module SpeedTreeImporter (306)
[2018.04.25-08.08.43:465][542]LogModuleManager: Shutting down and abandoning module PluginBrowser (304)
[2018.04.25-08.08.43:466][542]LogModuleManager: Shutting down and abandoning module MobileLauncherProfileWizard (302)
[2018.04.25-08.08.43:466][542]LogModuleManager: Shutting down and abandoning module VisualStudioSourceCodeAccess (300)
[2018.04.25-08.08.43:466][542]LogModuleManager: Shutting down and abandoning module VisualStudioCodeSourceCodeAccess (298)
[2018.04.25-08.08.43:466][542]LogModuleManager: Shutting down and abandoning module UObjectPlugin (296)
[2018.04.25-08.08.43:466][542]LogModuleManager: Shutting down and abandoning module SubversionSourceControl (294)
[2018.04.25-08.08.43:466][542]LogModuleManager: Shutting down and abandoning module PerforceSourceControl (292)
[2018.04.25-08.08.43:466][542]LogModuleManager: Shutting down and abandoning module GitSourceControl (290)
[2018.04.25-08.08.43:466][542]LogModuleManager: Shutting down and abandoning module SourceControl (289)
[2018.04.25-08.08.43:466][542]LogModuleManager: Shutting down and abandoning module LightPropagationVolumeEditor (286)
[2018.04.25-08.08.43:466][542]LogModuleManager: Shutting down and abandoning module PaperTiledImporter (284)
[2018.04.25-08.08.43:466][542]LogModuleManager: Shutting down and abandoning module PaperSpriteSheetImporter (282)
[2018.04.25-08.08.43:466][542]LogModuleManager: Shutting down and abandoning module Paper2DEditor (280)
[2018.04.25-08.08.43:466][542]LogModuleManager: Shutting down and abandoning module MeshPaint (279)
[2018.04.25-08.08.43:466][542]LogModuleManager: Shutting down and abandoning module LevelEditor (277)
[2018.04.25-08.08.43:467][542]LogModuleManager: Shutting down and abandoning module PixelInspectorModule (276)
[2018.04.25-08.08.43:467][542]LogModuleManager: Shutting down and abandoning module MainFrame (274)
[2018.04.25-08.08.43:467][542]LogModuleManager: Shutting down and abandoning module HotReload (273)
[2018.04.25-08.08.43:467][542]LogModuleManager: Shutting down and abandoning module RuntimePhysXCooking (268)
[2018.04.25-08.08.43:467][542]LogModuleManager: Shutting down and abandoning module PhysXVehiclesEditor (266)
[2018.04.25-08.08.43:467][542]LogModuleManager: Shutting down and abandoning module PhysXVehicles (264)
[2018.04.25-08.08.43:467][542]LogModuleManager: Shutting down and abandoning module OculusEditor (262)
[2018.04.25-08.08.43:467][542]LogModuleManager: Shutting down and abandoning module LocationServicesBPLibrary (260)
[2018.04.25-08.08.43:467][542]LogModuleManager: Shutting down and abandoning module ImmediatePhysicsEditor (258)
[2018.04.25-08.08.43:467][542]LogModuleManager: Shutting down and abandoning module ImmediatePhysics (256)
[2018.04.25-08.08.43:467][542]LogModuleManager: Shutting down and abandoning module UdpMessaging (254)
[2018.04.25-08.08.43:568][542]LogModuleManager: Shutting down and abandoning module TcpMessaging (252)
[2018.04.25-08.08.43:668][542]LogModuleManager: Shutting down and abandoning module GameplayTagsEditor (250)
[2018.04.25-08.08.43:668][542]LogModuleManager: Shutting down and abandoning module FacialAnimationEditor (248)
[2018.04.25-08.08.43:668][542]LogModuleManager: Shutting down and abandoning module FacialAnimation (246)
[2018.04.25-08.08.43:668][542]LogModuleManager: Shutting down and abandoning module AssetManagerEditor (244)
[2018.04.25-08.08.43:668][542]LogModuleManager: Shutting down and abandoning module GraphEditor (243)
[2018.04.25-08.08.43:668][542]LogModuleManager: Shutting down and abandoning module ContentBrowser (241)
[2018.04.25-08.08.43:669][542]LogModuleManager: Shutting down and abandoning module LightPropagationVolumeRuntime (238)
[2018.04.25-08.08.43:669][542]LogModuleManager: Shutting down and abandoning module Paper2D (236)
[2018.04.25-08.08.43:669][542]LogModuleManager: Shutting down and abandoning module WindowsMoviePlayer (234)
[2018.04.25-08.08.43:669][542]LogModuleManager: Shutting down and abandoning module WmfMedia (232)
[2018.04.25-08.08.43:669][542]LogModuleManager: Shutting down and abandoning module ImgMedia (230)
[2018.04.25-08.08.43:669][542]LogModuleManager: Shutting down and abandoning module PacketHandler (228)
[2018.04.25-08.08.43:669][542]LogModuleManager: Shutting down and abandoning module ClothingSystemEditor (226)
[2018.04.25-08.08.43:669][542]LogModuleManager: Shutting down and abandoning module ClothingSystemRuntime (224)
[2018.04.25-08.08.43:669][542]LogModuleManager: Shutting down and abandoning module MediaAssets (222)
[2018.04.25-08.08.43:669][542]LogModuleManager: Shutting down and abandoning module Media (221)
[2018.04.25-08.08.43:675][542]LogModuleManager: Shutting down and abandoning module Overlay (218)
[2018.04.25-08.08.43:675][542]LogModuleManager: Shutting down and abandoning module OverlayEditor (217)
[2018.04.25-08.08.43:675][542]LogModuleManager: Shutting down and abandoning module VREditor (214)
[2018.04.25-08.08.43:675][542]LogModuleManager: Shutting down and abandoning module StringTableEditor (212)
[2018.04.25-08.08.43:675][542]LogModuleManager: Shutting down and abandoning module GameplayTasksEditor (210)
[2018.04.25-08.08.43:675][542]LogModuleManager: Shutting down and abandoning module BehaviorTreeEditor (208)
[2018.04.25-08.08.43:675][542]LogModuleManager: Shutting down and abandoning module FunctionalTesting (206)
[2018.04.25-08.08.43:675][542]LogModuleManager: Shutting down and abandoning module CollisionAnalyzer (204)
[2018.04.25-08.08.43:675][542]LogModuleManager: Shutting down and abandoning module WorkspaceMenuStructure (203)
[2018.04.25-08.08.43:675][542]LogModuleManager: Shutting down and abandoning module UMG (200)
[2018.04.25-08.08.43:675][542]LogModuleManager: Shutting down and abandoning module UMGEditor (199)
[2018.04.25-08.08.43:676][542]LogModuleManager: Shutting down and abandoning module Sequencer (198)
[2018.04.25-08.08.43:676][542]LogModuleManager: Shutting down and abandoning module MessageLog (195)
[2018.04.25-08.08.43:676][542]LogModuleManager: Shutting down and abandoning module SlateReflector (190)
[2018.04.25-08.08.43:676][542]LogModuleManager: Shutting down and abandoning module Slate (188)
[2018.04.25-08.08.43:676][542]LogModuleManager: Shutting down and abandoning module EditorStyle (186)
[2018.04.25-08.08.43:678][542]LogModuleManager: Shutting down and abandoning module MRMesh (184)
[2018.04.25-08.08.43:678][542]LogModuleManager: Shutting down and abandoning module SourceCodeAccess (182)
[2018.04.25-08.08.43:678][542]LogModuleManager: Shutting down and abandoning module HeadMountedDisplay (180)
[2018.04.25-08.08.43:678][542]LogModuleManager: Shutting down and abandoning module XAudio2 (178)
[2018.04.25-08.08.43:678][542]LogModuleManager: Shutting down and abandoning module Networking (176)
[2018.04.25-08.08.43:678][542]LogModuleManager: Shutting down and abandoning module Core (172)
[2018.04.25-08.08.43:678][542]LogModuleManager: Shutting down and abandoning module LevelSequence (168)
[2018.04.25-08.08.43:678][542]LogModuleManager: Shutting down and abandoning module DirectoryWatcher (166)
[2018.04.25-08.08.43:679][542]LogModuleManager: Shutting down and abandoning module KismetCompiler (164)
[2018.04.25-08.08.43:679][542]LogModuleManager: Shutting down and abandoning module MeshUtilities (162)
[2018.04.25-08.08.43:679][542]LogModuleManager: Shutting down and abandoning module MeshMergeUtilities (161)
[2018.04.25-08.08.43:680][542]LogModuleManager: Shutting down and abandoning module MeshReductionInterface (160)
[2018.04.25-08.08.43:680][542]LogModuleManager: Shutting down and abandoning module SimplygonSwarm (159)
[2018.04.25-08.08.43:680][542]LogModuleManager: Shutting down and abandoning module SimplygonMeshReduction (157)
[2018.04.25-08.08.43:680][542]LogModuleManager: Shutting down and abandoning module QuadricMeshReduction (155)
[2018.04.25-08.08.43:680][542]LogModuleManager: Shutting down and abandoning module MaterialBaking (151)
[2018.04.25-08.08.43:680][542]LogModuleManager: Shutting down and abandoning module DerivedDataCache (148)
[2018.04.25-08.08.43:748][542]LogDerivedDataCache: Shutdown
[2018.04.25-08.08.43:748][542]LogModuleManager: Shutting down and abandoning module TargetPlatform (146)
[2018.04.25-08.08.43:748][542]LogModuleManager: Shutting down and abandoning module VulkanShaderFormat (145)
[2018.04.25-08.08.43:748][542]LogModuleManager: Shutting down and abandoning module ShaderFormatVectorVM (143)
[2018.04.25-08.08.43:748][542]LogModuleManager: Shutting down and abandoning module ShaderFormatOpenGL (141)
[2018.04.25-08.08.43:748][542]LogModuleManager: Shutting down and abandoning module ShaderFormatD3D (139)
[2018.04.25-08.08.43:748][542]LogModuleManager: Shutting down and abandoning module MetalShaderFormat (137)
[2018.04.25-08.08.43:748][542]LogModuleManager: Shutting down and abandoning module TextureFormatUncompressed (135)
[2018.04.25-08.08.43:748][542]LogModuleManager: Shutting down and abandoning module TextureFormatPVR (133)
[2018.04.25-08.08.43:748][542]LogModuleManager: Shutting down and abandoning module TextureFormatDXT (131)
[2018.04.25-08.08.43:748][542]LogModuleManager: Shutting down and abandoning module TextureFormatIntelISPCTexComp (129)
[2018.04.25-08.08.43:748][542]LogModuleManager: Shutting down and abandoning module TextureFormatASTC (127)
[2018.04.25-08.08.43:748][542]LogModuleManager: Shutting down and abandoning module ImageWrapper (126)
[2018.04.25-08.08.43:748][542]LogModuleManager: Shutting down and abandoning module TextureFormatAndroid (123)
[2018.04.25-08.08.43:748][542]LogModuleManager: Shutting down and abandoning module AudioFormatOpus (121)
[2018.04.25-08.08.43:748][542]LogModuleManager: Shutting down and abandoning module AudioFormatOgg (119)
[2018.04.25-08.08.43:749][542]LogModuleManager: Shutting down and abandoning module AudioFormatADPCM (117)
[2018.04.25-08.08.43:749][542]LogModuleManager: Shutting down and abandoning module LinuxTargetPlatform (115)
[2018.04.25-08.08.43:749][542]LogModuleManager: Shutting down and abandoning module LinuxServerTargetPlatform (113)
[2018.04.25-08.08.43:749][542]LogModuleManager: Shutting down and abandoning module LinuxNoEditorTargetPlatform (111)
[2018.04.25-08.08.43:749][542]LogModuleManager: Shutting down and abandoning module LinuxClientTargetPlatform (109)
[2018.04.25-08.08.43:749][542]LogModuleManager: Shutting down and abandoning module TVOSTargetPlatform (107)
[2018.04.25-08.08.43:749][542]LogModuleManager: Shutting down and abandoning module Messaging (105)
[2018.04.25-08.08.43:749][542]LogModuleManager: Shutting down and abandoning module IOSTargetPlatform (103)
[2018.04.25-08.08.43:749][542]LogModuleManager: Shutting down and abandoning module HTML5TargetPlatform (101)
[2018.04.25-08.08.43:749][542]LogModuleManager: Shutting down and abandoning module AndroidTargetPlatform (99)
[2018.04.25-08.08.43:749][542]LogModuleManager: Shutting down and abandoning module Android_PVRTCTargetPlatform (97)
[2018.04.25-08.08.43:749][542]LogModuleManager: Shutting down and abandoning module Android_MultiTargetPlatform (95)
[2018.04.25-08.08.43:749][542]LogModuleManager: Shutting down and abandoning module Android_ETC2TargetPlatform (93)
[2018.04.25-08.08.43:749][542]LogModuleManager: Shutting down and abandoning module Android_ETC1TargetPlatform (91)
[2018.04.25-08.08.43:749][542]LogModuleManager: Shutting down and abandoning module Android_DXTTargetPlatform (89)
[2018.04.25-08.08.43:749][542]LogModuleManager: Shutting down and abandoning module Android_ATCTargetPlatform (87)
[2018.04.25-08.08.43:749][542]LogModuleManager: Shutting down and abandoning module Android_ASTCTargetPlatform (85)
[2018.04.25-08.08.43:749][542]LogModuleManager: Shutting down and abandoning module WindowsTargetPlatform (83)
[2018.04.25-08.08.43:749][542]LogModuleManager: Shutting down and abandoning module WindowsServerTargetPlatform (81)
[2018.04.25-08.08.43:749][542]LogModuleManager: Shutting down and abandoning module WindowsNoEditorTargetPlatform (79)
[2018.04.25-08.08.43:749][542]LogModuleManager: Shutting down and abandoning module WindowsClientTargetPlatform (77)
[2018.04.25-08.08.43:749][542]LogModuleManager: Shutting down and abandoning module MacTargetPlatform (75)
[2018.04.25-08.08.43:749][542]LogModuleManager: Shutting down and abandoning module MacServerTargetPlatform (73)
[2018.04.25-08.08.43:749][542]LogModuleManager: Shutting down and abandoning module MacNoEditorTargetPlatform (71)
[2018.04.25-08.08.43:749][542]LogModuleManager: Shutting down and abandoning module MacClientTargetPlatform (69)
[2018.04.25-08.08.43:749][542]LogModuleManager: Shutting down and abandoning module AllDesktopTargetPlatform (67)
[2018.04.25-08.08.43:749][542]LogModuleManager: Shutting down and abandoning module InputCore (64)
[2018.04.25-08.08.43:749][542]LogModuleManager: Shutting down and abandoning module Settings (62)
[2018.04.25-08.08.43:749][542]LogModuleManager: Shutting down and abandoning module PhysXCooking (60)
[2018.04.25-08.08.43:749][542]LogModuleManager: Shutting down and abandoning module SteamVR (58)
[2018.04.25-08.08.43:749][542]LogModuleManager: Shutting down and abandoning module OculusHMD (56)
[2018.04.25-08.08.43:749][542]LogModuleManager: Shutting down and abandoning module ExampleDeviceProfileSelector (54)
[2018.04.25-08.08.43:749][542]LogModuleManager: Shutting down and abandoning module AppleARKit (52)
[2018.04.25-08.08.43:749][542]LogModuleManager: Shutting down and abandoning module AugmentedReality (51)
[2018.04.25-08.08.43:749][542]LogModuleManager: Shutting down and abandoning module OnlineBlueprintSupport (48)
[2018.04.25-08.08.43:749][542]LogModuleManager: Shutting down and abandoning module OnlineSubsystem (44)
[2018.04.25-08.08.43:749][542]LogModuleManager: Shutting down and abandoning module XMPP (43)
[2018.04.25-08.08.43:749][542]LogModuleManager: Shutting down and abandoning module HTTP (41)
[2018.04.25-08.08.43:749][542]LogHttp: Display: Http module shutting down, but needs to wait on 1 outstanding Http requests:
[2018.04.25-08.08.43:749][542]LogHttp: Display: 	verb=[POST] url=[https://datarouter.ol.epicgames.com/datarouter/api/v1/public/data?SessionID=%7B4219FA9C-4C23-114D-D59B-4EAB1501E610%7D&AppID=UEEditor.Rocket.Release&AppVersion=4.18.3-3832480%2B%2B%2BUE4%2BRelease-4.18&UserID=db43ce6a41ebff47d6a9d294ad3af8b1%7C0cc6c1275bef46e4a668b4810d6f3264%7C34b143f6-cd09-431a-8c45-01280f813e58&AppEnvironment=datacollector-binary&UploadType=eteventstream] status=Processing
[2018.04.25-08.08.43:762][542]LogModuleManager: Shutting down and abandoning module SSL (40)
[2018.04.25-08.08.43:763][542]LogModuleManager: Shutting down and abandoning module AnimationModifiers (36)
[2018.04.25-08.08.43:763][542]LogModuleManager: Shutting down and abandoning module PropertyEditor (35)
[2018.04.25-08.08.43:763][542]LogModuleManager: Shutting down and abandoning module AudioEditor (32)
[2018.04.25-08.08.43:763][542]LogModuleManager: Shutting down and abandoning module TextureCompressor (30)
[2018.04.25-08.08.43:763][542]LogModuleManager: Shutting down and abandoning module ShaderCore (28)
[2018.04.25-08.08.43:763][542]LogModuleManager: Shutting down and abandoning module Landscape (26)
[2018.04.25-08.08.43:763][542]LogModuleManager: Shutting down and abandoning module SlateRHIRenderer (24)
[2018.04.25-08.08.43:764][542]LogModuleManager: Shutting down and abandoning module OpenGLDrv (22)
[2018.04.25-08.08.43:764][542]LogModuleManager: Shutting down and abandoning module D3D11RHI (20)
[2018.04.25-08.08.43:764][542]LogModuleManager: Shutting down and abandoning module AnimGraphRuntime (18)
[2018.04.25-08.08.43:764][542]LogModuleManager: Shutting down and abandoning module Renderer (16)
[2018.04.25-08.08.43:764][542]LogModuleManager: Shutting down and abandoning module Engine (14)
[2018.04.25-08.08.43:764][542]LogModuleManager: Shutting down and abandoning module CoreUObject (12)
[2018.04.25-08.08.43:764][542]LogModuleManager: Shutting down and abandoning module NetworkFile (10)
[2018.04.25-08.08.43:764][542]LogModuleManager: Shutting down and abandoning module CookedIterativeFile (8)
[2018.04.25-08.08.43:764][542]LogModuleManager: Shutting down and abandoning module StreamingFile (6)
[2018.04.25-08.08.43:764][542]LogModuleManager: Shutting down and abandoning module SandboxFile (4)
[2018.04.25-08.08.43:764][542]LogModuleManager: Shutting down and abandoning module PakFile (2)
[2018.04.25-08.08.43:767][542]LogExit: Exiting.
[2018.04.25-08.08.43:779][542]Log file closed, 04/25/18 09:08:43
